[06/Dec/2017:09:47:59 +0000] - [fn logger] - ["init paths : /users/"]
[06/Dec/2017:09:47:59 +0000] - [fn logger] - ["C:\\Users\\Administrator\\publication"]
[06/Dec/2017:09:47:59 +0000] - [fn logger] - ["init paths : /users/login"]
[06/Dec/2017:09:47:59 +0000] - [fn logger] - ["init paths : /users/logout"]
[06/Dec/2017:09:47:59 +0000] - [fn logger] - ["init paths : /users/login"]
[06/Dec/2017:09:47:59 +0000] - [fn logger] - ["init paths : /news/mknews"]
[06/Dec/2017:09:47:59 +0000] - [fn logger] - ["init paths : /news/addNews"]
[06/Dec/2017:09:47:59 +0000] - [fn logger] - ["init paths : /gainInfo"]
[06/Dec/2017:09:47:59 +0000] - [fn logger] - ["init paths : /"]
[06/Dec/2017:09:47:59 +0000] - [fn logger] - ["init paths : /main"]
[06/Dec/2017:09:47:59 +0000] - [fn logger] - ["init paths : /reloadAuth"]
[06/Dec/2017:09:47:59 +0000] - [fn logger] - ["init paths : /filterLog"]
[06/Dec/2017:09:47:59 +0000] - [fn logger] - ["C:\\Users\\Administrator\\publication\\public\\html"]
::1 - - [06/Dec/2017:09:48:00 +0000] "GET / HTTP/1.1" 304 - "-" "Mozilla/5.0 (Windows NT 6.1; WOW64) AppleWebKit/537.36 (KHTML, like Gecko) Chrome/62.0.3202.94 Safari/537.36"
::1 - - [06/Dec/2017:09:48:00 +0000] "GET /stylesheets/style.css HTTP/1.1" 304 - "http://localhost:3000/" "Mozilla/5.0 (Windows NT 6.1; WOW64) AppleWebKit/537.36 (KHTML, like Gecko) Chrome/62.0.3202.94 Safari/537.36"
::1 - - [06/Dec/2017:09:48:00 +0000] "GET /javascripts/carouselfigure.js HTTP/1.1" 304 - "http://localhost:3000/" "Mozilla/5.0 (Windows NT 6.1; WOW64) AppleWebKit/537.36 (KHTML, like Gecko) Chrome/62.0.3202.94 Safari/537.36"
::1 - - [06/Dec/2017:09:48:00 +0000] "GET /javascripts/main.js HTTP/1.1" 304 - "http://localhost:3000/" "Mozilla/5.0 (Windows NT 6.1; WOW64) AppleWebKit/537.36 (KHTML, like Gecko) Chrome/62.0.3202.94 Safari/537.36"
[06/Dec/2017:09:48:00 +0000] - [fn logger] - ["/favicon.ico"]
::1 - - [06/Dec/2017:09:48:01 +0000] "GET /favicon.ico HTTP/1.1" 404 1299 "http://localhost:3000/" "Mozilla/5.0 (Windows NT 6.1; WOW64) AppleWebKit/537.36 (KHTML, like Gecko) Chrome/62.0.3202.94 Safari/537.36"
[06/Dec/2017:09:48:07 +0000] - [fn logger] - ["user.group:"]
[06/Dec/2017:09:48:07 +0000] - [fn logger] - [undefined]
[06/Dec/2017:09:48:07 +0000] - [fn logger] - [{"username":"admin","psw":"123","auths":{"/main":true,"/reloadAuth":true,"/news/mknews":true,"/gainInfo":true,"/favicon.ico":true,"/users/login":true,"/users/logout":true,"/":true,"/news/addNews":true,"/filterLog":true},"group":{"type":"admin","auths":{"/main":true,"/reloadAuth":true,"/news/mknews":true,"/gainInfo":true,"/favicon.ico":true,"/users/login":true,"/users/logout":true,"/":true,"/news/addNews":true,"/filterLog":true}},"authsVersion":0}]
::1 - - [06/Dec/2017:09:48:07 +0000] "POST /users/login HTTP/1.1" 302 54 "http://localhost:3000/" "Mozilla/5.0 (Windows NT 6.1; WOW64) AppleWebKit/537.36 (KHTML, like Gecko) Chrome/62.0.3202.94 Safari/537.36"
[06/Dec/2017:09:48:07 +0000] - [fn logger] - [{"/main":true,"/reloadAuth":true,"/news/mknews":true,"/gainInfo":true,"/favicon.ico":true,"/users/login":true,"/users/logout":true,"/":true,"/news/addNews":true,"/filterLog":true}]
::1 - - [06/Dec/2017:09:48:07 +0000] "GET /main HTTP/1.1" 304 - "http://localhost:3000/" "Mozilla/5.0 (Windows NT 6.1; WOW64) AppleWebKit/537.36 (KHTML, like Gecko) Chrome/62.0.3202.94 Safari/537.36"
::1 - - [06/Dec/2017:09:48:07 +0000] "GET /stylesheets/style.css HTTP/1.1" 304 - "http://localhost:3000/main" "Mozilla/5.0 (Windows NT 6.1; WOW64) AppleWebKit/537.36 (KHTML, like Gecko) Chrome/62.0.3202.94 Safari/537.36"
::1 - - [06/Dec/2017:09:48:07 +0000] "GET /javascripts/carouselfigure.js HTTP/1.1" 304 - "http://localhost:3000/main" "Mozilla/5.0 (Windows NT 6.1; WOW64) AppleWebKit/537.36 (KHTML, like Gecko) Chrome/62.0.3202.94 Safari/537.36"
::1 - - [06/Dec/2017:09:48:07 +0000] "GET /javascripts/main.js HTTP/1.1" 304 - "http://localhost:3000/main" "Mozilla/5.0 (Windows NT 6.1; WOW64) AppleWebKit/537.36 (KHTML, like Gecko) Chrome/62.0.3202.94 Safari/537.36"
[06/Dec/2017:09:48:25 +0000] - [fn logger] - [{"/main":true,"/reloadAuth":true,"/news/mknews":true,"/gainInfo":true,"/favicon.ico":true,"/users/login":true,"/users/logout":true,"/":true,"/news/addNews":true,"/filterLog":true}]
[06/Dec/2017:09:48:25 +0000] - [fn logger] - [{"public":{"/favicon.ico":true,"/users/login":true,"/users/logout":true,"/":true,"/main":true,"/news/addNews":true,"/filterLog":true},"admin":{"/main":true,"/reloadAuth":true,"/news/mknews":true,"/gainInfo":true,"/favicon.ico":true,"/users/login":true,"/users/logout":true,"/":true,"/news/addNews":true,"/filterLog":true}}]
[06/Dec/2017:09:48:25 +0000] - [fn logger] - ["<<<<_____before"]
[06/Dec/2017:09:48:25 +0000] - [fn logger] - [{"public":{"/favicon.ico":true,"/users/login":true,"/users/logout":true,"/":true,"/main":true,"/news/addNews":true,"/filterLog":true},"admin":{"/main":true,"/reloadAuth":true,"/gainInfo":true,"/favicon.ico":true,"/users/login":true,"/users/logout":true,"/":true,"/news/addNews":true,"/filterLog":true}}]
[06/Dec/2017:09:48:25 +0000] - [fn logger] - ["<<<<_____after"]
::1 - - [06/Dec/2017:09:48:25 +0000] "GET /reloadAuth HTTP/1.1" 304 - "-" "Mozilla/5.0 (Windows NT 6.1; WOW64) AppleWebKit/537.36 (KHTML, like Gecko) Chrome/62.0.3202.94 Safari/537.36"
::1 - - [06/Dec/2017:09:48:25 +0000] "GET /stylesheets/style.css HTTP/1.1" 304 - "http://localhost:3000/reloadAuth" "Mozilla/5.0 (Windows NT 6.1; WOW64) AppleWebKit/537.36 (KHTML, like Gecko) Chrome/62.0.3202.94 Safari/537.36"
::1 - - [06/Dec/2017:09:48:25 +0000] "GET /javascripts/carouselfigure.js HTTP/1.1" 304 - "http://localhost:3000/reloadAuth" "Mozilla/5.0 (Windows NT 6.1; WOW64) AppleWebKit/537.36 (KHTML, like Gecko) Chrome/62.0.3202.94 Safari/537.36"
::1 - - [06/Dec/2017:09:48:25 +0000] "GET /javascripts/main.js HTTP/1.1" 304 - "http://localhost:3000/reloadAuth" "Mozilla/5.0 (Windows NT 6.1; WOW64) AppleWebKit/537.36 (KHTML, like Gecko) Chrome/62.0.3202.94 Safari/537.36"
[06/Dec/2017:09:48:55 +0000] - [fn logger] - ["user before update:"]
[06/Dec/2017:09:48:55 +0000] - [fn logger] - [{"username":"admin","psw":"123","auths":{"/main":true,"/reloadAuth":true,"/news/mknews":true,"/gainInfo":true,"/favicon.ico":true,"/users/login":true,"/users/logout":true,"/":true,"/news/addNews":true,"/filterLog":true},"group":{"type":"admin","auths":{"/main":true,"/reloadAuth":true,"/news/mknews":true,"/gainInfo":true,"/favicon.ico":true,"/users/login":true,"/users/logout":true,"/":true,"/news/addNews":true,"/filterLog":true}},"authsVersion":0}]
[06/Dec/2017:09:48:55 +0000] - [fn logger] - ["user.group:"]
[06/Dec/2017:09:48:55 +0000] - [fn logger] - [{"type":"admin","auths":{"/main":true,"/reloadAuth":true,"/news/mknews":true,"/gainInfo":true,"/favicon.ico":true,"/users/login":true,"/users/logout":true,"/":true,"/news/addNews":true,"/filterLog":true}}]
[06/Dec/2017:09:48:55 +0000] - [fn logger] - ["user updated:"]
[06/Dec/2017:09:48:55 +0000] - [fn logger] - ["{\"username\":\"admin\",\"psw\":\"123\",\"auths\":{\"/main\":true,\"/reloadAuth\":true,\"/gainInfo\":true,\"/favicon.ico\":true,\"/users/login\":true,\"/users/logout\":true,\"/\":true,\"/news/addNews\":true,\"/filterLog\":true},\"group\":{\"type\":\"admin\",\"auths\":{\"/main\":true,\"/reloadAuth\":true,\"/gainInfo\":true,\"/favicon.ico\":true,\"/users/login\":true,\"/users/logout\":true,\"/\":true,\"/news/addNews\":true,\"/filterLog\":true}},\"authsVersion\":1}"]
[06/Dec/2017:09:48:55 +0000] - [fn logger] - [{"/main":true,"/reloadAuth":true,"/gainInfo":true,"/favicon.ico":true,"/users/login":true,"/users/logout":true,"/":true,"/news/addNews":true,"/filterLog":true}]
[06/Dec/2017:09:48:55 +0000] - [fn logger] - ["admin has no auth to access /news/mknews"]
::1 - - [06/Dec/2017:09:48:55 +0000] "GET /news/mknews HTTP/1.1" 302 46 "-" "Mozilla/5.0 (Windows NT 6.1; WOW64) AppleWebKit/537.36 (KHTML, like Gecko) Chrome/62.0.3202.94 Safari/537.36"
::1 - - [06/Dec/2017:09:48:55 +0000] "GET / HTTP/1.1" 304 - "-" "Mozilla/5.0 (Windows NT 6.1; WOW64) AppleWebKit/537.36 (KHTML, like Gecko) Chrome/62.0.3202.94 Safari/537.36"
::1 - - [06/Dec/2017:09:48:55 +0000] "GET /stylesheets/style.css HTTP/1.1" 304 - "http://localhost:3000/" "Mozilla/5.0 (Windows NT 6.1; WOW64) AppleWebKit/537.36 (KHTML, like Gecko) Chrome/62.0.3202.94 Safari/537.36"
::1 - - [06/Dec/2017:09:48:55 +0000] "GET /javascripts/carouselfigure.js HTTP/1.1" 304 - "http://localhost:3000/" "Mozilla/5.0 (Windows NT 6.1; WOW64) AppleWebKit/537.36 (KHTML, like Gecko) Chrome/62.0.3202.94 Safari/537.36"
::1 - - [06/Dec/2017:09:48:55 +0000] "GET /javascripts/main.js HTTP/1.1" 304 - "http://localhost:3000/" "Mozilla/5.0 (Windows NT 6.1; WOW64) AppleWebKit/537.36 (KHTML, like Gecko) Chrome/62.0.3202.94 Safari/537.36"
[06/Dec/2017:09:49:10 +0000] - [fn logger] - [{"/main":true,"/reloadAuth":true,"/gainInfo":true,"/favicon.ico":true,"/users/login":true,"/users/logout":true,"/":true,"/news/addNews":true,"/filterLog":true}]
[06/Dec/2017:09:49:10 +0000] - [fn logger] - [{"public":{"/favicon.ico":true,"/users/login":true,"/users/logout":true,"/":true,"/main":true,"/news/addNews":true,"/filterLog":true},"admin":{"/main":true,"/reloadAuth":true,"/gainInfo":true,"/favicon.ico":true,"/users/login":true,"/users/logout":true,"/":true,"/news/addNews":true,"/filterLog":true}}]
[06/Dec/2017:09:49:10 +0000] - [fn logger] - ["<<<<_____before"]
[06/Dec/2017:09:49:10 +0000] - [fn logger] - [{"public":{"/favicon.ico":true,"/users/login":true,"/users/logout":true,"/":true,"/main":true,"/news/addNews":true,"/filterLog":true},"admin":{"/main":true,"/reloadAuth":true,"/news/mknews":true,"/gainInfo":true,"/favicon.ico":true,"/users/login":true,"/users/logout":true,"/":true,"/news/addNews":true,"/filterLog":true}}]
[06/Dec/2017:09:49:10 +0000] - [fn logger] - ["<<<<_____after"]
::1 - - [06/Dec/2017:09:49:10 +0000] "GET /reloadAuth HTTP/1.1" 304 - "-" "Mozilla/5.0 (Windows NT 6.1; WOW64) AppleWebKit/537.36 (KHTML, like Gecko) Chrome/62.0.3202.94 Safari/537.36"
::1 - - [06/Dec/2017:09:49:10 +0000] "GET /stylesheets/style.css HTTP/1.1" 304 - "http://localhost:3000/reloadAuth" "Mozilla/5.0 (Windows NT 6.1; WOW64) AppleWebKit/537.36 (KHTML, like Gecko) Chrome/62.0.3202.94 Safari/537.36"
::1 - - [06/Dec/2017:09:49:10 +0000] "GET /javascripts/carouselfigure.js HTTP/1.1" 304 - "http://localhost:3000/reloadAuth" "Mozilla/5.0 (Windows NT 6.1; WOW64) AppleWebKit/537.36 (KHTML, like Gecko) Chrome/62.0.3202.94 Safari/537.36"
::1 - - [06/Dec/2017:09:49:10 +0000] "GET /javascripts/main.js HTTP/1.1" 304 - "http://localhost:3000/reloadAuth" "Mozilla/5.0 (Windows NT 6.1; WOW64) AppleWebKit/537.36 (KHTML, like Gecko) Chrome/62.0.3202.94 Safari/537.36"
[06/Dec/2017:09:49:14 +0000] - [fn logger] - ["user before update:"]
[06/Dec/2017:09:49:14 +0000] - [fn logger] - [{"username":"admin","psw":"123","auths":{"/main":true,"/reloadAuth":true,"/gainInfo":true,"/favicon.ico":true,"/users/login":true,"/users/logout":true,"/":true,"/news/addNews":true,"/filterLog":true},"group":{"type":"admin","auths":{"/main":true,"/reloadAuth":true,"/gainInfo":true,"/favicon.ico":true,"/users/login":true,"/users/logout":true,"/":true,"/news/addNews":true,"/filterLog":true}},"authsVersion":1}]
[06/Dec/2017:09:49:14 +0000] - [fn logger] - ["user.group:"]
[06/Dec/2017:09:49:14 +0000] - [fn logger] - [{"type":"admin","auths":{"/main":true,"/reloadAuth":true,"/gainInfo":true,"/favicon.ico":true,"/users/login":true,"/users/logout":true,"/":true,"/news/addNews":true,"/filterLog":true}}]
[06/Dec/2017:09:49:14 +0000] - [fn logger] - ["user updated:"]
[06/Dec/2017:09:49:14 +0000] - [fn logger] - ["{\"username\":\"admin\",\"psw\":\"123\",\"auths\":{\"/main\":true,\"/reloadAuth\":true,\"/news/mknews\":true,\"/gainInfo\":true,\"/favicon.ico\":true,\"/users/login\":true,\"/users/logout\":true,\"/\":true,\"/news/addNews\":true,\"/filterLog\":true},\"group\":{\"type\":\"admin\",\"auths\":{\"/main\":true,\"/reloadAuth\":true,\"/news/mknews\":true,\"/gainInfo\":true,\"/favicon.ico\":true,\"/users/login\":true,\"/users/logout\":true,\"/\":true,\"/news/addNews\":true,\"/filterLog\":true}},\"authsVersion\":2}"]
[06/Dec/2017:09:49:14 +0000] - [fn logger] - [{"/main":true,"/reloadAuth":true,"/news/mknews":true,"/gainInfo":true,"/favicon.ico":true,"/users/login":true,"/users/logout":true,"/":true,"/news/addNews":true,"/filterLog":true}]
::1 - - [06/Dec/2017:09:49:14 +0000] "GET /news/mknews HTTP/1.1" 200 792 "-" "Mozilla/5.0 (Windows NT 6.1; WOW64) AppleWebKit/537.36 (KHTML, like Gecko) Chrome/62.0.3202.94 Safari/537.36"
::1 - - [06/Dec/2017:09:49:14 +0000] "GET /stylesheets/style.css HTTP/1.1" 304 - "http://localhost:3000/news/mknews" "Mozilla/5.0 (Windows NT 6.1; WOW64) AppleWebKit/537.36 (KHTML, like Gecko) Chrome/62.0.3202.94 Safari/537.36"
::1 - - [06/Dec/2017:09:51:10 +0000] "GET /html/news/20171123/20171123_1.html HTTP/1.1" 200 1071 "-" "Mozilla/5.0 (Windows NT 6.1; WOW64) AppleWebKit/537.36 (KHTML, like Gecko) Chrome/62.0.3202.94 Safari/537.36"
::1 - - [06/Dec/2017:09:51:10 +0000] "GET /stylesheets/style.css HTTP/1.1" 304 - "http://localhost:3000/html/news/20171123/20171123_1.html" "Mozilla/5.0 (Windows NT 6.1; WOW64) AppleWebKit/537.36 (KHTML, like Gecko) Chrome/62.0.3202.94 Safari/537.36"
::1 - - [06/Dec/2017:09:51:28 +0000] "GET /stylesheets/style.css HTTP/1.1" 304 - "http://localhost:3000/html/news/20171123/20171123_1.html" "Mozilla/5.0 (Windows NT 6.1; WOW64) AppleWebKit/537.36 (KHTML, like Gecko) Chrome/62.0.3202.94 Safari/537.36"
[06/Dec/2017:09:53:00 +0000] - [fn logger] - [{"/main":true,"/reloadAuth":true,"/news/mknews":true,"/gainInfo":true,"/favicon.ico":true,"/users/login":true,"/users/logout":true,"/":true,"/news/addNews":true,"/filterLog":true}]
::1 - - [06/Dec/2017:09:53:00 +0000] "GET /news/mknews HTTP/1.1" 304 - "-" "Mozilla/5.0 (Windows NT 6.1; WOW64) AppleWebKit/537.36 (KHTML, like Gecko) Chrome/62.0.3202.94 Safari/537.36"
::1 - - [06/Dec/2017:09:53:01 +0000] "GET /stylesheets/style.css HTTP/1.1" 304 - "http://localhost:3000/news/mknews" "Mozilla/5.0 (Windows NT 6.1; WOW64) AppleWebKit/537.36 (KHTML, like Gecko) Chrome/62.0.3202.94 Safari/537.36"
::1 - - [06/Dec/2017:09:53:04 +0000] "GET /html/news/20171123/20171123_1.html HTTP/1.1" 200 1071 "-" "Mozilla/5.0 (iPhone; CPU iPhone OS 9_1 like Mac OS X) AppleWebKit/601.1.46 (KHTML, like Gecko) Version/9.0 Mobile/13B143 Safari/601.1"
::1 - - [06/Dec/2017:09:53:04 +0000] "GET /stylesheets/style.css HTTP/1.1" 304 - "http://localhost:3000/html/news/20171123/20171123_1.html" "Mozilla/5.0 (iPhone; CPU iPhone OS 9_1 like Mac OS X) AppleWebKit/601.1.46 (KHTML, like Gecko) Version/9.0 Mobile/13B143 Safari/601.1"
::1 - - [06/Dec/2017:09:53:06 +0000] "GET /html/news/20171123/20171123_1.html HTTP/1.1" 304 - "-" "Mozilla/5.0 (iPhone; CPU iPhone OS 9_1 like Mac OS X) AppleWebKit/601.1.46 (KHTML, like Gecko) Version/9.0 Mobile/13B143 Safari/601.1"
::1 - - [06/Dec/2017:09:53:06 +0000] "GET /stylesheets/style.css HTTP/1.1" 304 - "http://localhost:3000/html/news/20171123/20171123_1.html" "Mozilla/5.0 (iPhone; CPU iPhone OS 9_1 like Mac OS X) AppleWebKit/601.1.46 (KHTML, like Gecko) Version/9.0 Mobile/13B143 Safari/601.1"
::1 - - [06/Dec/2017:09:53:35 +0000] "GET /html/news/20171123/20171123_1.html HTTP/1.1" 304 - "-" "Mozilla/5.0 (iPhone; CPU iPhone OS 9_1 like Mac OS X) AppleWebKit/601.1.46 (KHTML, like Gecko) Version/9.0 Mobile/13B143 Safari/601.1"
::1 - - [06/Dec/2017:09:53:35 +0000] "GET /stylesheets/style.css HTTP/1.1" 304 - "http://localhost:3000/html/news/20171123/20171123_1.html" "Mozilla/5.0 (iPhone; CPU iPhone OS 9_1 like Mac OS X) AppleWebKit/601.1.46 (KHTML, like Gecko) Version/9.0 Mobile/13B143 Safari/601.1"
::1 - - [06/Dec/2017:09:53:39 +0000] "GET /html/news/20171123/20171123_1.html HTTP/1.1" 304 - "-" "Mozilla/5.0 (iPhone; CPU iPhone OS 9_1 like Mac OS X) AppleWebKit/601.1.46 (KHTML, like Gecko) Version/9.0 Mobile/13B143 Safari/601.1"
::1 - - [06/Dec/2017:09:53:39 +0000] "GET /stylesheets/style.css HTTP/1.1" 304 - "http://localhost:3000/html/news/20171123/20171123_1.html" "Mozilla/5.0 (iPhone; CPU iPhone OS 9_1 like Mac OS X) AppleWebKit/601.1.46 (KHTML, like Gecko) Version/9.0 Mobile/13B143 Safari/601.1"
::1 - - [06/Dec/2017:09:53:50 +0000] "GET /html/news/20171123/20171123_1.html HTTP/1.1" 200 1071 "-" "Mozilla/5.0 (iPhone; CPU iPhone OS 9_1 like Mac OS X) AppleWebKit/601.1.46 (KHTML, like Gecko) Version/9.0 Mobile/13B143 Safari/601.1"
::1 - - [06/Dec/2017:09:53:50 +0000] "GET /stylesheets/style.css HTTP/1.1" 200 3554 "http://localhost:3000/html/news/20171123/20171123_1.html" "Mozilla/5.0 (iPhone; CPU iPhone OS 9_1 like Mac OS X) AppleWebKit/601.1.46 (KHTML, like Gecko) Version/9.0 Mobile/13B143 Safari/601.1"
[06/Dec/2017:09:54:05 +0000] - [fn logger] - [{"/main":true,"/reloadAuth":true,"/news/mknews":true,"/gainInfo":true,"/favicon.ico":true,"/users/login":true,"/users/logout":true,"/":true,"/news/addNews":true,"/filterLog":true}]
::1 - - [06/Dec/2017:09:54:05 +0000] "GET /news/mknews HTTP/1.1" 200 792 "-" "Mozilla/5.0 (Windows NT 6.1; WOW64) AppleWebKit/537.36 (KHTML, like Gecko) Chrome/62.0.3202.94 Safari/537.36"
::1 - - [06/Dec/2017:09:54:05 +0000] "GET /stylesheets/style.css HTTP/1.1" 304 - "http://localhost:3000/news/mknews" "Mozilla/5.0 (Windows NT 6.1; WOW64) AppleWebKit/537.36 (KHTML, like Gecko) Chrome/62.0.3202.94 Safari/537.36"
[06/Dec/2017:09:55:11 +0000] - [fn logger] - ["init paths : /users/"]
[06/Dec/2017:09:55:11 +0000] - [fn logger] - ["C:\\Users\\Administrator\\publication"]
[06/Dec/2017:09:55:11 +0000] - [fn logger] - ["init paths : /users/login"]
[06/Dec/2017:09:55:11 +0000] - [fn logger] - ["init paths : /users/logout"]
[06/Dec/2017:09:55:11 +0000] - [fn logger] - ["init paths : /users/login"]
[06/Dec/2017:09:55:11 +0000] - [fn logger] - ["init paths : /news/mknews"]
[06/Dec/2017:09:55:11 +0000] - [fn logger] - ["init paths : /news/addNews"]
[06/Dec/2017:09:55:11 +0000] - [fn logger] - ["init paths : /gainInfo"]
[06/Dec/2017:09:55:11 +0000] - [fn logger] - ["init paths : /"]
[06/Dec/2017:09:55:11 +0000] - [fn logger] - ["init paths : /main"]
[06/Dec/2017:09:55:11 +0000] - [fn logger] - ["init paths : /reloadAuth"]
[06/Dec/2017:09:55:11 +0000] - [fn logger] - ["init paths : /filterLog"]
[06/Dec/2017:09:55:11 +0000] - [fn logger] - ["C:\\Users\\Administrator\\publication\\public\\html"]
::1 - - [06/Dec/2017:09:55:13 +0000] "GET / HTTP/1.1" 200 3126 "-" "Mozilla/5.0 (Windows NT 6.1; WOW64) AppleWebKit/537.36 (KHTML, like Gecko) Chrome/62.0.3202.94 Safari/537.36"
::1 - - [06/Dec/2017:09:55:13 +0000] "GET /stylesheets/style.css HTTP/1.1" 304 - "http://localhost:3000/" "Mozilla/5.0 (Windows NT 6.1; WOW64) AppleWebKit/537.36 (KHTML, like Gecko) Chrome/62.0.3202.94 Safari/537.36"
::1 - - [06/Dec/2017:09:55:13 +0000] "GET /javascripts/carouselfigure.js HTTP/1.1" 200 2538 "http://localhost:3000/" "Mozilla/5.0 (Windows NT 6.1; WOW64) AppleWebKit/537.36 (KHTML, like Gecko) Chrome/62.0.3202.94 Safari/537.36"
::1 - - [06/Dec/2017:09:55:13 +0000] "GET /javascripts/main.js HTTP/1.1" 200 9120 "http://localhost:3000/" "Mozilla/5.0 (Windows NT 6.1; WOW64) AppleWebKit/537.36 (KHTML, like Gecko) Chrome/62.0.3202.94 Safari/537.36"
::1 - - [06/Dec/2017:09:55:16 +0000] "GET /news/mknews HTTP/1.1" 302 68 "-" "Mozilla/5.0 (Windows NT 6.1; WOW64) AppleWebKit/537.36 (KHTML, like Gecko) Chrome/62.0.3202.94 Safari/537.36"
::1 - - [06/Dec/2017:09:55:17 +0000] "GET /users/login HTTP/1.1" 200 330 "-" "Mozilla/5.0 (Windows NT 6.1; WOW64) AppleWebKit/537.36 (KHTML, like Gecko) Chrome/62.0.3202.94 Safari/537.36"
::1 - - [06/Dec/2017:09:55:17 +0000] "GET /stylesheets/style.css HTTP/1.1" 304 - "http://localhost:3000/users/login" "Mozilla/5.0 (Windows NT 6.1; WOW64) AppleWebKit/537.36 (KHTML, like Gecko) Chrome/62.0.3202.94 Safari/537.36"
[06/Dec/2017:09:55:21 +0000] - [fn logger] - ["user.group:"]
[06/Dec/2017:09:55:21 +0000] - [fn logger] - [undefined]
[06/Dec/2017:09:55:21 +0000] - [fn logger] - [{"username":"admin","psw":"123","auths":{"/main":true,"/reloadAuth":true,"/news/mknews":true,"/gainInfo":true,"/favicon.ico":true,"/users/login":true,"/users/logout":true,"/":true,"/news/addNews":true,"/filterLog":true},"group":{"type":"admin","auths":{"/main":true,"/reloadAuth":true,"/news/mknews":true,"/gainInfo":true,"/favicon.ico":true,"/users/login":true,"/users/logout":true,"/":true,"/news/addNews":true,"/filterLog":true}},"authsVersion":0}]
::1 - - [06/Dec/2017:09:55:21 +0000] "POST /users/login HTTP/1.1" 302 54 "http://localhost:3000/users/login" "Mozilla/5.0 (Windows NT 6.1; WOW64) AppleWebKit/537.36 (KHTML, like Gecko) Chrome/62.0.3202.94 Safari/537.36"
[06/Dec/2017:09:55:21 +0000] - [fn logger] - [{"/main":true,"/reloadAuth":true,"/news/mknews":true,"/gainInfo":true,"/favicon.ico":true,"/users/login":true,"/users/logout":true,"/":true,"/news/addNews":true,"/filterLog":true}]
::1 - - [06/Dec/2017:09:55:22 +0000] "GET /main HTTP/1.1" 200 2836 "http://localhost:3000/users/login" "Mozilla/5.0 (Windows NT 6.1; WOW64) AppleWebKit/537.36 (KHTML, like Gecko) Chrome/62.0.3202.94 Safari/537.36"
::1 - - [06/Dec/2017:09:55:22 +0000] "GET /stylesheets/style.css HTTP/1.1" 304 - "http://localhost:3000/main" "Mozilla/5.0 (Windows NT 6.1; WOW64) AppleWebKit/537.36 (KHTML, like Gecko) Chrome/62.0.3202.94 Safari/537.36"
::1 - - [06/Dec/2017:09:55:22 +0000] "GET /javascripts/carouselfigure.js HTTP/1.1" 304 - "http://localhost:3000/main" "Mozilla/5.0 (Windows NT 6.1; WOW64) AppleWebKit/537.36 (KHTML, like Gecko) Chrome/62.0.3202.94 Safari/537.36"
::1 - - [06/Dec/2017:09:55:22 +0000] "GET /javascripts/main.js HTTP/1.1" 304 - "http://localhost:3000/main" "Mozilla/5.0 (Windows NT 6.1; WOW64) AppleWebKit/537.36 (KHTML, like Gecko) Chrome/62.0.3202.94 Safari/537.36"
[06/Dec/2017:09:55:24 +0000] - [fn logger] - [{"/main":true,"/reloadAuth":true,"/news/mknews":true,"/gainInfo":true,"/favicon.ico":true,"/users/login":true,"/users/logout":true,"/":true,"/news/addNews":true,"/filterLog":true}]
::1 - - [06/Dec/2017:09:55:25 +0000] "GET /news/mknews HTTP/1.1" 200 792 "-" "Mozilla/5.0 (Windows NT 6.1; WOW64) AppleWebKit/537.36 (KHTML, like Gecko) Chrome/62.0.3202.94 Safari/537.36"
::1 - - [06/Dec/2017:09:55:25 +0000] "GET /stylesheets/style.css HTTP/1.1" 304 - "http://localhost:3000/news/mknews" "Mozilla/5.0 (Windows NT 6.1; WOW64) AppleWebKit/537.36 (KHTML, like Gecko) Chrome/62.0.3202.94 Safari/537.36"
::1 - - [06/Dec/2017:09:55:27 +0000] "GET /html/news/20171123/20171123_1.html HTTP/1.1" 200 1180 "-" "Mozilla/5.0 (iPhone; CPU iPhone OS 9_1 like Mac OS X) AppleWebKit/601.1.46 (KHTML, like Gecko) Version/9.0 Mobile/13B143 Safari/601.1"
::1 - - [06/Dec/2017:09:55:27 +0000] "GET /stylesheets/style.css HTTP/1.1" 304 - "http://localhost:3000/html/news/20171123/20171123_1.html" "Mozilla/5.0 (iPhone; CPU iPhone OS 9_1 like Mac OS X) AppleWebKit/601.1.46 (KHTML, like Gecko) Version/9.0 Mobile/13B143 Safari/601.1"
::1 - - [06/Dec/2017:09:55:40 +0000] "GET /stylesheets/style.css HTTP/1.1" 304 - "http://localhost:3000/html/news/20171123/20171123_1.html" "Mozilla/5.0 (Windows NT 6.1; WOW64) AppleWebKit/537.36 (KHTML, like Gecko) Chrome/62.0.3202.94 Safari/537.36"
::1 - - [06/Dec/2017:09:59:46 +0000] "GET /html/news/20171123/20171123_1.html HTTP/1.1" 304 - "-" "Mozilla/5.0 (Windows NT 6.1; WOW64) AppleWebKit/537.36 (KHTML, like Gecko) Chrome/62.0.3202.94 Safari/537.36"
::1 - - [06/Dec/2017:09:59:46 +0000] "GET /stylesheets/style.css HTTP/1.1" 200 3574 "http://localhost:3000/html/news/20171123/20171123_1.html" "Mozilla/5.0 (Windows NT 6.1; WOW64) AppleWebKit/537.36 (KHTML, like Gecko) Chrome/62.0.3202.94 Safari/537.36"
::1 - - [06/Dec/2017:10:00:11 +0000] "GET /html/news/20171123/20171123_1.html HTTP/1.1" 304 - "-" "Mozilla/5.0 (Linux; Android 5.0; SM-G900P Build/LRX21T) AppleWebKit/537.36 (KHTML, like Gecko) Chrome/62.0.3202.94 Mobile Safari/537.36"
::1 - - [06/Dec/2017:10:00:11 +0000] "GET /stylesheets/style.css HTTP/1.1" 200 3594 "http://localhost:3000/html/news/20171123/20171123_1.html" "Mozilla/5.0 (Linux; Android 5.0; SM-G900P Build/LRX21T) AppleWebKit/537.36 (KHTML, like Gecko) Chrome/62.0.3202.94 Mobile Safari/537.36"
::1 - - [06/Dec/2017:10:00:31 +0000] "GET /html/news/20171123/20171123_1.html HTTP/1.1" 304 - "-" "Mozilla/5.0 (Linux; Android 5.0; SM-G900P Build/LRX21T) AppleWebKit/537.36 (KHTML, like Gecko) Chrome/62.0.3202.94 Mobile Safari/537.36"
::1 - - [06/Dec/2017:10:00:31 +0000] "GET /stylesheets/style.css HTTP/1.1" 200 3614 "http://localhost:3000/html/news/20171123/20171123_1.html" "Mozilla/5.0 (Linux; Android 5.0; SM-G900P Build/LRX21T) AppleWebKit/537.36 (KHTML, like Gecko) Chrome/62.0.3202.94 Mobile Safari/537.36"
::1 - - [06/Dec/2017:10:01:40 +0000] "GET /html/news/20171123/20171123_1.html HTTP/1.1" 304 - "-" "Mozilla/5.0 (Linux; Android 6.0; Nexus 5 Build/MRA58N) AppleWebKit/537.36 (KHTML, like Gecko) Chrome/62.0.3202.94 Mobile Safari/537.36"
::1 - - [06/Dec/2017:10:01:40 +0000] "GET /stylesheets/style.css HTTP/1.1" 200 3631 "http://localhost:3000/html/news/20171123/20171123_1.html" "Mozilla/5.0 (Linux; Android 6.0; Nexus 5 Build/MRA58N) AppleWebKit/537.36 (KHTML, like Gecko) Chrome/62.0.3202.94 Mobile Safari/537.36"
::1 - - [06/Dec/2017:10:02:16 +0000] "GET /html/news/20171123/20171123_1.html HTTP/1.1" 304 - "-" "Mozilla/5.0 (Linux; Android 6.0; Nexus 5 Build/MRA58N) AppleWebKit/537.36 (KHTML, like Gecko) Chrome/62.0.3202.94 Mobile Safari/537.36"
::1 - - [06/Dec/2017:10:02:16 +0000] "GET /stylesheets/style.css HTTP/1.1" 200 3631 "http://localhost:3000/html/news/20171123/20171123_1.html" "Mozilla/5.0 (Linux; Android 6.0; Nexus 5 Build/MRA58N) AppleWebKit/537.36 (KHTML, like Gecko) Chrome/62.0.3202.94 Mobile Safari/537.36"
::1 - - [06/Dec/2017:10:02:58 +0000] "GET /html/news/20171123/20171123_1.html HTTP/1.1" 304 - "-" "Mozilla/5.0 (Linux; Android 6.0; Nexus 5 Build/MRA58N) AppleWebKit/537.36 (KHTML, like Gecko) Chrome/62.0.3202.94 Mobile Safari/537.36"
::1 - - [06/Dec/2017:10:02:58 +0000] "GET /stylesheets/style.css HTTP/1.1" 304 - "http://localhost:3000/html/news/20171123/20171123_1.html" "Mozilla/5.0 (Linux; Android 6.0; Nexus 5 Build/MRA58N) AppleWebKit/537.36 (KHTML, like Gecko) Chrome/62.0.3202.94 Mobile Safari/537.36"
::1 - - [06/Dec/2017:10:03:59 +0000] "GET /html/news/20171123/20171123_1.html HTTP/1.1" 304 - "-" "Mozilla/5.0 (Linux; Android 6.0; Nexus 5 Build/MRA58N) AppleWebKit/537.36 (KHTML, like Gecko) Chrome/62.0.3202.94 Mobile Safari/537.36"
::1 - - [06/Dec/2017:10:03:59 +0000] "GET /stylesheets/style.css HTTP/1.1" 200 3653 "http://localhost:3000/html/news/20171123/20171123_1.html" "Mozilla/5.0 (Linux; Android 6.0; Nexus 5 Build/MRA58N) AppleWebKit/537.36 (KHTML, like Gecko) Chrome/62.0.3202.94 Mobile Safari/537.36"
[06/Dec/2017:10:05:24 +0000] - [fn logger] - [{"/main":true,"/reloadAuth":true,"/news/mknews":true,"/gainInfo":true,"/favicon.ico":true,"/users/login":true,"/users/logout":true,"/":true,"/news/addNews":true,"/filterLog":true}]
[06/Dec/2017:10:05:24 +0000] - [fn logger] - ["/news/addNews"]
::1 - - [06/Dec/2017:10:05:24 +0000] "GET /news/addNews HTTP/1.1" 404 1299 "-" "Mozilla/5.0 (Windows NT 6.1; WOW64) AppleWebKit/537.36 (KHTML, like Gecko) Chrome/62.0.3202.94 Safari/537.36"
::1 - - [06/Dec/2017:10:05:24 +0000] "GET /stylesheets/style.css HTTP/1.1" 200 3653 "http://localhost:3000/news/addNews" "Mozilla/5.0 (Windows NT 6.1; WOW64) AppleWebKit/537.36 (KHTML, like Gecko) Chrome/62.0.3202.94 Safari/537.36"
[06/Dec/2017:10:11:48 +0000] - [fn logger] - [{"/main":true,"/reloadAuth":true,"/news/mknews":true,"/gainInfo":true,"/favicon.ico":true,"/users/login":true,"/users/logout":true,"/":true,"/news/addNews":true,"/filterLog":true}]
[06/Dec/2017:10:11:48 +0000] - [fn logger] - ["/news/addNews"]
::1 - - [06/Dec/2017:10:11:48 +0000] "GET /news/addNews HTTP/1.1" 404 1299 "-" "Mozilla/5.0 (Windows NT 6.1; WOW64) AppleWebKit/537.36 (KHTML, like Gecko) Chrome/62.0.3202.94 Safari/537.36"
::1 - - [06/Dec/2017:10:11:48 +0000] "GET /stylesheets/style.css HTTP/1.1" 304 - "http://localhost:3000/news/addNews" "Mozilla/5.0 (Windows NT 6.1; WOW64) AppleWebKit/537.36 (KHTML, like Gecko) Chrome/62.0.3202.94 Safari/537.36"
[06/Dec/2017:10:11:56 +0000] - [fn logger] - ["init paths : /users/"]
[06/Dec/2017:10:11:56 +0000] - [fn logger] - ["C:\\Users\\Administrator\\publication"]
[06/Dec/2017:10:11:56 +0000] - [fn logger] - ["init paths : /users/login"]
[06/Dec/2017:10:11:56 +0000] - [fn logger] - ["init paths : /users/logout"]
[06/Dec/2017:10:11:56 +0000] - [fn logger] - ["init paths : /users/login"]
[06/Dec/2017:10:11:56 +0000] - [fn logger] - ["init paths : /news/mknews"]
[06/Dec/2017:10:11:56 +0000] - [fn logger] - ["init paths : /news/dNews"]
[06/Dec/2017:10:11:56 +0000] - [fn logger] - ["init paths : /news/addNews"]
[06/Dec/2017:10:11:56 +0000] - [fn logger] - ["init paths : /gainInfo"]
[06/Dec/2017:10:11:56 +0000] - [fn logger] - ["init paths : /"]
[06/Dec/2017:10:11:56 +0000] - [fn logger] - ["init paths : /main"]
[06/Dec/2017:10:11:56 +0000] - [fn logger] - ["init paths : /reloadAuth"]
[06/Dec/2017:10:11:56 +0000] - [fn logger] - ["init paths : /filterLog"]
[06/Dec/2017:10:11:56 +0000] - [fn logger] - ["C:\\Users\\Administrator\\publication\\public\\html"]
::1 - - [06/Dec/2017:10:11:58 +0000] "GET / HTTP/1.1" 304 - "-" "Mozilla/5.0 (Windows NT 6.1; WOW64) AppleWebKit/537.36 (KHTML, like Gecko) Chrome/62.0.3202.94 Safari/537.36"
::1 - - [06/Dec/2017:10:11:58 +0000] "GET /stylesheets/style.css HTTP/1.1" 304 - "http://localhost:3000/" "Mozilla/5.0 (Windows NT 6.1; WOW64) AppleWebKit/537.36 (KHTML, like Gecko) Chrome/62.0.3202.94 Safari/537.36"
::1 - - [06/Dec/2017:10:11:58 +0000] "GET /javascripts/carouselfigure.js HTTP/1.1" 304 - "http://localhost:3000/" "Mozilla/5.0 (Windows NT 6.1; WOW64) AppleWebKit/537.36 (KHTML, like Gecko) Chrome/62.0.3202.94 Safari/537.36"
::1 - - [06/Dec/2017:10:11:58 +0000] "GET /javascripts/main.js HTTP/1.1" 304 - "http://localhost:3000/" "Mozilla/5.0 (Windows NT 6.1; WOW64) AppleWebKit/537.36 (KHTML, like Gecko) Chrome/62.0.3202.94 Safari/537.36"
[06/Dec/2017:10:12:04 +0000] - [fn logger] - ["user.group:"]
[06/Dec/2017:10:12:04 +0000] - [fn logger] - [undefined]
[06/Dec/2017:10:12:04 +0000] - [fn logger] - [{"username":"admin","psw":"123","auths":{"/main":true,"/reloadAuth":true,"/news/mknews":true,"/gainInfo":true,"/favicon.ico":true,"/users/login":true,"/users/logout":true,"/":true,"/news/addNews":true,"/filterLog":true},"group":{"type":"admin","auths":{"/main":true,"/reloadAuth":true,"/news/mknews":true,"/gainInfo":true,"/favicon.ico":true,"/users/login":true,"/users/logout":true,"/":true,"/news/addNews":true,"/filterLog":true}},"authsVersion":0}]
::1 - - [06/Dec/2017:10:12:04 +0000] "POST /users/login HTTP/1.1" 302 54 "http://localhost:3000/" "Mozilla/5.0 (Windows NT 6.1; WOW64) AppleWebKit/537.36 (KHTML, like Gecko) Chrome/62.0.3202.94 Safari/537.36"
[06/Dec/2017:10:12:04 +0000] - [fn logger] - [{"/main":true,"/reloadAuth":true,"/news/mknews":true,"/gainInfo":true,"/favicon.ico":true,"/users/login":true,"/users/logout":true,"/":true,"/news/addNews":true,"/filterLog":true}]
::1 - - [06/Dec/2017:10:12:05 +0000] "GET /main HTTP/1.1" 200 2832 "http://localhost:3000/" "Mozilla/5.0 (Windows NT 6.1; WOW64) AppleWebKit/537.36 (KHTML, like Gecko) Chrome/62.0.3202.94 Safari/537.36"
::1 - - [06/Dec/2017:10:12:05 +0000] "GET /stylesheets/style.css HTTP/1.1" 304 - "http://localhost:3000/main" "Mozilla/5.0 (Windows NT 6.1; WOW64) AppleWebKit/537.36 (KHTML, like Gecko) Chrome/62.0.3202.94 Safari/537.36"
::1 - - [06/Dec/2017:10:12:05 +0000] "GET /javascripts/carouselfigure.js HTTP/1.1" 304 - "http://localhost:3000/main" "Mozilla/5.0 (Windows NT 6.1; WOW64) AppleWebKit/537.36 (KHTML, like Gecko) Chrome/62.0.3202.94 Safari/537.36"
::1 - - [06/Dec/2017:10:12:05 +0000] "GET /javascripts/main.js HTTP/1.1" 304 - "http://localhost:3000/main" "Mozilla/5.0 (Windows NT 6.1; WOW64) AppleWebKit/537.36 (KHTML, like Gecko) Chrome/62.0.3202.94 Safari/537.36"
[06/Dec/2017:10:12:07 +0000] - [fn logger] - [{"/main":true,"/reloadAuth":true,"/news/mknews":true,"/gainInfo":true,"/favicon.ico":true,"/users/login":true,"/users/logout":true,"/":true,"/news/addNews":true,"/filterLog":true}]
[06/Dec/2017:10:12:07 +0000] - [fn logger] - ["/news/addNews"]
::1 - - [06/Dec/2017:10:12:07 +0000] "GET /news/addNews HTTP/1.1" 404 1299 "-" "Mozilla/5.0 (Windows NT 6.1; WOW64) AppleWebKit/537.36 (KHTML, like Gecko) Chrome/62.0.3202.94 Safari/537.36"
::1 - - [06/Dec/2017:10:12:07 +0000] "GET /stylesheets/style.css HTTP/1.1" 304 - "http://localhost:3000/news/addNews" "Mozilla/5.0 (Windows NT 6.1; WOW64) AppleWebKit/537.36 (KHTML, like Gecko) Chrome/62.0.3202.94 Safari/537.36"
[06/Dec/2017:10:12:16 +0000] - [fn logger] - [{"/main":true,"/reloadAuth":true,"/news/mknews":true,"/gainInfo":true,"/favicon.ico":true,"/users/login":true,"/users/logout":true,"/":true,"/news/addNews":true,"/filterLog":true}]
[06/Dec/2017:10:12:16 +0000] - [fn logger] - ["/news/addNews"]
::1 - - [06/Dec/2017:10:12:16 +0000] "GET /news/addNews HTTP/1.1" 404 1299 "-" "Mozilla/5.0 (Windows NT 6.1; WOW64) AppleWebKit/537.36 (KHTML, like Gecko) Chrome/62.0.3202.94 Safari/537.36"
::1 - - [06/Dec/2017:10:12:16 +0000] "GET /stylesheets/style.css HTTP/1.1" 304 - "http://localhost:3000/news/addNews" "Mozilla/5.0 (Windows NT 6.1; WOW64) AppleWebKit/537.36 (KHTML, like Gecko) Chrome/62.0.3202.94 Safari/537.36"
[06/Dec/2017:10:12:42 +0000] - [fn logger] - [{"/main":true,"/reloadAuth":true,"/news/mknews":true,"/gainInfo":true,"/favicon.ico":true,"/users/login":true,"/users/logout":true,"/":true,"/news/addNews":true,"/filterLog":true}]
[06/Dec/2017:10:12:42 +0000] - [fn logger] - [{"public":{"/favicon.ico":true,"/users/login":true,"/users/logout":true,"/":true,"/main":true,"/news/addNews":true,"/filterLog":true},"admin":{"/main":true,"/reloadAuth":true,"/news/mknews":true,"/gainInfo":true,"/favicon.ico":true,"/users/login":true,"/users/logout":true,"/":true,"/news/addNews":true,"/filterLog":true}}]
[06/Dec/2017:10:12:42 +0000] - [fn logger] - ["<<<<_____before"]
[06/Dec/2017:10:12:42 +0000] - [fn logger] - [{"public":{"/favicon.ico":true,"/users/login":true,"/users/logout":true,"/":true,"/main":true,"/news/addNews":true,"/filterLog":true},"admin":{"/main":true,"/reloadAuth":true,"/news/mknews":true,"/news/addNews":true,"/gainInfo":true,"/favicon.ico":true,"/users/login":true,"/users/logout":true,"/":true,"/filterLog":true}}]
[06/Dec/2017:10:12:42 +0000] - [fn logger] - ["<<<<_____after"]
::1 - - [06/Dec/2017:10:12:42 +0000] "GET /reloadAuth HTTP/1.1" 200 2832 "-" "Mozilla/5.0 (Windows NT 6.1; WOW64) AppleWebKit/537.36 (KHTML, like Gecko) Chrome/62.0.3202.94 Safari/537.36"
::1 - - [06/Dec/2017:10:12:42 +0000] "GET /stylesheets/style.css HTTP/1.1" 304 - "http://localhost:3000/reloadAuth" "Mozilla/5.0 (Windows NT 6.1; WOW64) AppleWebKit/537.36 (KHTML, like Gecko) Chrome/62.0.3202.94 Safari/537.36"
::1 - - [06/Dec/2017:10:12:42 +0000] "GET /javascripts/carouselfigure.js HTTP/1.1" 304 - "http://localhost:3000/reloadAuth" "Mozilla/5.0 (Windows NT 6.1; WOW64) AppleWebKit/537.36 (KHTML, like Gecko) Chrome/62.0.3202.94 Safari/537.36"
::1 - - [06/Dec/2017:10:12:42 +0000] "GET /javascripts/main.js HTTP/1.1" 304 - "http://localhost:3000/reloadAuth" "Mozilla/5.0 (Windows NT 6.1; WOW64) AppleWebKit/537.36 (KHTML, like Gecko) Chrome/62.0.3202.94 Safari/537.36"
[06/Dec/2017:10:12:45 +0000] - [fn logger] - ["user before update:"]
[06/Dec/2017:10:12:45 +0000] - [fn logger] - [{"username":"admin","psw":"123","auths":{"/main":true,"/reloadAuth":true,"/news/mknews":true,"/gainInfo":true,"/favicon.ico":true,"/users/login":true,"/users/logout":true,"/":true,"/news/addNews":true,"/filterLog":true},"group":{"type":"admin","auths":{"/main":true,"/reloadAuth":true,"/news/mknews":true,"/gainInfo":true,"/favicon.ico":true,"/users/login":true,"/users/logout":true,"/":true,"/news/addNews":true,"/filterLog":true}},"authsVersion":0}]
[06/Dec/2017:10:12:45 +0000] - [fn logger] - ["user.group:"]
[06/Dec/2017:10:12:45 +0000] - [fn logger] - [{"type":"admin","auths":{"/main":true,"/reloadAuth":true,"/news/mknews":true,"/gainInfo":true,"/favicon.ico":true,"/users/login":true,"/users/logout":true,"/":true,"/news/addNews":true,"/filterLog":true}}]
[06/Dec/2017:10:12:45 +0000] - [fn logger] - ["user updated:"]
[06/Dec/2017:10:12:45 +0000] - [fn logger] - ["{\"username\":\"admin\",\"psw\":\"123\",\"auths\":{\"/main\":true,\"/reloadAuth\":true,\"/news/mknews\":true,\"/news/addNews\":true,\"/gainInfo\":true,\"/favicon.ico\":true,\"/users/login\":true,\"/users/logout\":true,\"/\":true,\"/filterLog\":true},\"group\":{\"type\":\"admin\",\"auths\":{\"/main\":true,\"/reloadAuth\":true,\"/news/mknews\":true,\"/news/addNews\":true,\"/gainInfo\":true,\"/favicon.ico\":true,\"/users/login\":true,\"/users/logout\":true,\"/\":true,\"/filterLog\":true}},\"authsVersion\":1}"]
[06/Dec/2017:10:12:45 +0000] - [fn logger] - [{"/main":true,"/reloadAuth":true,"/news/mknews":true,"/news/addNews":true,"/gainInfo":true,"/favicon.ico":true,"/users/login":true,"/users/logout":true,"/":true,"/filterLog":true}]
[06/Dec/2017:10:12:45 +0000] - [fn logger] - ["/news/addNews"]
::1 - - [06/Dec/2017:10:12:45 +0000] "GET /news/addNews HTTP/1.1" 404 1299 "-" "Mozilla/5.0 (Windows NT 6.1; WOW64) AppleWebKit/537.36 (KHTML, like Gecko) Chrome/62.0.3202.94 Safari/537.36"
::1 - - [06/Dec/2017:10:12:45 +0000] "GET /stylesheets/style.css HTTP/1.1" 304 - "http://localhost:3000/news/addNews" "Mozilla/5.0 (Windows NT 6.1; WOW64) AppleWebKit/537.36 (KHTML, like Gecko) Chrome/62.0.3202.94 Safari/537.36"
[06/Dec/2017:10:13:16 +0000] - [fn logger] - ["init paths : /users/"]
[06/Dec/2017:10:13:16 +0000] - [fn logger] - ["C:\\Users\\Administrator\\publication"]
[06/Dec/2017:10:13:16 +0000] - [fn logger] - ["init paths : /users/login"]
[06/Dec/2017:10:13:16 +0000] - [fn logger] - ["init paths : /users/logout"]
[06/Dec/2017:10:13:16 +0000] - [fn logger] - ["init paths : /users/login"]
[06/Dec/2017:10:13:16 +0000] - [fn logger] - ["init paths : /news/mknews"]
[06/Dec/2017:10:13:16 +0000] - [fn logger] - ["init paths : /news/addNews"]
[06/Dec/2017:10:13:16 +0000] - [fn logger] - ["init paths : /news/addNews"]
[06/Dec/2017:10:13:16 +0000] - [fn logger] - ["init paths : /gainInfo"]
[06/Dec/2017:10:13:16 +0000] - [fn logger] - ["init paths : /"]
[06/Dec/2017:10:13:16 +0000] - [fn logger] - ["init paths : /main"]
[06/Dec/2017:10:13:16 +0000] - [fn logger] - ["init paths : /reloadAuth"]
[06/Dec/2017:10:13:16 +0000] - [fn logger] - ["init paths : /filterLog"]
[06/Dec/2017:10:13:16 +0000] - [fn logger] - ["C:\\Users\\Administrator\\publication\\public\\html"]
::1 - - [06/Dec/2017:10:13:17 +0000] "GET / HTTP/1.1" 304 - "-" "Mozilla/5.0 (Windows NT 6.1; WOW64) AppleWebKit/537.36 (KHTML, like Gecko) Chrome/62.0.3202.94 Safari/537.36"
::1 - - [06/Dec/2017:10:13:17 +0000] "GET /stylesheets/style.css HTTP/1.1" 304 - "http://localhost:3000/" "Mozilla/5.0 (Windows NT 6.1; WOW64) AppleWebKit/537.36 (KHTML, like Gecko) Chrome/62.0.3202.94 Safari/537.36"
::1 - - [06/Dec/2017:10:13:17 +0000] "GET /javascripts/carouselfigure.js HTTP/1.1" 304 - "http://localhost:3000/" "Mozilla/5.0 (Windows NT 6.1; WOW64) AppleWebKit/537.36 (KHTML, like Gecko) Chrome/62.0.3202.94 Safari/537.36"
::1 - - [06/Dec/2017:10:13:17 +0000] "GET /javascripts/main.js HTTP/1.1" 304 - "http://localhost:3000/" "Mozilla/5.0 (Windows NT 6.1; WOW64) AppleWebKit/537.36 (KHTML, like Gecko) Chrome/62.0.3202.94 Safari/537.36"
[06/Dec/2017:10:13:22 +0000] - [fn logger] - ["user.group:"]
[06/Dec/2017:10:13:22 +0000] - [fn logger] - [undefined]
[06/Dec/2017:10:13:22 +0000] - [fn logger] - [{"username":"admin","psw":"123","auths":{"/main":true,"/reloadAuth":true,"/news/mknews":true,"/news/addNews":true,"/gainInfo":true,"/favicon.ico":true,"/users/login":true,"/users/logout":true,"/":true,"/filterLog":true},"group":{"type":"admin","auths":{"/main":true,"/reloadAuth":true,"/news/mknews":true,"/news/addNews":true,"/gainInfo":true,"/favicon.ico":true,"/users/login":true,"/users/logout":true,"/":true,"/filterLog":true}},"authsVersion":0}]
::1 - - [06/Dec/2017:10:13:22 +0000] "POST /users/login HTTP/1.1" 302 54 "http://localhost:3000/" "Mozilla/5.0 (Windows NT 6.1; WOW64) AppleWebKit/537.36 (KHTML, like Gecko) Chrome/62.0.3202.94 Safari/537.36"
[06/Dec/2017:10:13:22 +0000] - [fn logger] - [{"/main":true,"/reloadAuth":true,"/news/mknews":true,"/news/addNews":true,"/gainInfo":true,"/favicon.ico":true,"/users/login":true,"/users/logout":true,"/":true,"/filterLog":true}]
::1 - - [06/Dec/2017:10:13:23 +0000] "GET /main HTTP/1.1" 304 - "http://localhost:3000/" "Mozilla/5.0 (Windows NT 6.1; WOW64) AppleWebKit/537.36 (KHTML, like Gecko) Chrome/62.0.3202.94 Safari/537.36"
::1 - - [06/Dec/2017:10:13:23 +0000] "GET /stylesheets/style.css HTTP/1.1" 304 - "http://localhost:3000/main" "Mozilla/5.0 (Windows NT 6.1; WOW64) AppleWebKit/537.36 (KHTML, like Gecko) Chrome/62.0.3202.94 Safari/537.36"
::1 - - [06/Dec/2017:10:13:23 +0000] "GET /javascripts/carouselfigure.js HTTP/1.1" 304 - "http://localhost:3000/main" "Mozilla/5.0 (Windows NT 6.1; WOW64) AppleWebKit/537.36 (KHTML, like Gecko) Chrome/62.0.3202.94 Safari/537.36"
::1 - - [06/Dec/2017:10:13:23 +0000] "GET /javascripts/main.js HTTP/1.1" 304 - "http://localhost:3000/main" "Mozilla/5.0 (Windows NT 6.1; WOW64) AppleWebKit/537.36 (KHTML, like Gecko) Chrome/62.0.3202.94 Safari/537.36"
[06/Dec/2017:10:13:25 +0000] - [fn logger] - [{"/main":true,"/reloadAuth":true,"/news/mknews":true,"/news/addNews":true,"/gainInfo":true,"/favicon.ico":true,"/users/login":true,"/users/logout":true,"/":true,"/filterLog":true}]
::1 - - [06/Dec/2017:10:13:25 +0000] "GET /news/addNews HTTP/1.1" 200 221 "-" "Mozilla/5.0 (Windows NT 6.1; WOW64) AppleWebKit/537.36 (KHTML, like Gecko) Chrome/62.0.3202.94 Safari/537.36"
::1 - - [06/Dec/2017:10:13:26 +0000] "GET /stylesheets/style.css HTTP/1.1" 304 - "http://localhost:3000/news/addNews" "Mozilla/5.0 (Windows NT 6.1; WOW64) AppleWebKit/537.36 (KHTML, like Gecko) Chrome/62.0.3202.94 Safari/537.36"
[06/Dec/2017:10:14:38 +0000] - [fn logger] - [{"/main":true,"/reloadAuth":true,"/news/mknews":true,"/news/addNews":true,"/gainInfo":true,"/favicon.ico":true,"/users/login":true,"/users/logout":true,"/":true,"/filterLog":true}]
::1 - - [06/Dec/2017:10:14:38 +0000] "GET /news/addNews HTTP/1.1" 200 320 "-" "Mozilla/5.0 (Windows NT 6.1; WOW64) AppleWebKit/537.36 (KHTML, like Gecko) Chrome/62.0.3202.94 Safari/537.36"
::1 - - [06/Dec/2017:10:14:38 +0000] "GET /stylesheets/style.css HTTP/1.1" 304 - "http://localhost:3000/news/addNews" "Mozilla/5.0 (Windows NT 6.1; WOW64) AppleWebKit/537.36 (KHTML, like Gecko) Chrome/62.0.3202.94 Safari/537.36"
[06/Dec/2017:10:14:55 +0000] - [fn logger] - [{"/main":true,"/reloadAuth":true,"/news/mknews":true,"/news/addNews":true,"/gainInfo":true,"/favicon.ico":true,"/users/login":true,"/users/logout":true,"/":true,"/filterLog":true}]
::1 - - [06/Dec/2017:10:14:55 +0000] "GET /news/addNews HTTP/1.1" 200 324 "-" "Mozilla/5.0 (Windows NT 6.1; WOW64) AppleWebKit/537.36 (KHTML, like Gecko) Chrome/62.0.3202.94 Safari/537.36"
::1 - - [06/Dec/2017:10:14:55 +0000] "GET /stylesheets/style.css HTTP/1.1" 304 - "http://localhost:3000/news/addNews" "Mozilla/5.0 (Windows NT 6.1; WOW64) AppleWebKit/537.36 (KHTML, like Gecko) Chrome/62.0.3202.94 Safari/537.36"
[06/Dec/2017:10:15:22 +0000] - [fn logger] - [{"/main":true,"/reloadAuth":true,"/news/mknews":true,"/news/addNews":true,"/gainInfo":true,"/favicon.ico":true,"/users/login":true,"/users/logout":true,"/":true,"/filterLog":true}]
::1 - - [06/Dec/2017:10:15:23 +0000] "GET /news/addNews HTTP/1.1" 200 364 "-" "Mozilla/5.0 (Windows NT 6.1; WOW64) AppleWebKit/537.36 (KHTML, like Gecko) Chrome/62.0.3202.94 Safari/537.36"
::1 - - [06/Dec/2017:10:15:23 +0000] "GET /stylesheets/style.css HTTP/1.1" 304 - "http://localhost:3000/news/addNews" "Mozilla/5.0 (Windows NT 6.1; WOW64) AppleWebKit/537.36 (KHTML, like Gecko) Chrome/62.0.3202.94 Safari/537.36"
[06/Dec/2017:10:15:27 +0000] - [fn logger] - [{"/main":true,"/reloadAuth":true,"/news/mknews":true,"/news/addNews":true,"/gainInfo":true,"/favicon.ico":true,"/users/login":true,"/users/logout":true,"/":true,"/filterLog":true}]
[06/Dec/2017:10:15:27 +0000] - [fn logger] - ["db/news.js line 7:"]
[06/Dec/2017:10:15:27 +0000] - [fn logger] - [{}]
[06/Dec/2017:10:16:41 +0000] - [fn logger] - ["init paths : /users/"]
[06/Dec/2017:10:16:41 +0000] - [fn logger] - ["C:\\Users\\Administrator\\publication"]
[06/Dec/2017:10:16:41 +0000] - [fn logger] - ["init paths : /users/login"]
[06/Dec/2017:10:16:41 +0000] - [fn logger] - ["init paths : /users/logout"]
[06/Dec/2017:10:16:41 +0000] - [fn logger] - ["init paths : /users/login"]
[06/Dec/2017:10:16:41 +0000] - [fn logger] - ["init paths : /news/mknews"]
[06/Dec/2017:10:16:41 +0000] - [fn logger] - ["init paths : /news/addNews"]
[06/Dec/2017:10:16:41 +0000] - [fn logger] - ["init paths : /news/addNews"]
[06/Dec/2017:10:16:41 +0000] - [fn logger] - ["init paths : /gainInfo"]
[06/Dec/2017:10:16:41 +0000] - [fn logger] - ["init paths : /"]
[06/Dec/2017:10:16:41 +0000] - [fn logger] - ["init paths : /main"]
[06/Dec/2017:10:16:41 +0000] - [fn logger] - ["init paths : /reloadAuth"]
[06/Dec/2017:10:16:41 +0000] - [fn logger] - ["init paths : /filterLog"]
[06/Dec/2017:10:16:41 +0000] - [fn logger] - ["C:\\Users\\Administrator\\publication\\public\\html"]
::1 - - [06/Dec/2017:10:16:43 +0000] "GET / HTTP/1.1" 304 - "-" "Mozilla/5.0 (Windows NT 6.1; WOW64) AppleWebKit/537.36 (KHTML, like Gecko) Chrome/62.0.3202.94 Safari/537.36"
::1 - - [06/Dec/2017:10:16:43 +0000] "GET /stylesheets/style.css HTTP/1.1" 304 - "http://localhost:3000/" "Mozilla/5.0 (Windows NT 6.1; WOW64) AppleWebKit/537.36 (KHTML, like Gecko) Chrome/62.0.3202.94 Safari/537.36"
::1 - - [06/Dec/2017:10:16:43 +0000] "GET /javascripts/carouselfigure.js HTTP/1.1" 304 - "http://localhost:3000/" "Mozilla/5.0 (Windows NT 6.1; WOW64) AppleWebKit/537.36 (KHTML, like Gecko) Chrome/62.0.3202.94 Safari/537.36"
::1 - - [06/Dec/2017:10:16:43 +0000] "GET /javascripts/main.js HTTP/1.1" 304 - "http://localhost:3000/" "Mozilla/5.0 (Windows NT 6.1; WOW64) AppleWebKit/537.36 (KHTML, like Gecko) Chrome/62.0.3202.94 Safari/537.36"
[06/Dec/2017:10:16:47 +0000] - [fn logger] - ["user.group:"]
[06/Dec/2017:10:16:47 +0000] - [fn logger] - [undefined]
[06/Dec/2017:10:16:47 +0000] - [fn logger] - [{"username":"admin","psw":"123","auths":{"/main":true,"/reloadAuth":true,"/news/mknews":true,"/news/addNews":true,"/gainInfo":true,"/favicon.ico":true,"/users/login":true,"/users/logout":true,"/":true,"/filterLog":true},"group":{"type":"admin","auths":{"/main":true,"/reloadAuth":true,"/news/mknews":true,"/news/addNews":true,"/gainInfo":true,"/favicon.ico":true,"/users/login":true,"/users/logout":true,"/":true,"/filterLog":true}},"authsVersion":0}]
::1 - - [06/Dec/2017:10:16:47 +0000] "POST /users/login HTTP/1.1" 302 54 "http://localhost:3000/" "Mozilla/5.0 (Windows NT 6.1; WOW64) AppleWebKit/537.36 (KHTML, like Gecko) Chrome/62.0.3202.94 Safari/537.36"
[06/Dec/2017:10:16:47 +0000] - [fn logger] - [{"/main":true,"/reloadAuth":true,"/news/mknews":true,"/news/addNews":true,"/gainInfo":true,"/favicon.ico":true,"/users/login":true,"/users/logout":true,"/":true,"/filterLog":true}]
::1 - - [06/Dec/2017:10:16:48 +0000] "GET /main HTTP/1.1" 304 - "http://localhost:3000/" "Mozilla/5.0 (Windows NT 6.1; WOW64) AppleWebKit/537.36 (KHTML, like Gecko) Chrome/62.0.3202.94 Safari/537.36"
::1 - - [06/Dec/2017:10:16:48 +0000] "GET /stylesheets/style.css HTTP/1.1" 304 - "http://localhost:3000/main" "Mozilla/5.0 (Windows NT 6.1; WOW64) AppleWebKit/537.36 (KHTML, like Gecko) Chrome/62.0.3202.94 Safari/537.36"
::1 - - [06/Dec/2017:10:16:48 +0000] "GET /javascripts/carouselfigure.js HTTP/1.1" 304 - "http://localhost:3000/main" "Mozilla/5.0 (Windows NT 6.1; WOW64) AppleWebKit/537.36 (KHTML, like Gecko) Chrome/62.0.3202.94 Safari/537.36"
::1 - - [06/Dec/2017:10:16:48 +0000] "GET /javascripts/main.js HTTP/1.1" 304 - "http://localhost:3000/main" "Mozilla/5.0 (Windows NT 6.1; WOW64) AppleWebKit/537.36 (KHTML, like Gecko) Chrome/62.0.3202.94 Safari/537.36"
[06/Dec/2017:10:16:53 +0000] - [fn logger] - [{"/main":true,"/reloadAuth":true,"/news/mknews":true,"/news/addNews":true,"/gainInfo":true,"/favicon.ico":true,"/users/login":true,"/users/logout":true,"/":true,"/filterLog":true}]
::1 - - [06/Dec/2017:10:16:53 +0000] "GET /news/addNews HTTP/1.1" 304 - "-" "Mozilla/5.0 (Windows NT 6.1; WOW64) AppleWebKit/537.36 (KHTML, like Gecko) Chrome/62.0.3202.94 Safari/537.36"
::1 - - [06/Dec/2017:10:16:53 +0000] "GET /stylesheets/style.css HTTP/1.1" 304 - "http://localhost:3000/news/addNews" "Mozilla/5.0 (Windows NT 6.1; WOW64) AppleWebKit/537.36 (KHTML, like Gecko) Chrome/62.0.3202.94 Safari/537.36"
[06/Dec/2017:10:16:56 +0000] - [fn logger] - [{"/main":true,"/reloadAuth":true,"/news/mknews":true,"/news/addNews":true,"/gainInfo":true,"/favicon.ico":true,"/users/login":true,"/users/logout":true,"/":true,"/filterLog":true}]
[06/Dec/2017:10:16:56 +0000] - [fn logger] - ["db/news.js line 7:"]
[06/Dec/2017:10:16:56 +0000] - [fn logger] - [{"title":"fdsafd","author":"fdsafdsaf","date":"2017-12-06T10:16:56.934Z","content":"fdsafsdafdsaf","channel":"default","path":null}]
[06/Dec/2017:10:16:56 +0000] - [fn logger] - [{}]
[06/Dec/2017:10:18:47 +0000] - [fn logger] - ["init paths : /users/"]
[06/Dec/2017:10:18:47 +0000] - [fn logger] - ["C:\\Users\\Administrator\\publication"]
[06/Dec/2017:10:18:47 +0000] - [fn logger] - ["init paths : /users/login"]
[06/Dec/2017:10:18:47 +0000] - [fn logger] - ["init paths : /users/logout"]
[06/Dec/2017:10:18:47 +0000] - [fn logger] - ["init paths : /users/login"]
[06/Dec/2017:10:18:47 +0000] - [fn logger] - ["init paths : /news/mknews"]
[06/Dec/2017:10:18:47 +0000] - [fn logger] - ["init paths : /news/addNews"]
[06/Dec/2017:10:18:47 +0000] - [fn logger] - ["init paths : /news/addNews"]
[06/Dec/2017:10:18:47 +0000] - [fn logger] - ["init paths : /gainInfo"]
[06/Dec/2017:10:18:47 +0000] - [fn logger] - ["init paths : /"]
[06/Dec/2017:10:18:47 +0000] - [fn logger] - ["init paths : /main"]
[06/Dec/2017:10:18:47 +0000] - [fn logger] - ["init paths : /reloadAuth"]
[06/Dec/2017:10:18:47 +0000] - [fn logger] - ["init paths : /filterLog"]
[06/Dec/2017:10:18:47 +0000] - [fn logger] - ["C:\\Users\\Administrator\\publication\\public\\html"]
::1 - - [06/Dec/2017:10:18:48 +0000] "GET / HTTP/1.1" 304 - "-" "Mozilla/5.0 (Windows NT 6.1; WOW64) AppleWebKit/537.36 (KHTML, like Gecko) Chrome/62.0.3202.94 Safari/537.36"
::1 - - [06/Dec/2017:10:18:48 +0000] "GET /stylesheets/style.css HTTP/1.1" 304 - "http://localhost:3000/" "Mozilla/5.0 (Windows NT 6.1; WOW64) AppleWebKit/537.36 (KHTML, like Gecko) Chrome/62.0.3202.94 Safari/537.36"
::1 - - [06/Dec/2017:10:18:48 +0000] "GET /javascripts/carouselfigure.js HTTP/1.1" 304 - "http://localhost:3000/" "Mozilla/5.0 (Windows NT 6.1; WOW64) AppleWebKit/537.36 (KHTML, like Gecko) Chrome/62.0.3202.94 Safari/537.36"
::1 - - [06/Dec/2017:10:18:48 +0000] "GET /javascripts/main.js HTTP/1.1" 304 - "http://localhost:3000/" "Mozilla/5.0 (Windows NT 6.1; WOW64) AppleWebKit/537.36 (KHTML, like Gecko) Chrome/62.0.3202.94 Safari/537.36"
[06/Dec/2017:10:18:52 +0000] - [fn logger] - ["user.group:"]
[06/Dec/2017:10:18:52 +0000] - [fn logger] - [undefined]
[06/Dec/2017:10:18:52 +0000] - [fn logger] - [{"username":"admin","psw":"123","auths":{"/main":true,"/reloadAuth":true,"/news/mknews":true,"/news/addNews":true,"/gainInfo":true,"/favicon.ico":true,"/users/login":true,"/users/logout":true,"/":true,"/filterLog":true},"group":{"type":"admin","auths":{"/main":true,"/reloadAuth":true,"/news/mknews":true,"/news/addNews":true,"/gainInfo":true,"/favicon.ico":true,"/users/login":true,"/users/logout":true,"/":true,"/filterLog":true}},"authsVersion":0}]
::1 - - [06/Dec/2017:10:18:52 +0000] "POST /users/login HTTP/1.1" 302 54 "http://localhost:3000/" "Mozilla/5.0 (Windows NT 6.1; WOW64) AppleWebKit/537.36 (KHTML, like Gecko) Chrome/62.0.3202.94 Safari/537.36"
[06/Dec/2017:10:18:52 +0000] - [fn logger] - [{"/main":true,"/reloadAuth":true,"/news/mknews":true,"/news/addNews":true,"/gainInfo":true,"/favicon.ico":true,"/users/login":true,"/users/logout":true,"/":true,"/filterLog":true}]
::1 - - [06/Dec/2017:10:18:53 +0000] "GET /main HTTP/1.1" 304 - "http://localhost:3000/" "Mozilla/5.0 (Windows NT 6.1; WOW64) AppleWebKit/537.36 (KHTML, like Gecko) Chrome/62.0.3202.94 Safari/537.36"
::1 - - [06/Dec/2017:10:18:53 +0000] "GET /stylesheets/style.css HTTP/1.1" 304 - "http://localhost:3000/main" "Mozilla/5.0 (Windows NT 6.1; WOW64) AppleWebKit/537.36 (KHTML, like Gecko) Chrome/62.0.3202.94 Safari/537.36"
::1 - - [06/Dec/2017:10:18:53 +0000] "GET /javascripts/carouselfigure.js HTTP/1.1" 304 - "http://localhost:3000/main" "Mozilla/5.0 (Windows NT 6.1; WOW64) AppleWebKit/537.36 (KHTML, like Gecko) Chrome/62.0.3202.94 Safari/537.36"
::1 - - [06/Dec/2017:10:18:53 +0000] "GET /javascripts/main.js HTTP/1.1" 304 - "http://localhost:3000/main" "Mozilla/5.0 (Windows NT 6.1; WOW64) AppleWebKit/537.36 (KHTML, like Gecko) Chrome/62.0.3202.94 Safari/537.36"
[06/Dec/2017:10:18:55 +0000] - [fn logger] - [{"/main":true,"/reloadAuth":true,"/news/mknews":true,"/news/addNews":true,"/gainInfo":true,"/favicon.ico":true,"/users/login":true,"/users/logout":true,"/":true,"/filterLog":true}]
::1 - - [06/Dec/2017:10:18:55 +0000] "GET /news/addNews HTTP/1.1" 304 - "-" "Mozilla/5.0 (Windows NT 6.1; WOW64) AppleWebKit/537.36 (KHTML, like Gecko) Chrome/62.0.3202.94 Safari/537.36"
::1 - - [06/Dec/2017:10:18:55 +0000] "GET /stylesheets/style.css HTTP/1.1" 304 - "http://localhost:3000/news/addNews" "Mozilla/5.0 (Windows NT 6.1; WOW64) AppleWebKit/537.36 (KHTML, like Gecko) Chrome/62.0.3202.94 Safari/537.36"
[06/Dec/2017:10:18:59 +0000] - [fn logger] - [{"/main":true,"/reloadAuth":true,"/news/mknews":true,"/news/addNews":true,"/gainInfo":true,"/favicon.ico":true,"/users/login":true,"/users/logout":true,"/":true,"/filterLog":true}]
::1 - - [06/Dec/2017:10:18:59 +0000] "POST /news/addNews HTTP/1.1" 500 972 "http://localhost:3000/news/addNews" "Mozilla/5.0 (Windows NT 6.1; WOW64) AppleWebKit/537.36 (KHTML, like Gecko) Chrome/62.0.3202.94 Safari/537.36"
::1 - - [06/Dec/2017:10:18:59 +0000] "GET /stylesheets/style.css HTTP/1.1" 304 - "http://localhost:3000/news/addNews" "Mozilla/5.0 (Windows NT 6.1; WOW64) AppleWebKit/537.36 (KHTML, like Gecko) Chrome/62.0.3202.94 Safari/537.36"
[06/Dec/2017:10:19:07 +0000] - [fn logger] - [{"/main":true,"/reloadAuth":true,"/news/mknews":true,"/news/addNews":true,"/gainInfo":true,"/favicon.ico":true,"/users/login":true,"/users/logout":true,"/":true,"/filterLog":true}]
::1 - - [06/Dec/2017:10:19:07 +0000] "GET /news/mknews HTTP/1.1" 200 955 "-" "Mozilla/5.0 (Windows NT 6.1; WOW64) AppleWebKit/537.36 (KHTML, like Gecko) Chrome/62.0.3202.94 Safari/537.36"
::1 - - [06/Dec/2017:10:19:07 +0000] "GET /stylesheets/style.css HTTP/1.1" 304 - "http://localhost:3000/news/mknews" "Mozilla/5.0 (Windows NT 6.1; WOW64) AppleWebKit/537.36 (KHTML, like Gecko) Chrome/62.0.3202.94 Safari/537.36"
::1 - - [06/Dec/2017:10:19:56 +0000] "GET /stylesheets/style.css HTTP/1.1" 304 - "http://localhost:3000/news/mknews" "Mozilla/5.0 (Windows NT 6.1; WOW64) AppleWebKit/537.36 (KHTML, like Gecko) Chrome/62.0.3202.94 Safari/537.36"
[06/Dec/2017:10:21:18 +0000] - [fn logger] - [{"/main":true,"/reloadAuth":true,"/news/mknews":true,"/news/addNews":true,"/gainInfo":true,"/favicon.ico":true,"/users/login":true,"/users/logout":true,"/":true,"/filterLog":true}]
::1 - - [06/Dec/2017:10:21:18 +0000] "GET /news/mknews HTTP/1.1" 200 963 "-" "Mozilla/5.0 (Linux; Android 6.0; Nexus 5 Build/MRA58N) AppleWebKit/537.36 (KHTML, like Gecko) Chrome/62.0.3202.94 Mobile Safari/537.36"
::1 - - [06/Dec/2017:10:21:18 +0000] "GET /stylesheets/style.css HTTP/1.1" 304 - "http://localhost:3000/news/mknews" "Mozilla/5.0 (Linux; Android 6.0; Nexus 5 Build/MRA58N) AppleWebKit/537.36 (KHTML, like Gecko) Chrome/62.0.3202.94 Mobile Safari/537.36"
[06/Dec/2017:10:22:33 +0000] - [fn logger] - [{"/main":true,"/reloadAuth":true,"/news/mknews":true,"/news/addNews":true,"/gainInfo":true,"/favicon.ico":true,"/users/login":true,"/users/logout":true,"/":true,"/filterLog":true}]
::1 - - [06/Dec/2017:10:22:33 +0000] "GET /news/mknews HTTP/1.1" 200 1038 "-" "Mozilla/5.0 (Linux; Android 6.0; Nexus 5 Build/MRA58N) AppleWebKit/537.36 (KHTML, like Gecko) Chrome/62.0.3202.94 Mobile Safari/537.36"
::1 - - [06/Dec/2017:10:22:33 +0000] "GET /stylesheets/style.css HTTP/1.1" 304 - "http://localhost:3000/news/mknews" "Mozilla/5.0 (Linux; Android 6.0; Nexus 5 Build/MRA58N) AppleWebKit/537.36 (KHTML, like Gecko) Chrome/62.0.3202.94 Mobile Safari/537.36"
[06/Dec/2017:10:22:50 +0000] - [fn logger] - [{"/main":true,"/reloadAuth":true,"/news/mknews":true,"/news/addNews":true,"/gainInfo":true,"/favicon.ico":true,"/users/login":true,"/users/logout":true,"/":true,"/filterLog":true}]
::1 - - [06/Dec/2017:10:22:50 +0000] "GET /news/mknews HTTP/1.1" 200 1101 "-" "Mozilla/5.0 (Linux; Android 6.0; Nexus 5 Build/MRA58N) AppleWebKit/537.36 (KHTML, like Gecko) Chrome/62.0.3202.94 Mobile Safari/537.36"
::1 - - [06/Dec/2017:10:22:51 +0000] "GET /stylesheets/style.css HTTP/1.1" 304 - "http://localhost:3000/news/mknews" "Mozilla/5.0 (Linux; Android 6.0; Nexus 5 Build/MRA58N) AppleWebKit/537.36 (KHTML, like Gecko) Chrome/62.0.3202.94 Mobile Safari/537.36"
[06/Dec/2017:10:23:01 +0000] - [fn logger] - [{"/main":true,"/reloadAuth":true,"/news/mknews":true,"/news/addNews":true,"/gainInfo":true,"/favicon.ico":true,"/users/login":true,"/users/logout":true,"/":true,"/filterLog":true}]
::1 - - [06/Dec/2017:10:23:01 +0000] "GET /news/mknews HTTP/1.1" 200 1101 "-" "Mozilla/5.0 (Linux; Android 6.0; Nexus 5 Build/MRA58N) AppleWebKit/537.36 (KHTML, like Gecko) Chrome/62.0.3202.94 Mobile Safari/537.36"
::1 - - [06/Dec/2017:10:23:01 +0000] "GET /stylesheets/style.css HTTP/1.1" 304 - "http://localhost:3000/news/mknews" "Mozilla/5.0 (Linux; Android 6.0; Nexus 5 Build/MRA58N) AppleWebKit/537.36 (KHTML, like Gecko) Chrome/62.0.3202.94 Mobile Safari/537.36"
[06/Dec/2017:10:24:13 +0000] - [fn logger] - [{"/main":true,"/reloadAuth":true,"/news/mknews":true,"/news/addNews":true,"/gainInfo":true,"/favicon.ico":true,"/users/login":true,"/users/logout":true,"/":true,"/filterLog":true}]
::1 - - [06/Dec/2017:10:24:13 +0000] "GET /news/mknews HTTP/1.1" 200 1326 "-" "Mozilla/5.0 (Linux; Android 6.0; Nexus 5 Build/MRA58N) AppleWebKit/537.36 (KHTML, like Gecko) Chrome/62.0.3202.94 Mobile Safari/537.36"
::1 - - [06/Dec/2017:10:24:13 +0000] "GET /stylesheets/style.css HTTP/1.1" 304 - "http://localhost:3000/news/mknews" "Mozilla/5.0 (Linux; Android 6.0; Nexus 5 Build/MRA58N) AppleWebKit/537.36 (KHTML, like Gecko) Chrome/62.0.3202.94 Mobile Safari/537.36"
[06/Dec/2017:10:24:57 +0000] - [fn logger] - [{"/main":true,"/reloadAuth":true,"/news/mknews":true,"/news/addNews":true,"/gainInfo":true,"/favicon.ico":true,"/users/login":true,"/users/logout":true,"/":true,"/filterLog":true}]
::1 - - [06/Dec/2017:10:24:57 +0000] "GET /news/mknews HTTP/1.1" 200 1389 "-" "Mozilla/5.0 (Windows NT 6.1; WOW64) AppleWebKit/537.36 (KHTML, like Gecko) Chrome/62.0.3202.94 Safari/537.36"
::1 - - [06/Dec/2017:10:24:57 +0000] "GET /stylesheets/style.css HTTP/1.1" 304 - "http://localhost:3000/news/mknews" "Mozilla/5.0 (Windows NT 6.1; WOW64) AppleWebKit/537.36 (KHTML, like Gecko) Chrome/62.0.3202.94 Safari/537.36"
[06/Dec/2017:10:26:32 +0000] - [fn logger] - [{"/main":true,"/reloadAuth":true,"/news/mknews":true,"/news/addNews":true,"/gainInfo":true,"/favicon.ico":true,"/users/login":true,"/users/logout":true,"/":true,"/filterLog":true}]
::1 - - [06/Dec/2017:10:26:32 +0000] "GET /news/mknews HTTP/1.1" 200 1438 "-" "Mozilla/5.0 (Windows NT 6.1; WOW64) AppleWebKit/537.36 (KHTML, like Gecko) Chrome/62.0.3202.94 Safari/537.36"
::1 - - [06/Dec/2017:10:26:32 +0000] "GET /stylesheets/style.css HTTP/1.1" 304 - "http://localhost:3000/news/mknews" "Mozilla/5.0 (Windows NT 6.1; WOW64) AppleWebKit/537.36 (KHTML, like Gecko) Chrome/62.0.3202.94 Safari/537.36"
::1 - - [06/Dec/2017:10:26:32 +0000] "GET /javascripts/news_crud.js HTTP/1.1" 200 30 "http://localhost:3000/news/mknews" "Mozilla/5.0 (Windows NT 6.1; WOW64) AppleWebKit/537.36 (KHTML, like Gecko) Chrome/62.0.3202.94 Safari/537.36"
[06/Dec/2017:10:34:07 +0000] - [fn logger] - [{"/main":true,"/reloadAuth":true,"/news/mknews":true,"/news/addNews":true,"/gainInfo":true,"/favicon.ico":true,"/users/login":true,"/users/logout":true,"/":true,"/filterLog":true}]
::1 - - [06/Dec/2017:10:34:08 +0000] "GET /main HTTP/1.1" 304 - "http://localhost:3000/news/mknews" "Mozilla/5.0 (Windows NT 6.1; WOW64) AppleWebKit/537.36 (KHTML, like Gecko) Chrome/62.0.3202.94 Safari/537.36"
[06/Dec/2017:10:40:02 +0000] - [fn logger] - [{"/main":true,"/reloadAuth":true,"/news/mknews":true,"/news/addNews":true,"/gainInfo":true,"/favicon.ico":true,"/users/login":true,"/users/logout":true,"/":true,"/filterLog":true}]
::1 - - [06/Dec/2017:10:40:02 +0000] "GET /news/mknews HTTP/1.1" 200 1483 "-" "Mozilla/5.0 (Windows NT 6.1; WOW64) AppleWebKit/537.36 (KHTML, like Gecko) Chrome/62.0.3202.94 Safari/537.36"
::1 - - [06/Dec/2017:10:40:02 +0000] "GET /stylesheets/style.css HTTP/1.1" 304 - "http://localhost:3000/news/mknews" "Mozilla/5.0 (Windows NT 6.1; WOW64) AppleWebKit/537.36 (KHTML, like Gecko) Chrome/62.0.3202.94 Safari/537.36"
::1 - - [06/Dec/2017:10:40:02 +0000] "GET /javascripts/utils.js HTTP/1.1" 200 696 "http://localhost:3000/news/mknews" "Mozilla/5.0 (Windows NT 6.1; WOW64) AppleWebKit/537.36 (KHTML, like Gecko) Chrome/62.0.3202.94 Safari/537.36"
::1 - - [06/Dec/2017:10:40:02 +0000] "GET /javascripts/news_crud.js HTTP/1.1" 200 112 "http://localhost:3000/news/mknews" "Mozilla/5.0 (Windows NT 6.1; WOW64) AppleWebKit/537.36 (KHTML, like Gecko) Chrome/62.0.3202.94 Safari/537.36"
[06/Dec/2017:10:41:18 +0000] - [fn logger] - [{"/main":true,"/reloadAuth":true,"/news/mknews":true,"/news/addNews":true,"/gainInfo":true,"/favicon.ico":true,"/users/login":true,"/users/logout":true,"/":true,"/filterLog":true}]
::1 - - [06/Dec/2017:10:41:18 +0000] "GET /news/mknews HTTP/1.1" 304 - "-" "Mozilla/5.0 (Windows NT 6.1; WOW64) AppleWebKit/537.36 (KHTML, like Gecko) Chrome/62.0.3202.94 Safari/537.36"
::1 - - [06/Dec/2017:10:41:18 +0000] "GET /stylesheets/style.css HTTP/1.1" 304 - "http://localhost:3000/news/mknews" "Mozilla/5.0 (Windows NT 6.1; WOW64) AppleWebKit/537.36 (KHTML, like Gecko) Chrome/62.0.3202.94 Safari/537.36"
::1 - - [06/Dec/2017:10:41:18 +0000] "GET /javascripts/news_crud.js HTTP/1.1" 304 - "http://localhost:3000/news/mknews" "Mozilla/5.0 (Windows NT 6.1; WOW64) AppleWebKit/537.36 (KHTML, like Gecko) Chrome/62.0.3202.94 Safari/537.36"
::1 - - [06/Dec/2017:10:41:18 +0000] "GET /javascripts/utils.js HTTP/1.1" 200 686 "http://localhost:3000/news/mknews" "Mozilla/5.0 (Windows NT 6.1; WOW64) AppleWebKit/537.36 (KHTML, like Gecko) Chrome/62.0.3202.94 Safari/537.36"
[06/Dec/2017:10:41:22 +0000] - [fn logger] - [{"/main":true,"/reloadAuth":true,"/news/mknews":true,"/news/addNews":true,"/gainInfo":true,"/favicon.ico":true,"/users/login":true,"/users/logout":true,"/":true,"/filterLog":true}]
[06/Dec/2017:10:41:22 +0000] - [fn logger] - ["admin has no auth to access /news/delNews?id=1"]
::1 - - [06/Dec/2017:10:41:22 +0000] "GET /news/delNews?id=1 HTTP/1.1" 302 23 "http://localhost:3000/news/mknews" "Mozilla/5.0 (Windows NT 6.1; WOW64) AppleWebKit/537.36 (KHTML, like Gecko) Chrome/62.0.3202.94 Safari/537.36"
::1 - - [06/Dec/2017:10:41:22 +0000] "GET / HTTP/1.1" 304 - "http://localhost:3000/news/mknews" "Mozilla/5.0 (Windows NT 6.1; WOW64) AppleWebKit/537.36 (KHTML, like Gecko) Chrome/62.0.3202.94 Safari/537.36"
[06/Dec/2017:10:42:24 +0000] - [fn logger] - [{"/main":true,"/reloadAuth":true,"/news/mknews":true,"/news/addNews":true,"/gainInfo":true,"/favicon.ico":true,"/users/login":true,"/users/logout":true,"/":true,"/filterLog":true}]
::1 - - [06/Dec/2017:10:42:24 +0000] "GET /news/mknews HTTP/1.1" 304 - "-" "Mozilla/5.0 (Windows NT 6.1; WOW64) AppleWebKit/537.36 (KHTML, like Gecko) Chrome/62.0.3202.94 Safari/537.36"
::1 - - [06/Dec/2017:10:42:24 +0000] "GET /stylesheets/style.css HTTP/1.1" 304 - "http://localhost:3000/news/mknews" "Mozilla/5.0 (Windows NT 6.1; WOW64) AppleWebKit/537.36 (KHTML, like Gecko) Chrome/62.0.3202.94 Safari/537.36"
::1 - - [06/Dec/2017:10:42:24 +0000] "GET /javascripts/news_crud.js HTTP/1.1" 304 - "http://localhost:3000/news/mknews" "Mozilla/5.0 (Windows NT 6.1; WOW64) AppleWebKit/537.36 (KHTML, like Gecko) Chrome/62.0.3202.94 Safari/537.36"
::1 - - [06/Dec/2017:10:42:24 +0000] "GET /javascripts/utils.js HTTP/1.1" 200 644 "http://localhost:3000/news/mknews" "Mozilla/5.0 (Windows NT 6.1; WOW64) AppleWebKit/537.36 (KHTML, like Gecko) Chrome/62.0.3202.94 Safari/537.36"
[06/Dec/2017:10:42:43 +0000] - [fn logger] - [{"/main":true,"/reloadAuth":true,"/news/mknews":true,"/news/addNews":true,"/gainInfo":true,"/favicon.ico":true,"/users/login":true,"/users/logout":true,"/":true,"/filterLog":true}]
::1 - - [06/Dec/2017:10:42:43 +0000] "GET /news/mknews HTTP/1.1" 304 - "-" "Mozilla/5.0 (Windows NT 6.1; WOW64) AppleWebKit/537.36 (KHTML, like Gecko) Chrome/62.0.3202.94 Safari/537.36"
::1 - - [06/Dec/2017:10:42:43 +0000] "GET /stylesheets/style.css HTTP/1.1" 304 - "http://localhost:3000/news/mknews" "Mozilla/5.0 (Windows NT 6.1; WOW64) AppleWebKit/537.36 (KHTML, like Gecko) Chrome/62.0.3202.94 Safari/537.36"
::1 - - [06/Dec/2017:10:42:43 +0000] "GET /javascripts/news_crud.js HTTP/1.1" 304 - "http://localhost:3000/news/mknews" "Mozilla/5.0 (Windows NT 6.1; WOW64) AppleWebKit/537.36 (KHTML, like Gecko) Chrome/62.0.3202.94 Safari/537.36"
::1 - - [06/Dec/2017:10:42:43 +0000] "GET /javascripts/utils.js HTTP/1.1" 200 644 "http://localhost:3000/news/mknews" "Mozilla/5.0 (Windows NT 6.1; WOW64) AppleWebKit/537.36 (KHTML, like Gecko) Chrome/62.0.3202.94 Safari/537.36"
[06/Dec/2017:10:42:45 +0000] - [fn logger] - [{"/main":true,"/reloadAuth":true,"/news/mknews":true,"/news/addNews":true,"/gainInfo":true,"/favicon.ico":true,"/users/login":true,"/users/logout":true,"/":true,"/filterLog":true}]
[06/Dec/2017:10:42:45 +0000] - [fn logger] - ["admin has no auth to access /news/delNews?id=1"]
::1 - - [06/Dec/2017:10:42:45 +0000] "GET /news/delNews?id=1 HTTP/1.1" 302 23 "http://localhost:3000/news/mknews" "Mozilla/5.0 (Windows NT 6.1; WOW64) AppleWebKit/537.36 (KHTML, like Gecko) Chrome/62.0.3202.94 Safari/537.36"
::1 - - [06/Dec/2017:10:42:45 +0000] "GET / HTTP/1.1" 304 - "http://localhost:3000/news/mknews" "Mozilla/5.0 (Windows NT 6.1; WOW64) AppleWebKit/537.36 (KHTML, like Gecko) Chrome/62.0.3202.94 Safari/537.36"
[06/Dec/2017:10:46:45 +0000] - [fn logger] - ["init paths : /users/"]
[06/Dec/2017:10:46:45 +0000] - [fn logger] - ["C:\\Users\\Administrator\\publication"]
[06/Dec/2017:10:46:45 +0000] - [fn logger] - ["init paths : /users/login"]
[06/Dec/2017:10:46:45 +0000] - [fn logger] - ["init paths : /users/logout"]
[06/Dec/2017:10:46:45 +0000] - [fn logger] - ["init paths : /users/login"]
[06/Dec/2017:10:46:45 +0000] - [fn logger] - ["init paths : /news/mknews"]
[06/Dec/2017:10:46:45 +0000] - [fn logger] - ["init paths : /news/addNews"]
[06/Dec/2017:10:46:45 +0000] - [fn logger] - ["init paths : /news/delNews"]
[06/Dec/2017:10:46:45 +0000] - [fn logger] - ["init paths : /news/addNews"]
[06/Dec/2017:10:46:45 +0000] - [fn logger] - ["init paths : /gainInfo"]
[06/Dec/2017:10:46:45 +0000] - [fn logger] - ["init paths : /"]
[06/Dec/2017:10:46:45 +0000] - [fn logger] - ["init paths : /main"]
[06/Dec/2017:10:46:45 +0000] - [fn logger] - ["init paths : /reloadAuth"]
[06/Dec/2017:10:46:45 +0000] - [fn logger] - ["init paths : /filterLog"]
[06/Dec/2017:10:46:45 +0000] - [fn logger] - ["C:\\Users\\Administrator\\publication\\public\\html"]
::1 - - [06/Dec/2017:10:46:46 +0000] "GET / HTTP/1.1" 304 - "-" "Mozilla/5.0 (Windows NT 6.1; WOW64) AppleWebKit/537.36 (KHTML, like Gecko) Chrome/62.0.3202.94 Safari/537.36"
::1 - - [06/Dec/2017:10:46:46 +0000] "GET /stylesheets/style.css HTTP/1.1" 304 - "http://localhost:3000/" "Mozilla/5.0 (Windows NT 6.1; WOW64) AppleWebKit/537.36 (KHTML, like Gecko) Chrome/62.0.3202.94 Safari/537.36"
::1 - - [06/Dec/2017:10:46:46 +0000] "GET /javascripts/carouselfigure.js HTTP/1.1" 304 - "http://localhost:3000/" "Mozilla/5.0 (Windows NT 6.1; WOW64) AppleWebKit/537.36 (KHTML, like Gecko) Chrome/62.0.3202.94 Safari/537.36"
::1 - - [06/Dec/2017:10:46:46 +0000] "GET /javascripts/main.js HTTP/1.1" 304 - "http://localhost:3000/" "Mozilla/5.0 (Windows NT 6.1; WOW64) AppleWebKit/537.36 (KHTML, like Gecko) Chrome/62.0.3202.94 Safari/537.36"
::1 - - [06/Dec/2017:10:46:49 +0000] "GET /news/mknews HTTP/1.1" 302 68 "-" "Mozilla/5.0 (Windows NT 6.1; WOW64) AppleWebKit/537.36 (KHTML, like Gecko) Chrome/62.0.3202.94 Safari/537.36"
::1 - - [06/Dec/2017:10:46:50 +0000] "GET /users/login HTTP/1.1" 200 330 "-" "Mozilla/5.0 (Windows NT 6.1; WOW64) AppleWebKit/537.36 (KHTML, like Gecko) Chrome/62.0.3202.94 Safari/537.36"
::1 - - [06/Dec/2017:10:46:50 +0000] "GET /stylesheets/style.css HTTP/1.1" 304 - "http://localhost:3000/users/login" "Mozilla/5.0 (Windows NT 6.1; WOW64) AppleWebKit/537.36 (KHTML, like Gecko) Chrome/62.0.3202.94 Safari/537.36"
[06/Dec/2017:10:46:54 +0000] - [fn logger] - ["user.group:"]
[06/Dec/2017:10:46:54 +0000] - [fn logger] - [undefined]
[06/Dec/2017:10:46:54 +0000] - [fn logger] - [{"username":"admin","psw":"123","auths":{"/main":true,"/reloadAuth":true,"/news/mknews":true,"/news/addNews":true,"/gainInfo":true,"/favicon.ico":true,"/users/login":true,"/users/logout":true,"/":true,"/filterLog":true},"group":{"type":"admin","auths":{"/main":true,"/reloadAuth":true,"/news/mknews":true,"/news/addNews":true,"/gainInfo":true,"/favicon.ico":true,"/users/login":true,"/users/logout":true,"/":true,"/filterLog":true}},"authsVersion":0}]
::1 - - [06/Dec/2017:10:46:54 +0000] "POST /users/login HTTP/1.1" 302 54 "http://localhost:3000/users/login" "Mozilla/5.0 (Windows NT 6.1; WOW64) AppleWebKit/537.36 (KHTML, like Gecko) Chrome/62.0.3202.94 Safari/537.36"
[06/Dec/2017:10:46:54 +0000] - [fn logger] - [{"/main":true,"/reloadAuth":true,"/news/mknews":true,"/news/addNews":true,"/gainInfo":true,"/favicon.ico":true,"/users/login":true,"/users/logout":true,"/":true,"/filterLog":true}]
::1 - - [06/Dec/2017:10:46:54 +0000] "GET /main HTTP/1.1" 304 - "http://localhost:3000/users/login" "Mozilla/5.0 (Windows NT 6.1; WOW64) AppleWebKit/537.36 (KHTML, like Gecko) Chrome/62.0.3202.94 Safari/537.36"
::1 - - [06/Dec/2017:10:46:54 +0000] "GET /stylesheets/style.css HTTP/1.1" 304 - "http://localhost:3000/main" "Mozilla/5.0 (Windows NT 6.1; WOW64) AppleWebKit/537.36 (KHTML, like Gecko) Chrome/62.0.3202.94 Safari/537.36"
::1 - - [06/Dec/2017:10:46:54 +0000] "GET /javascripts/carouselfigure.js HTTP/1.1" 304 - "http://localhost:3000/main" "Mozilla/5.0 (Windows NT 6.1; WOW64) AppleWebKit/537.36 (KHTML, like Gecko) Chrome/62.0.3202.94 Safari/537.36"
::1 - - [06/Dec/2017:10:46:54 +0000] "GET /javascripts/main.js HTTP/1.1" 304 - "http://localhost:3000/main" "Mozilla/5.0 (Windows NT 6.1; WOW64) AppleWebKit/537.36 (KHTML, like Gecko) Chrome/62.0.3202.94 Safari/537.36"
[06/Dec/2017:10:46:58 +0000] - [fn logger] - [{"/main":true,"/reloadAuth":true,"/news/mknews":true,"/news/addNews":true,"/gainInfo":true,"/favicon.ico":true,"/users/login":true,"/users/logout":true,"/":true,"/filterLog":true}]
::1 - - [06/Dec/2017:10:46:58 +0000] "GET /news/mknews HTTP/1.1" 200 1483 "-" "Mozilla/5.0 (Windows NT 6.1; WOW64) AppleWebKit/537.36 (KHTML, like Gecko) Chrome/62.0.3202.94 Safari/537.36"
::1 - - [06/Dec/2017:10:46:58 +0000] "GET /stylesheets/style.css HTTP/1.1" 304 - "http://localhost:3000/news/mknews" "Mozilla/5.0 (Windows NT 6.1; WOW64) AppleWebKit/537.36 (KHTML, like Gecko) Chrome/62.0.3202.94 Safari/537.36"
::1 - - [06/Dec/2017:10:46:58 +0000] "GET /javascripts/news_crud.js HTTP/1.1" 200 118 "http://localhost:3000/news/mknews" "Mozilla/5.0 (Windows NT 6.1; WOW64) AppleWebKit/537.36 (KHTML, like Gecko) Chrome/62.0.3202.94 Safari/537.36"
::1 - - [06/Dec/2017:10:46:58 +0000] "GET /javascripts/utils.js HTTP/1.1" 200 1116 "http://localhost:3000/news/mknews" "Mozilla/5.0 (Windows NT 6.1; WOW64) AppleWebKit/537.36 (KHTML, like Gecko) Chrome/62.0.3202.94 Safari/537.36"
[06/Dec/2017:10:47:01 +0000] - [fn logger] - [{"/main":true,"/reloadAuth":true,"/news/mknews":true,"/news/addNews":true,"/gainInfo":true,"/favicon.ico":true,"/users/login":true,"/users/logout":true,"/":true,"/filterLog":true}]
[06/Dec/2017:10:47:01 +0000] - [fn logger] - ["admin has no auth to access /news/delNews"]
::1 - - [06/Dec/2017:10:47:01 +0000] "POST /news/delNews HTTP/1.1" 302 23 "http://localhost:3000/news/mknews" "Mozilla/5.0 (Windows NT 6.1; WOW64) AppleWebKit/537.36 (KHTML, like Gecko) Chrome/62.0.3202.94 Safari/537.36"
::1 - - [06/Dec/2017:10:47:01 +0000] "GET / HTTP/1.1" 304 - "http://localhost:3000/news/mknews" "Mozilla/5.0 (Windows NT 6.1; WOW64) AppleWebKit/537.36 (KHTML, like Gecko) Chrome/62.0.3202.94 Safari/537.36"
[06/Dec/2017:10:47:16 +0000] - [fn logger] - [{"/main":true,"/reloadAuth":true,"/news/mknews":true,"/news/addNews":true,"/gainInfo":true,"/favicon.ico":true,"/users/login":true,"/users/logout":true,"/":true,"/filterLog":true}]
[06/Dec/2017:10:47:16 +0000] - [fn logger] - [{"public":{"/favicon.ico":true,"/users/login":true,"/users/logout":true,"/":true,"/main":true,"/news/addNews":true,"/filterLog":true},"admin":{"/main":true,"/reloadAuth":true,"/news/mknews":true,"/news/addNews":true,"/gainInfo":true,"/favicon.ico":true,"/users/login":true,"/users/logout":true,"/":true,"/filterLog":true}}]
[06/Dec/2017:10:47:16 +0000] - [fn logger] - ["<<<<_____before"]
[06/Dec/2017:10:47:16 +0000] - [fn logger] - [{"public":{"/favicon.ico":true,"/users/login":true,"/users/logout":true,"/":true,"/main":true,"/news/addNews":true,"/filterLog":true},"admin":{"/main":true,"/reloadAuth":true,"/news/mknews":true,"/news/addNews":true,"/news/delNews":true,"/gainInfo":true,"/favicon.ico":true,"/users/login":true,"/users/logout":true,"/":true,"/filterLog":true}}]
[06/Dec/2017:10:47:16 +0000] - [fn logger] - ["<<<<_____after"]
::1 - - [06/Dec/2017:10:47:16 +0000] "GET /reloadAuth HTTP/1.1" 304 - "-" "Mozilla/5.0 (Linux; Android 6.0; Nexus 5 Build/MRA58N) AppleWebKit/537.36 (KHTML, like Gecko) Chrome/62.0.3202.94 Mobile Safari/537.36"
::1 - - [06/Dec/2017:10:47:16 +0000] "GET /stylesheets/style.css HTTP/1.1" 304 - "http://localhost:3000/reloadAuth" "Mozilla/5.0 (Linux; Android 6.0; Nexus 5 Build/MRA58N) AppleWebKit/537.36 (KHTML, like Gecko) Chrome/62.0.3202.94 Mobile Safari/537.36"
::1 - - [06/Dec/2017:10:47:16 +0000] "GET /javascripts/carouselfigure.js HTTP/1.1" 304 - "http://localhost:3000/reloadAuth" "Mozilla/5.0 (Linux; Android 6.0; Nexus 5 Build/MRA58N) AppleWebKit/537.36 (KHTML, like Gecko) Chrome/62.0.3202.94 Mobile Safari/537.36"
::1 - - [06/Dec/2017:10:47:16 +0000] "GET /javascripts/main.js HTTP/1.1" 304 - "http://localhost:3000/reloadAuth" "Mozilla/5.0 (Linux; Android 6.0; Nexus 5 Build/MRA58N) AppleWebKit/537.36 (KHTML, like Gecko) Chrome/62.0.3202.94 Mobile Safari/537.36"
[06/Dec/2017:10:47:21 +0000] - [fn logger] - ["user before update:"]
[06/Dec/2017:10:47:21 +0000] - [fn logger] - [{"username":"admin","psw":"123","auths":{"/main":true,"/reloadAuth":true,"/news/mknews":true,"/news/addNews":true,"/gainInfo":true,"/favicon.ico":true,"/users/login":true,"/users/logout":true,"/":true,"/filterLog":true},"group":{"type":"admin","auths":{"/main":true,"/reloadAuth":true,"/news/mknews":true,"/news/addNews":true,"/gainInfo":true,"/favicon.ico":true,"/users/login":true,"/users/logout":true,"/":true,"/filterLog":true}},"authsVersion":0}]
[06/Dec/2017:10:47:21 +0000] - [fn logger] - ["user.group:"]
[06/Dec/2017:10:47:21 +0000] - [fn logger] - [{"type":"admin","auths":{"/main":true,"/reloadAuth":true,"/news/mknews":true,"/news/addNews":true,"/gainInfo":true,"/favicon.ico":true,"/users/login":true,"/users/logout":true,"/":true,"/filterLog":true}}]
[06/Dec/2017:10:47:21 +0000] - [fn logger] - ["user updated:"]
[06/Dec/2017:10:47:21 +0000] - [fn logger] - ["{\"username\":\"admin\",\"psw\":\"123\",\"auths\":{\"/main\":true,\"/reloadAuth\":true,\"/news/mknews\":true,\"/news/addNews\":true,\"/news/delNews\":true,\"/gainInfo\":true,\"/favicon.ico\":true,\"/users/login\":true,\"/users/logout\":true,\"/\":true,\"/filterLog\":true},\"group\":{\"type\":\"admin\",\"auths\":{\"/main\":true,\"/reloadAuth\":true,\"/news/mknews\":true,\"/news/addNews\":true,\"/news/delNews\":true,\"/gainInfo\":true,\"/favicon.ico\":true,\"/users/login\":true,\"/users/logout\":true,\"/\":true,\"/filterLog\":true}},\"authsVersion\":1}"]
[06/Dec/2017:10:47:21 +0000] - [fn logger] - [{"/main":true,"/reloadAuth":true,"/news/mknews":true,"/news/addNews":true,"/news/delNews":true,"/gainInfo":true,"/favicon.ico":true,"/users/login":true,"/users/logout":true,"/":true,"/filterLog":true}]
[06/Dec/2017:10:47:21 +0000] - [fn logger] - ["delNews.id=undefined"]
::1 - - [06/Dec/2017:10:47:21 +0000] "POST /news/delNews HTTP/1.1" 200 364 "http://localhost:3000/news/mknews" "Mozilla/5.0 (Windows NT 6.1; WOW64) AppleWebKit/537.36 (KHTML, like Gecko) Chrome/62.0.3202.94 Safari/537.36"
[06/Dec/2017:10:47:29 +0000] - [fn logger] - [{"/main":true,"/reloadAuth":true,"/news/mknews":true,"/news/addNews":true,"/news/delNews":true,"/gainInfo":true,"/favicon.ico":true,"/users/login":true,"/users/logout":true,"/":true,"/filterLog":true}]
::1 - - [06/Dec/2017:10:47:29 +0000] "GET /news/mknews HTTP/1.1" 304 - "-" "Mozilla/5.0 (Windows NT 6.1; WOW64) AppleWebKit/537.36 (KHTML, like Gecko) Chrome/62.0.3202.94 Safari/537.36"
::1 - - [06/Dec/2017:10:47:29 +0000] "GET /stylesheets/style.css HTTP/1.1" 304 - "http://localhost:3000/news/mknews" "Mozilla/5.0 (Windows NT 6.1; WOW64) AppleWebKit/537.36 (KHTML, like Gecko) Chrome/62.0.3202.94 Safari/537.36"
::1 - - [06/Dec/2017:10:47:29 +0000] "GET /javascripts/news_crud.js HTTP/1.1" 304 - "http://localhost:3000/news/mknews" "Mozilla/5.0 (Windows NT 6.1; WOW64) AppleWebKit/537.36 (KHTML, like Gecko) Chrome/62.0.3202.94 Safari/537.36"
::1 - - [06/Dec/2017:10:47:29 +0000] "GET /javascripts/utils.js HTTP/1.1" 304 - "http://localhost:3000/news/mknews" "Mozilla/5.0 (Windows NT 6.1; WOW64) AppleWebKit/537.36 (KHTML, like Gecko) Chrome/62.0.3202.94 Safari/537.36"
[06/Dec/2017:10:51:13 +0000] - [fn logger] - [{"/main":true,"/reloadAuth":true,"/news/mknews":true,"/news/addNews":true,"/news/delNews":true,"/gainInfo":true,"/favicon.ico":true,"/users/login":true,"/users/logout":true,"/":true,"/filterLog":true}]
::1 - - [06/Dec/2017:10:51:14 +0000] "GET /news/mknews HTTP/1.1" 304 - "-" "Mozilla/5.0 (Windows NT 6.1; WOW64) AppleWebKit/537.36 (KHTML, like Gecko) Chrome/62.0.3202.94 Safari/537.36"
::1 - - [06/Dec/2017:10:51:14 +0000] "GET /stylesheets/style.css HTTP/1.1" 304 - "http://localhost:3000/news/mknews" "Mozilla/5.0 (Windows NT 6.1; WOW64) AppleWebKit/537.36 (KHTML, like Gecko) Chrome/62.0.3202.94 Safari/537.36"
::1 - - [06/Dec/2017:10:51:14 +0000] "GET /javascripts/news_crud.js HTTP/1.1" 304 - "http://localhost:3000/news/mknews" "Mozilla/5.0 (Windows NT 6.1; WOW64) AppleWebKit/537.36 (KHTML, like Gecko) Chrome/62.0.3202.94 Safari/537.36"
::1 - - [06/Dec/2017:10:51:14 +0000] "GET /javascripts/utils.js HTTP/1.1" 200 1326 "http://localhost:3000/news/mknews" "Mozilla/5.0 (Windows NT 6.1; WOW64) AppleWebKit/537.36 (KHTML, like Gecko) Chrome/62.0.3202.94 Safari/537.36"
[06/Dec/2017:10:51:16 +0000] - [fn logger] - [{"/main":true,"/reloadAuth":true,"/news/mknews":true,"/news/addNews":true,"/news/delNews":true,"/gainInfo":true,"/favicon.ico":true,"/users/login":true,"/users/logout":true,"/":true,"/filterLog":true}]
[06/Dec/2017:10:51:16 +0000] - [fn logger] - ["delNews.id=undefined"]
::1 - - [06/Dec/2017:10:51:16 +0000] "POST /news/delNews HTTP/1.1" 200 364 "http://localhost:3000/news/mknews" "Mozilla/5.0 (Windows NT 6.1; WOW64) AppleWebKit/537.36 (KHTML, like Gecko) Chrome/62.0.3202.94 Safari/537.36"
[06/Dec/2017:10:51:26 +0000] - [fn logger] - [{"/main":true,"/reloadAuth":true,"/news/mknews":true,"/news/addNews":true,"/news/delNews":true,"/gainInfo":true,"/favicon.ico":true,"/users/login":true,"/users/logout":true,"/":true,"/filterLog":true}]
::1 - - [06/Dec/2017:10:51:26 +0000] "GET /news/mknews HTTP/1.1" 304 - "-" "Mozilla/5.0 (Windows NT 6.1; WOW64) AppleWebKit/537.36 (KHTML, like Gecko) Chrome/62.0.3202.94 Safari/537.36"
::1 - - [06/Dec/2017:10:51:26 +0000] "GET /stylesheets/style.css HTTP/1.1" 304 - "http://localhost:3000/news/mknews" "Mozilla/5.0 (Windows NT 6.1; WOW64) AppleWebKit/537.36 (KHTML, like Gecko) Chrome/62.0.3202.94 Safari/537.36"
::1 - - [06/Dec/2017:10:51:26 +0000] "GET /javascripts/news_crud.js HTTP/1.1" 304 - "http://localhost:3000/news/mknews" "Mozilla/5.0 (Windows NT 6.1; WOW64) AppleWebKit/537.36 (KHTML, like Gecko) Chrome/62.0.3202.94 Safari/537.36"
::1 - - [06/Dec/2017:10:51:26 +0000] "GET /javascripts/utils.js HTTP/1.1" 200 1326 "http://localhost:3000/news/mknews" "Mozilla/5.0 (Windows NT 6.1; WOW64) AppleWebKit/537.36 (KHTML, like Gecko) Chrome/62.0.3202.94 Safari/537.36"
[06/Dec/2017:10:51:27 +0000] - [fn logger] - [{"/main":true,"/reloadAuth":true,"/news/mknews":true,"/news/addNews":true,"/news/delNews":true,"/gainInfo":true,"/favicon.ico":true,"/users/login":true,"/users/logout":true,"/":true,"/filterLog":true}]
[06/Dec/2017:10:51:27 +0000] - [fn logger] - ["delNews.id=undefined"]
::1 - - [06/Dec/2017:10:51:27 +0000] "POST /news/delNews HTTP/1.1" 200 364 "http://localhost:3000/news/mknews" "Mozilla/5.0 (Windows NT 6.1; WOW64) AppleWebKit/537.36 (KHTML, like Gecko) Chrome/62.0.3202.94 Safari/537.36"
[06/Dec/2017:10:54:05 +0000] - [fn logger] - [{"/main":true,"/reloadAuth":true,"/news/mknews":true,"/news/addNews":true,"/news/delNews":true,"/gainInfo":true,"/favicon.ico":true,"/users/login":true,"/users/logout":true,"/":true,"/filterLog":true}]
::1 - - [06/Dec/2017:10:54:05 +0000] "GET /news/mknews HTTP/1.1" 304 - "-" "Mozilla/5.0 (Windows NT 6.1; WOW64) AppleWebKit/537.36 (KHTML, like Gecko) Chrome/62.0.3202.94 Safari/537.36"
::1 - - [06/Dec/2017:10:54:05 +0000] "GET /stylesheets/style.css HTTP/1.1" 304 - "http://localhost:3000/news/mknews" "Mozilla/5.0 (Windows NT 6.1; WOW64) AppleWebKit/537.36 (KHTML, like Gecko) Chrome/62.0.3202.94 Safari/537.36"
::1 - - [06/Dec/2017:10:54:05 +0000] "GET /javascripts/utils.js HTTP/1.1" 304 - "http://localhost:3000/news/mknews" "Mozilla/5.0 (Windows NT 6.1; WOW64) AppleWebKit/537.36 (KHTML, like Gecko) Chrome/62.0.3202.94 Safari/537.36"
::1 - - [06/Dec/2017:10:54:05 +0000] "GET /javascripts/news_crud.js HTTP/1.1" 200 118 "http://localhost:3000/news/mknews" "Mozilla/5.0 (Windows NT 6.1; WOW64) AppleWebKit/537.36 (KHTML, like Gecko) Chrome/62.0.3202.94 Safari/537.36"
[06/Dec/2017:10:54:07 +0000] - [fn logger] - [{"/main":true,"/reloadAuth":true,"/news/mknews":true,"/news/addNews":true,"/news/delNews":true,"/gainInfo":true,"/favicon.ico":true,"/users/login":true,"/users/logout":true,"/":true,"/filterLog":true}]
[06/Dec/2017:10:54:07 +0000] - [fn logger] - ["delNews.id=undefined"]
::1 - - [06/Dec/2017:10:54:07 +0000] "POST /news/delNews HTTP/1.1" 200 364 "http://localhost:3000/news/mknews" "Mozilla/5.0 (Windows NT 6.1; WOW64) AppleWebKit/537.36 (KHTML, like Gecko) Chrome/62.0.3202.94 Safari/537.36"
[06/Dec/2017:10:56:22 +0000] - [fn logger] - [{"/main":true,"/reloadAuth":true,"/news/mknews":true,"/news/addNews":true,"/news/delNews":true,"/gainInfo":true,"/favicon.ico":true,"/users/login":true,"/users/logout":true,"/":true,"/filterLog":true}]
::1 - - [06/Dec/2017:10:56:22 +0000] "GET /news/mknews HTTP/1.1" 304 - "-" "Mozilla/5.0 (Windows NT 6.1; WOW64) AppleWebKit/537.36 (KHTML, like Gecko) Chrome/62.0.3202.94 Safari/537.36"
::1 - - [06/Dec/2017:10:56:22 +0000] "GET /stylesheets/style.css HTTP/1.1" 304 - "http://localhost:3000/news/mknews" "Mozilla/5.0 (Windows NT 6.1; WOW64) AppleWebKit/537.36 (KHTML, like Gecko) Chrome/62.0.3202.94 Safari/537.36"
::1 - - [06/Dec/2017:10:56:22 +0000] "GET /javascripts/news_crud.js HTTP/1.1" 304 - "http://localhost:3000/news/mknews" "Mozilla/5.0 (Windows NT 6.1; WOW64) AppleWebKit/537.36 (KHTML, like Gecko) Chrome/62.0.3202.94 Safari/537.36"
::1 - - [06/Dec/2017:10:56:22 +0000] "GET /javascripts/utils.js HTTP/1.1" 200 1408 "http://localhost:3000/news/mknews" "Mozilla/5.0 (Windows NT 6.1; WOW64) AppleWebKit/537.36 (KHTML, like Gecko) Chrome/62.0.3202.94 Safari/537.36"
[06/Dec/2017:10:56:23 +0000] - [fn logger] - [{"/main":true,"/reloadAuth":true,"/news/mknews":true,"/news/addNews":true,"/news/delNews":true,"/gainInfo":true,"/favicon.ico":true,"/users/login":true,"/users/logout":true,"/":true,"/filterLog":true}]
[06/Dec/2017:10:56:23 +0000] - [fn logger] - ["delNews.id=1"]
::1 - - [06/Dec/2017:10:56:23 +0000] "POST /news/delNews HTTP/1.1" 200 364 "http://localhost:3000/news/mknews" "Mozilla/5.0 (Windows NT 6.1; WOW64) AppleWebKit/537.36 (KHTML, like Gecko) Chrome/62.0.3202.94 Safari/537.36"
[06/Dec/2017:11:00:33 +0000] - [fn logger] - [{"/main":true,"/reloadAuth":true,"/news/mknews":true,"/news/addNews":true,"/news/delNews":true,"/gainInfo":true,"/favicon.ico":true,"/users/login":true,"/users/logout":true,"/":true,"/filterLog":true}]
::1 - - [06/Dec/2017:11:00:33 +0000] "GET /news/mknews HTTP/1.1" 304 - "-" "Mozilla/5.0 (Windows NT 6.1; WOW64) AppleWebKit/537.36 (KHTML, like Gecko) Chrome/62.0.3202.94 Safari/537.36"
::1 - - [06/Dec/2017:11:00:33 +0000] "GET /stylesheets/style.css HTTP/1.1" 304 - "http://localhost:3000/news/mknews" "Mozilla/5.0 (Windows NT 6.1; WOW64) AppleWebKit/537.36 (KHTML, like Gecko) Chrome/62.0.3202.94 Safari/537.36"
::1 - - [06/Dec/2017:11:00:33 +0000] "GET /javascripts/news_crud.js HTTP/1.1" 304 - "http://localhost:3000/news/mknews" "Mozilla/5.0 (Windows NT 6.1; WOW64) AppleWebKit/537.36 (KHTML, like Gecko) Chrome/62.0.3202.94 Safari/537.36"
::1 - - [06/Dec/2017:11:00:33 +0000] "GET /javascripts/utils.js HTTP/1.1" 200 1215 "http://localhost:3000/news/mknews" "Mozilla/5.0 (Windows NT 6.1; WOW64) AppleWebKit/537.36 (KHTML, like Gecko) Chrome/62.0.3202.94 Safari/537.36"
[06/Dec/2017:11:00:52 +0000] - [fn logger] - [{"/main":true,"/reloadAuth":true,"/news/mknews":true,"/news/addNews":true,"/news/delNews":true,"/gainInfo":true,"/favicon.ico":true,"/users/login":true,"/users/logout":true,"/":true,"/filterLog":true}]
::1 - - [06/Dec/2017:11:00:52 +0000] "GET /news/mknews HTTP/1.1" 304 - "-" "Mozilla/5.0 (Windows NT 6.1; WOW64) AppleWebKit/537.36 (KHTML, like Gecko) Chrome/62.0.3202.94 Safari/537.36"
::1 - - [06/Dec/2017:11:00:52 +0000] "GET /stylesheets/style.css HTTP/1.1" 304 - "http://localhost:3000/news/mknews" "Mozilla/5.0 (Windows NT 6.1; WOW64) AppleWebKit/537.36 (KHTML, like Gecko) Chrome/62.0.3202.94 Safari/537.36"
::1 - - [06/Dec/2017:11:00:52 +0000] "GET /javascripts/news_crud.js HTTP/1.1" 304 - "http://localhost:3000/news/mknews" "Mozilla/5.0 (Windows NT 6.1; WOW64) AppleWebKit/537.36 (KHTML, like Gecko) Chrome/62.0.3202.94 Safari/537.36"
::1 - - [06/Dec/2017:11:00:52 +0000] "GET /javascripts/utils.js HTTP/1.1" 200 1225 "http://localhost:3000/news/mknews" "Mozilla/5.0 (Windows NT 6.1; WOW64) AppleWebKit/537.36 (KHTML, like Gecko) Chrome/62.0.3202.94 Safari/537.36"
[06/Dec/2017:11:00:53 +0000] - [fn logger] - [{"/main":true,"/reloadAuth":true,"/news/mknews":true,"/news/addNews":true,"/news/delNews":true,"/gainInfo":true,"/favicon.ico":true,"/users/login":true,"/users/logout":true,"/":true,"/filterLog":true}]
[06/Dec/2017:11:00:53 +0000] - [fn logger] - ["delNews.id=1"]
::1 - - [06/Dec/2017:11:00:53 +0000] "POST /news/delNews HTTP/1.1" 200 364 "http://localhost:3000/news/mknews" "Mozilla/5.0 (Windows NT 6.1; WOW64) AppleWebKit/537.36 (KHTML, like Gecko) Chrome/62.0.3202.94 Safari/537.36"
[06/Dec/2017:11:01:26 +0000] - [fn logger] - [{"/main":true,"/reloadAuth":true,"/news/mknews":true,"/news/addNews":true,"/news/delNews":true,"/gainInfo":true,"/favicon.ico":true,"/users/login":true,"/users/logout":true,"/":true,"/filterLog":true}]
::1 - - [06/Dec/2017:11:01:26 +0000] "GET /news/mknews HTTP/1.1" 304 - "-" "Mozilla/5.0 (Windows NT 6.1; WOW64) AppleWebKit/537.36 (KHTML, like Gecko) Chrome/62.0.3202.94 Safari/537.36"
::1 - - [06/Dec/2017:11:01:26 +0000] "GET /stylesheets/style.css HTTP/1.1" 304 - "http://localhost:3000/news/mknews" "Mozilla/5.0 (Windows NT 6.1; WOW64) AppleWebKit/537.36 (KHTML, like Gecko) Chrome/62.0.3202.94 Safari/537.36"
::1 - - [06/Dec/2017:11:01:26 +0000] "GET /javascripts/news_crud.js HTTP/1.1" 304 - "http://localhost:3000/news/mknews" "Mozilla/5.0 (Windows NT 6.1; WOW64) AppleWebKit/537.36 (KHTML, like Gecko) Chrome/62.0.3202.94 Safari/537.36"
::1 - - [06/Dec/2017:11:01:26 +0000] "GET /javascripts/utils.js HTTP/1.1" 200 1225 "http://localhost:3000/news/mknews" "Mozilla/5.0 (Windows NT 6.1; WOW64) AppleWebKit/537.36 (KHTML, like Gecko) Chrome/62.0.3202.94 Safari/537.36"
[06/Dec/2017:11:01:28 +0000] - [fn logger] - [{"/main":true,"/reloadAuth":true,"/news/mknews":true,"/news/addNews":true,"/news/delNews":true,"/gainInfo":true,"/favicon.ico":true,"/users/login":true,"/users/logout":true,"/":true,"/filterLog":true}]
[06/Dec/2017:11:01:28 +0000] - [fn logger] - ["delNews.id=1"]
::1 - - [06/Dec/2017:11:01:28 +0000] "POST /news/delNews HTTP/1.1" 200 364 "http://localhost:3000/news/mknews" "Mozilla/5.0 (Windows NT 6.1; WOW64) AppleWebKit/537.36 (KHTML, like Gecko) Chrome/62.0.3202.94 Safari/537.36"
[06/Dec/2017:11:01:41 +0000] - [fn logger] - [{"/main":true,"/reloadAuth":true,"/news/mknews":true,"/news/addNews":true,"/news/delNews":true,"/gainInfo":true,"/favicon.ico":true,"/users/login":true,"/users/logout":true,"/":true,"/filterLog":true}]
::1 - - [06/Dec/2017:11:01:41 +0000] "GET /news/mknews HTTP/1.1" 200 1483 "-" "Mozilla/5.0 (Windows NT 6.1; WOW64) AppleWebKit/537.36 (KHTML, like Gecko) Chrome/62.0.3202.94 Safari/537.36"
::1 - - [06/Dec/2017:11:01:42 +0000] "GET /stylesheets/style.css HTTP/1.1" 200 3653 "http://localhost:3000/news/mknews" "Mozilla/5.0 (Windows NT 6.1; WOW64) AppleWebKit/537.36 (KHTML, like Gecko) Chrome/62.0.3202.94 Safari/537.36"
::1 - - [06/Dec/2017:11:01:42 +0000] "GET /javascripts/news_crud.js HTTP/1.1" 200 118 "http://localhost:3000/news/mknews" "Mozilla/5.0 (Windows NT 6.1; WOW64) AppleWebKit/537.36 (KHTML, like Gecko) Chrome/62.0.3202.94 Safari/537.36"
::1 - - [06/Dec/2017:11:01:42 +0000] "GET /javascripts/utils.js HTTP/1.1" 200 1225 "http://localhost:3000/news/mknews" "Mozilla/5.0 (Windows NT 6.1; WOW64) AppleWebKit/537.36 (KHTML, like Gecko) Chrome/62.0.3202.94 Safari/537.36"
[06/Dec/2017:11:01:45 +0000] - [fn logger] - [{"/main":true,"/reloadAuth":true,"/news/mknews":true,"/news/addNews":true,"/news/delNews":true,"/gainInfo":true,"/favicon.ico":true,"/users/login":true,"/users/logout":true,"/":true,"/filterLog":true}]
[06/Dec/2017:11:01:45 +0000] - [fn logger] - ["delNews.id=1"]
::1 - - [06/Dec/2017:11:01:45 +0000] "POST /news/delNews HTTP/1.1" 200 364 "http://localhost:3000/news/mknews" "Mozilla/5.0 (Windows NT 6.1; WOW64) AppleWebKit/537.36 (KHTML, like Gecko) Chrome/62.0.3202.94 Safari/537.36"
[06/Dec/2017:11:01:47 +0000] - [fn logger] - [{"/main":true,"/reloadAuth":true,"/news/mknews":true,"/news/addNews":true,"/news/delNews":true,"/gainInfo":true,"/favicon.ico":true,"/users/login":true,"/users/logout":true,"/":true,"/filterLog":true}]
[06/Dec/2017:11:01:47 +0000] - [fn logger] - ["delNews.id=2"]
::1 - - [06/Dec/2017:11:01:47 +0000] "POST /news/delNews HTTP/1.1" 200 364 "http://localhost:3000/news/mknews" "Mozilla/5.0 (Windows NT 6.1; WOW64) AppleWebKit/537.36 (KHTML, like Gecko) Chrome/62.0.3202.94 Safari/537.36"
[06/Dec/2017:11:02:27 +0000] - [fn logger] - [{"/main":true,"/reloadAuth":true,"/news/mknews":true,"/news/addNews":true,"/news/delNews":true,"/gainInfo":true,"/favicon.ico":true,"/users/login":true,"/users/logout":true,"/":true,"/filterLog":true}]
[06/Dec/2017:11:02:27 +0000] - [fn logger] - ["delNews.id=3"]
::1 - - [06/Dec/2017:11:02:27 +0000] "POST /news/delNews HTTP/1.1" 200 364 "http://localhost:3000/news/mknews" "Mozilla/5.0 (Windows NT 6.1; WOW64) AppleWebKit/537.36 (KHTML, like Gecko) Chrome/62.0.3202.94 Safari/537.36"
[06/Dec/2017:11:03:51 +0000] - [fn logger] - [{"/main":true,"/reloadAuth":true,"/news/mknews":true,"/news/addNews":true,"/news/delNews":true,"/gainInfo":true,"/favicon.ico":true,"/users/login":true,"/users/logout":true,"/":true,"/filterLog":true}]
[06/Dec/2017:11:03:51 +0000] - [fn logger] - [{"public":{"/favicon.ico":true,"/users/login":true,"/users/logout":true,"/":true,"/main":true,"/news/addNews":true,"/filterLog":true},"admin":{"/main":true,"/reloadAuth":true,"/news/mknews":true,"/news/addNews":true,"/news/delNews":true,"/gainInfo":true,"/favicon.ico":true,"/users/login":true,"/users/logout":true,"/":true,"/filterLog":true}}]
[06/Dec/2017:11:03:51 +0000] - [fn logger] - ["<<<<_____before"]
[06/Dec/2017:11:03:51 +0000] - [fn logger] - [{"public":{"/favicon.ico":true,"/users/login":true,"/users/logout":true,"/":true,"/main":true,"/news/addNews":true,"/filterLog":true},"admin":{"/main":true,"/reloadAuth":true,"/news/mknews":true,"/news/addNews":true,"/news/delNews":true,"/news/listNews":true,"/gainInfo":true,"/favicon.ico":true,"/users/login":true,"/users/logout":true,"/":true,"/filterLog":true}}]
[06/Dec/2017:11:03:51 +0000] - [fn logger] - ["<<<<_____after"]
::1 - - [06/Dec/2017:11:03:51 +0000] "GET /reloadAuth HTTP/1.1" 200 2832 "-" "Mozilla/5.0 (Linux; Android 6.0; Nexus 5 Build/MRA58N) AppleWebKit/537.36 (KHTML, like Gecko) Chrome/62.0.3202.94 Mobile Safari/537.36"
::1 - - [06/Dec/2017:11:03:51 +0000] "GET /stylesheets/style.css HTTP/1.1" 304 - "http://localhost:3000/reloadAuth" "Mozilla/5.0 (Linux; Android 6.0; Nexus 5 Build/MRA58N) AppleWebKit/537.36 (KHTML, like Gecko) Chrome/62.0.3202.94 Mobile Safari/537.36"
::1 - - [06/Dec/2017:11:03:51 +0000] "GET /javascripts/carouselfigure.js HTTP/1.1" 200 2538 "http://localhost:3000/reloadAuth" "Mozilla/5.0 (Linux; Android 6.0; Nexus 5 Build/MRA58N) AppleWebKit/537.36 (KHTML, like Gecko) Chrome/62.0.3202.94 Mobile Safari/537.36"
::1 - - [06/Dec/2017:11:03:51 +0000] "GET /javascripts/main.js HTTP/1.1" 200 9120 "http://localhost:3000/reloadAuth" "Mozilla/5.0 (Linux; Android 6.0; Nexus 5 Build/MRA58N) AppleWebKit/537.36 (KHTML, like Gecko) Chrome/62.0.3202.94 Mobile Safari/537.36"
