[28/Nov/2017:16:18:43 +0000] - [fn logger] - ["init paths : /users/"]
[28/Nov/2017:16:18:43 +0000] - [fn logger] - ["C:\\Users\\Administrator\\publication"]
[28/Nov/2017:16:18:43 +0000] - [fn logger] - ["init paths : /users/login"]
[28/Nov/2017:16:18:43 +0000] - [fn logger] - ["init paths : /users/logout"]
[28/Nov/2017:16:18:43 +0000] - [fn logger] - ["init paths : /users/login"]
[28/Nov/2017:16:18:43 +0000] - [fn logger] - ["init paths : /news/mknews"]
[28/Nov/2017:16:18:43 +0000] - [fn logger] - ["init paths : /news/addNews"]
[28/Nov/2017:16:18:43 +0000] - [fn logger] - ["init paths : /gainInfo"]
[28/Nov/2017:16:18:43 +0000] - [fn logger] - ["init paths : /"]
[28/Nov/2017:16:18:43 +0000] - [fn logger] - ["init paths : /main"]
[28/Nov/2017:16:18:43 +0000] - [fn logger] - ["init paths : /reloadAuth"]
[28/Nov/2017:16:18:43 +0000] - [fn logger] - ["init paths : /filterLog"]
[28/Nov/2017:16:18:43 +0000] - [fn logger] - ["C:\\Users\\Administrator\\publication\\public\\html"]
[28/Nov/2017:16:18:44 +0000] - [fn logger] - ["filter:C:\\Users\\Administrator\\publication\\log\\access-20171128.log"]
[28/Nov/2017:16:18:44 +0000] - [fn logger] - [null]
::1 - - [28/Nov/2017:16:18:44 +0000] "GET /filterLog HTTP/1.1" 200 - "-" "Mozilla/5.0 (Windows NT 6.1; WOW64) AppleWebKit/537.36 (KHTML, like Gecko) Chrome/62.0.3202.94 Safari/537.36"
[28/Nov/2017:16:18:54 +0000] - [fn logger] - ["filter:C:\\Users\\Administrator\\publication\\log\\access-20171128.log"]
[28/Nov/2017:16:18:54 +0000] - [fn logger] - [null]
::1 - - [28/Nov/2017:16:18:54 +0000] "GET /filterLog HTTP/1.1" 200 - "-" "Mozilla/5.0 (Windows NT 6.1; WOW64) AppleWebKit/537.36 (KHTML, like Gecko) Chrome/62.0.3202.94 Safari/537.36"
[28/Nov/2017:16:20:10 +0000] - [fn logger] - ["init paths : /users/"]
[28/Nov/2017:16:20:10 +0000] - [fn logger] - ["C:\\Users\\Administrator\\publication"]
[28/Nov/2017:16:20:10 +0000] - [fn logger] - ["init paths : /users/login"]
[28/Nov/2017:16:20:10 +0000] - [fn logger] - ["init paths : /users/logout"]
[28/Nov/2017:16:20:10 +0000] - [fn logger] - ["init paths : /users/login"]
[28/Nov/2017:16:20:10 +0000] - [fn logger] - ["init paths : /news/mknews"]
[28/Nov/2017:16:20:10 +0000] - [fn logger] - ["init paths : /news/addNews"]
[28/Nov/2017:16:20:10 +0000] - [fn logger] - ["init paths : /gainInfo"]
[28/Nov/2017:16:20:10 +0000] - [fn logger] - ["init paths : /"]
[28/Nov/2017:16:20:10 +0000] - [fn logger] - ["init paths : /main"]
[28/Nov/2017:16:20:10 +0000] - [fn logger] - ["init paths : /reloadAuth"]
[28/Nov/2017:16:20:10 +0000] - [fn logger] - ["init paths : /filterLog"]
[28/Nov/2017:16:20:10 +0000] - [fn logger] - ["C:\\Users\\Administrator\\publication\\public\\html"]
[28/Nov/2017:16:20:10 +0000] - [fn logger] - ["filter:C:\\Users\\Administrator\\publication\\log\\access-20171128.log"]
[28/Nov/2017:16:20:10 +0000] - [fn logger] - [null]
[28/Nov/2017:16:20:10 +0000] - [fn logger] - [""]
::1 - - [28/Nov/2017:16:20:10 +0000] "GET /filterLog HTTP/1.1" 200 - "-" "Mozilla/5.0 (Windows NT 6.1; WOW64) AppleWebKit/537.36 (KHTML, like Gecko) Chrome/62.0.3202.94 Safari/537.36"
[28/Nov/2017:16:20:16 +0000] - [fn logger] - ["filter:C:\\Users\\Administrator\\publication\\log\\access-20171128.log"]
[28/Nov/2017:16:20:16 +0000] - [fn logger] - [null]
[28/Nov/2017:16:20:16 +0000] - [fn logger] - [""]
::1 - - [28/Nov/2017:16:20:16 +0000] "GET /filterLog HTTP/1.1" 200 - "-" "Mozilla/5.0 (Windows NT 6.1; WOW64) AppleWebKit/537.36 (KHTML, like Gecko) Chrome/62.0.3202.94 Safari/537.36"
[28/Nov/2017:16:20:36 +0000] - [fn logger] - ["init paths : /users/"]
[28/Nov/2017:16:20:36 +0000] - [fn logger] - ["C:\\Users\\Administrator\\publication"]
[28/Nov/2017:16:20:36 +0000] - [fn logger] - ["init paths : /users/login"]
[28/Nov/2017:16:20:36 +0000] - [fn logger] - ["init paths : /users/logout"]
[28/Nov/2017:16:20:36 +0000] - [fn logger] - ["init paths : /users/login"]
[28/Nov/2017:16:20:36 +0000] - [fn logger] - ["init paths : /news/mknews"]
[28/Nov/2017:16:20:36 +0000] - [fn logger] - ["init paths : /news/addNews"]
[28/Nov/2017:16:20:36 +0000] - [fn logger] - ["init paths : /gainInfo"]
[28/Nov/2017:16:20:36 +0000] - [fn logger] - ["init paths : /"]
[28/Nov/2017:16:20:36 +0000] - [fn logger] - ["init paths : /main"]
[28/Nov/2017:16:20:36 +0000] - [fn logger] - ["init paths : /reloadAuth"]
[28/Nov/2017:16:20:36 +0000] - [fn logger] - ["init paths : /filterLog"]
[28/Nov/2017:16:20:36 +0000] - [fn logger] - ["C:\\Users\\Administrator\\publication\\public\\html"]
[28/Nov/2017:16:20:36 +0000] - [fn logger] - ["filter:C:\\Users\\Administrator\\publication\\log\\access-20171128.log"]
[28/Nov/2017:16:20:36 +0000] - [fn logger] - [null]
[28/Nov/2017:16:20:36 +0000] - [fn logger] - ["rst:"]
::1 - - [28/Nov/2017:16:20:36 +0000] "GET /filterLog HTTP/1.1" 200 - "-" "Mozilla/5.0 (Windows NT 6.1; WOW64) AppleWebKit/537.36 (KHTML, like Gecko) Chrome/62.0.3202.94 Safari/537.36"
[28/Nov/2017:16:21:43 +0000] - [fn logger] - ["init paths : /users/"]
[28/Nov/2017:16:21:43 +0000] - [fn logger] - ["C:\\Users\\Administrator\\publication"]
[28/Nov/2017:16:21:43 +0000] - [fn logger] - ["init paths : /users/login"]
[28/Nov/2017:16:21:43 +0000] - [fn logger] - ["init paths : /users/logout"]
[28/Nov/2017:16:21:43 +0000] - [fn logger] - ["init paths : /users/login"]
[28/Nov/2017:16:21:43 +0000] - [fn logger] - ["init paths : /news/mknews"]
[28/Nov/2017:16:21:43 +0000] - [fn logger] - ["init paths : /news/addNews"]
[28/Nov/2017:16:21:43 +0000] - [fn logger] - ["init paths : /gainInfo"]
[28/Nov/2017:16:21:43 +0000] - [fn logger] - ["init paths : /"]
[28/Nov/2017:16:21:43 +0000] - [fn logger] - ["init paths : /main"]
[28/Nov/2017:16:21:43 +0000] - [fn logger] - ["init paths : /reloadAuth"]
[28/Nov/2017:16:21:43 +0000] - [fn logger] - ["init paths : /filterLog"]
[28/Nov/2017:16:21:43 +0000] - [fn logger] - ["C:\\Users\\Administrator\\publication\\public\\html"]
[28/Nov/2017:16:21:43 +0000] - [fn logger] - ["filter:C:\\Users\\Administrator\\publication\\log\\access-20171128.log"]
[28/Nov/2017:16:21:43 +0000] - [fn logger] - [null]
[28/Nov/2017:16:21:43 +0000] - [fn logger] - ["rst:"]
::ffff:127.0.0.1 - - [28/Nov/2017:16:21:43 +0000] "GET /filterLog HTTP/1.1" 200 - "-" "Mozilla/5.0 (Windows NT 6.1; WOW64) AppleWebKit/537.36 (KHTML, like Gecko) Chrome/62.0.3202.94 Safari/537.36"
[28/Nov/2017:16:22:02 +0000] - [fn logger] - ["init paths : /users/"]
[28/Nov/2017:16:22:02 +0000] - [fn logger] - ["C:\\Users\\Administrator\\publication"]
[28/Nov/2017:16:22:02 +0000] - [fn logger] - ["init paths : /users/login"]
[28/Nov/2017:16:22:02 +0000] - [fn logger] - ["init paths : /users/logout"]
[28/Nov/2017:16:22:02 +0000] - [fn logger] - ["init paths : /users/login"]
[28/Nov/2017:16:22:02 +0000] - [fn logger] - ["init paths : /news/mknews"]
[28/Nov/2017:16:22:02 +0000] - [fn logger] - ["init paths : /news/addNews"]
[28/Nov/2017:16:22:02 +0000] - [fn logger] - ["init paths : /gainInfo"]
[28/Nov/2017:16:22:02 +0000] - [fn logger] - ["init paths : /"]
[28/Nov/2017:16:22:02 +0000] - [fn logger] - ["init paths : /main"]
[28/Nov/2017:16:22:02 +0000] - [fn logger] - ["init paths : /reloadAuth"]
[28/Nov/2017:16:22:02 +0000] - [fn logger] - ["init paths : /filterLog"]
[28/Nov/2017:16:22:02 +0000] - [fn logger] - ["C:\\Users\\Administrator\\publication\\public\\html"]
[28/Nov/2017:16:22:03 +0000] - [fn logger] - ["filter:C:\\Users\\Administrator\\publication\\log\\access-20171128.log"]
[28/Nov/2017:16:22:03 +0000] - [fn logger] - [null]
[28/Nov/2017:16:22:03 +0000] - [fn logger] - [{"type":"Buffer","data":[91,50,56,47,78,111,118,47,50,48,49,55,58,49,53,58,53,49,58,49,54,32,43,48,48,48,48,93,32,45,32,91,102,110,32,108,111,103,103,101,114,93,32,45,32,91,34,105,110,105,116,32,112,97,116,104,115,32,58,32,47,117,115,101,114,115,47,34,93,10,91,50,56,47,78,111,118,47,50,48,49,55,58,49,53,58,53,49,58,49,54,32,43,48,48,48,48,93,32,45,32,91,102,110,32,108,111,103,103,101,114,93,32,45,32,91,34,67,58,92,92,85,115,101,114,115,92,92,65,100,109,105,110,105,115,116,114,97,116,111,114,92,92,112,117,98,108,105,99,97,116,105,111,110,34,93,10,91,50,56,47,78,111,118,47,50,48,49,55,58,49,53,58,53,49,58,49,54,32,43,48,48,48,48,93,32,45,32,91,102,110,32,108,111,103,103,101,114,93,32,45,32,91,34,105,110,105,116,32,112,97,116,104,115,32,58,32,47,117,115,101,114,115,47,108,111,103,105,110,34,93,10,91,50,56,47,78,111,118,47,50,48,49,55,58,49,53,58,53,49,58,49,54,32,43,48,48,48,48,93,32,45,32,91,102,110,32,108,111,103,103,101,114,93,32,45,32,91,34,105,110,105,116,32,112,97,116,104,115,32,58,32,47,117,115,101,114,115,47,108,111,103,111,117,116,34,93,10,91,50,56,47,78,111,118,47,50,48,49,55,58,49,53,58,53,49,58,49,54,32,43,48,48,48,48,93,32,45,32,91,102,110,32,108,111,103,103,101,114,93,32,45,32,91,34,105,110,105,116,32,112,97,116,104,115,32,58,32,47,117,115,101,114,115,47,108,111,103,105,110,34,93,10,91,50,56,47,78,111,118,47,50,48,49,55,58,49,53,58,53,49,58,49,54,32,43,48,48,48,48,93,32,45,32,91,102,110,32,108,111,103,103,101,114,93,32,45,32,91,34,105,110,105,116,32,112,97,116,104,115,32,58,32,47,110,101,119,115,47,109,107,110,101,119,115,34,93,10,91,50,56,47,78,111,118,47,50,48,49,55,58,49,53,58,53,49,58,49,54,32,43,48,48,48,48,93,32,45,32,91,102,110,32,108,111,103,103,101,114,93,32,45,32,91,34,105,110,105,116,32,112,97,116,104,115,32,58,32,47,110,101,119,115,47,97,100,100,78,101,119,115,34,93,10,91,50,56,47,78,111,118,47,50,48,49,55,58,49,53,58,53,49,58,49,54,32,43,48,48,48,48,93,32,45,32,91,102,110,32,108,111,103,103,101,114,93,32,45,32,91,34,105,110,105,116,32,112,97,116,104,115,32,58,32,47,103,97,105,110,73,110,102,111,34,93,10,91,50,56,47,78,111,118,47,50,48,49,55,58,49,53,58,53,49,58,49,54,32,43,48,48,48,48,93,32,45,32,91,102,110,32,108,111,103,103,101,114,93,32,45,32,91,34,105,110,105,116,32,112,97,116,104,115,32,58,32,47,34,93,10,91,50,56,47,78,111,118,47,50,48,49,55,58,49,53,58,53,49,58,49,54,32,43,48,48,48,48,93,32,45,32,91,102,110,32,108,111,103,103,101,114,93,32,45,32,91,34,105,110,105,116,32,112,97,116,104,115,32,58,32,47,109,97,105,110,34,93,10,91,50,56,47,78,111,118,47,50,48,49,55,58,49,53,58,53,49,58,49,54,32,43,48,48,48,48,93,32,45,32,91,102,110,32,108,111,103,103,101,114,93,32,45,32,91,34,105,110,105,116,32,112,97,116,104,115,32,58,32,47,114,101,108,111,97,100,65,117,116,104,34,93,10,91,50,56,47,78,111,118,47,50,48,49,55,58,49,53,58,53,49,58,49,54,32,43,48,48,48,48,93,32,45,32,91,102,110,32,108,111,103,103,101,114,93,32,45,32,91,34,105,110,105,116,32,112,97,116,104,115,32,58,32,47,102,105,108,116,101,114,76,111,103,34,93,10,91,50,56,47,78,111,118,47,50,48,49,55,58,49,53,58,53,49,58,49,54,32,43,48,48,48,48,93,32,45,32,91,102,110,32,108,111,103,103,101,114,93,32,45,32,91,34,67,58,92,92,85,115,101,114,115,92,92,65,100,109,105,110,105,115,116,114,97,116,111,114,92,92,112,117,98,108,105,99,97,116,105,111,110,92,92,112,117,98,108,105,99,92,92,104,116,109,108,34,93,10,91,50,56,47,78,111,118,47,50,48,49,55,58,49,53,58,53,49,58,49,54,32,43,48,48,48,48,93,32,45,32,91,102,110,32,108,111,103,103,101,114,93,32,45,32,91,34,102,105,108,116,101,114,58,67,58,92,92,85,115,101,114,115,92,92,65,100,109,105,110,105,115,116,114,97,116,111,114,92,92,112,117,98,108,105,99,97,116,105,111,110,92,92,108,111,103,92,92,97,99,99,101,115,115,45,50,48,49,55,49,49,50,56,46,108,111,103,34,93,10,91,50,56,47,78,111,118,47,50,48,49,55,58,49,53,58,53,49,58,49,54,32,43,48,48,48,48,93,32,45,32,91,102,110,32,108,111,103,103,101,114,93,32,45,32,91,110,117,108,108,93,10,58,58,49,32,45,32,45,32,91,50,56,47,78,111,118,47,50,48,49,55,58,49,53,58,53,49,58,49,54,32,43,48,48,48,48,93,32,34,71,69,84,32,47,102,105,108,116,101,114,76,111,103,32,72,84,84,80,47,49,46,49,34,32,50,48,48,32,45,32,34,45,34,32,34,77,111,122,105,108,108,97,47,53,46,48,32,40,87,105,110,100,111,119,115,32,78,84,32,54,46,49,59,32,87,79,87,54,52,41,32,65,112,112,108,101,87,101,98,75,105,116,47,53,51,55,46,51,54,32,40,75,72,84,77,76,44,32,108,105,107,101,32,71,101,99,107,111,41,32,67,104,114,111,109,101,47,54,50,46,48,46,51,50,48,50,46,57,52,32,83,97,102,97,114,105,47,53,51,55,46,51,54,34,10,91,50,56,47,78,111,118,47,50,48,49,55,58,49,53,58,53,49,58,50,53,32,43,48,48,48,48,93,32,45,32,91,102,110,32,108,111,103,103,101,114,93,32,45,32,91,34,102,105,108,116,101,114,58,67,58,92,92,85,115,101,114,115,92,92,65,100,109,105,110,105,115,116,114,97,116,111,114,92,92,112,117,98,108,105,99,97,116,105,111,110,92,92,108,111,103,92,92,97,99,99,101,115,115,45,50,48,49,55,49,49,50,56,46,108,111,103,34,93,10,91,50,56,47,78,111,118,47,50,48,49,55,58,49,53,58,53,49,58,50,53,32,43,48,48,48,48,93,32,45,32,91,102,110,32,108,111,103,103,101,114,93,32,45,32,91,110,117,108,108,93,10,58,58,49,32,45,32,45,32,91,50,56,47,78,111,118,47,50,48,49,55,58,49,53,58,53,49,58,50,53,32,43,48,48,48,48,93,32,34,71,69,84,32,47,102,105,108,116,101,114,76,111,103,32,72,84,84,80,47,49,46,49,34,32,50,48,48,32,45,32,34,45,34,32,34,77,111,122,105,108,108,97,47,53,46,48,32,40,87,105,110,100,111,119,115,32,78,84,32,54,46,49,59,32,87,79,87,54,52,41,32,65,112,112,108,101,87,101,98,75,105,116,47,53,51,55,46,51,54,32,40,75,72,84,77,76,44,32,108,105,107,101,32,71,101,99,107,111,41,32,67,104,114,111,109,101,47,54,50,46,48,46,51,50,48,50,46,57,52,32,83,97,102,97,114,105,47,53,51,55,46,51,54,34,10,91,50,56,47,78,111,118,47,50,48,49,55,58,49,53,58,53,50,58,52,50,32,43,48,48,48,48,93,32,45,32,91,102,110,32,108,111,103,103,101,114,93,32,45,32,91,34,102,105,108,116,101,114,58,67,58,92,92,85,115,101,114,115,92,92,65,100,109,105,110,105,115,116,114,97,116,111,114,92,92,112,117,98,108,105,99,97,116,105,111,110,92,92,108,111,103,92,92,97,99,99,101,115,115,45,50,48,49,55,49,49,50,56,46,108,111,103,34,93,10,91,50,56,47,78,111,118,47,50,48,49,55,58,49,53,58,53,50,58,52,50,32,43,48,48,48,48,93,32,45,32,91,102,110,32,108,111,103,103,101,114,93,32,45,32,91,110,117,108,108,93,10,58,58,49,32,45,32,45,32,91,50,56,47,78,111,118,47,50,48,49,55,58,49,53,58,53,50,58,52,50,32,43,48,48,48,48,93,32,34,71,69,84,32,47,102,105,108,116,101,114,76,111,103,32,72,84,84,80,47,49,46,49,34,32,50,48,48,32,45,32,34,45,34,32,34,77,111,122,105,108,108,97,47,53,46,48,32,40,87,105,110,100,111,119,115,32,78,84,32,54,46,49,59,32,87,79,87,54,52,41,32,65,112,112,108,101,87,101,98,75,105,116,47,53,51,55,46,51,54,32,40,75,72,84,77,76,44,32,108,105,107,101,32,71,101,99,107,111,41,32,67,104,114,111,109,101,47,54,50,46,48,46,51,50,48,50,46,57,52,32,83,97,102,97,114,105,47,53,51,55,46,51,54,34,10,91,50,56,47,78,111,118,47,50,48,49,55,58,49,53,58,53,52,58,49,57,32,43,48,48,48,48,93,32,45,32,91,102,110,32,108,111,103,103,101,114,93,32,45,32,91,34,105,110,105,116,32,112,97,116,104,115,32,58,32,47,117,115,101,114,115,47,34,93,10,91,50,56,47,78,111,118,47,50,48,49,55,58,49,53,58,53,52,58,49,57,32,43,48,48,48,48,93,32,45,32,91,102,110,32,108,111,103,103,101,114,93,32,45,32,91,34,67,58,92,92,85,115,101,114,115,92,92,65,100,109,105,110,105,115,116,114,97,116,111,114,92,92,112,117,98,108,105,99,97,116,105,111,110,34,93,10,91,50,56,47,78,111,118,47,50,48,49,55,58,49,53,58,53,52,58,49,57,32,43,48,48,48,48,93,32,45,32,91,102,110,32,108,111,103,103,101,114,93,32,45,32,91,34,105,110,105,116,32,112,97,116,104,115,32,58,32,47,117,115,101,114,115,47,108,111,103,105,110,34,93,10,91,50,56,47,78,111,118,47,50,48,49,55,58,49,53,58,53,52,58,49,57,32,43,48,48,48,48,93,32,45,32,91,102,110,32,108,111,103,103,101,114,93,32,45,32,91,34,105,110,105,116,32,112,97,116,104,115,32,58,32,47,117,115,101,114,115,47,108,111,103,111,117,116,34,93,10,91,50,56,47,78,111,118,47,50,48,49,55,58,49,53,58,53,52,58,49,57,32,43,48,48,48,48,93,32,45,32,91,102,110,32,108,111,103,103,101,114,93,32,45,32,91,34,105,110,105,116,32,112,97,116,104,115,32,58,32,47,117,115,101,114,115,47,108,111,103,105,110,34,93,10,91,50,56,47,78,111,118,47,50,48,49,55,58,49,53,58,53,52,58,49,57,32,43,48,48,48,48,93,32,45,32,91,102,110,32,108,111,103,103,101,114,93,32,45,32,91,34,105,110,105,116,32,112,97,116,104,115,32,58,32,47,110,101,119,115,47,109,107,110,101,119,115,34,93,10,91,50,56,47,78,111,118,47,50,48,49,55,58,49,53,58,53,52,58,49,57,32,43,48,48,48,48,93,32,45,32,91,102,110,32,108,111,103,103,101,114,93,32,45,32,91,34,105,110,105,116,32,112,97,116,104,115,32,58,32,47,110,101,119,115,47,97,100,100,78,101,119,115,34,93,10,91,50,56,47,78,111,118,47,50,48,49,55,58,49,53,58,53,52,58,49,57,32,43,48,48,48,48,93,32,45,32,91,102,110,32,108,111,103,103,101,114,93,32,45,32,91,34,105,110,105,116,32,112,97,116,104,115,32,58,32,47,103,97,105,110,73,110,102,111,34,93,10,91,50,56,47,78,111,118,47,50,48,49,55,58,49,53,58,53,52,58,49,57,32,43,48,48,48,48,93,32,45,32,91,102,110,32,108,111,103,103,101,114,93,32,45,32,91,34,105,110,105,116,32,112,97,116,104,115,32,58,32,47,34,93,10,91,50,56,47,78,111,118,47,50,48,49,55,58,49,53,58,53,52,58,49,57,32,43,48,48,48,48,93,32,45,32,91,102,110,32,108,111,103,103,101,114,93,32,45,32,91,34,105,110,105,116,32,112,97,116,104,115,32,58,32,47,109,97,105,110,34,93,10,91,50,56,47,78,111,118,47,50,48,49,55,58,49,53,58,53,52,58,49,57,32,43,48,48,48,48,93,32,45,32,91,102,110,32,108,111,103,103,101,114,93,32,45,32,91,34,105,110,105,116,32,112,97,116,104,115,32,58,32,47,114,101,108,111,97,100,65,117,116,104,34,93,10,91,50,56,47,78,111,118,47,50,48,49,55,58,49,53,58,53,52,58,49,57,32,43,48,48,48,48,93,32,45,32,91,102,110,32,108,111,103,103,101,114,93,32,45,32,91,34,105,110,105,116,32,112,97,116,104,115,32,58,32,47,102,105,108,116,101,114,76,111,103,34,93,10,91,50,56,47,78,111,118,47,50,48,49,55,58,49,53,58,53,52,58,49,57,32,43,48,48,48,48,93,32,45,32,91,102,110,32,108,111,103,103,101,114,93,32,45,32,91,34,67,58,92,92,85,115,101,114,115,92,92,65,100,109,105,110,105,115,116,114,97,116,111,114,92,92,112,117,98,108,105,99,97,116,105,111,110,92,92,112,117,98,108,105,99,92,92,104,116,109,108,34,93,10,91,50,56,47,78,111,118,47,50,48,49,55,58,49,53,58,53,52,58,49,57,32,43,48,48,48,48,93,32,45,32,91,102,110,32,108,111,103,103,101,114,93,32,45,32,91,34,102,105,108,116,101,114,58,67,58,92,92,85,115,101,114,115,92,92,65,100,109,105,110,105,115,116,114,97,116,111,114,92,92,112,117,98,108,105,99,97,116,105,111,110,92,92,108,111,103,92,92,97,99,99,101,115,115,45,50,48,49,55,49,49,50,56,46,108,111,103,34,93,10,91,50,56,47,78,111,118,47,50,48,49,55,58,49,53,58,53,52,58,49,57,32,43,48,48,48,48,93,32,45,32,91,102,110,32,108,111,103,103,101,114,93,32,45,32,91,110,117,108,108,93,10,58,58,49,32,45,32,45,32,91,50,56,47,78,111,118,47,50,48,49,55,58,49,53,58,53,52,58,49,57,32,43,48,48,48,48,93,32,34,71,69,84,32,47,102,105,108,116,101,114,76,111,103,32,72,84,84,80,47,49,46,49,34,32,50,48,48,32,45,32,34,45,34,32,34,77,111,122,105,108,108,97,47,53,46,48,32,40,87,105,110,100,111,119,115,32,78,84,32,54,46,49,59,32,87,79,87,54,52,41,32,65,112,112,108,101,87,101,98,75,105,116,47,53,51,55,46,51,54,32,40,75,72,84,77,76,44,32,108,105,107,101,32,71,101,99,107,111,41,32,67,104,114,111,109,101,47,54,50,46,48,46,51,50,48,50,46,57,52,32,83,97,102,97,114,105,47,53,51,55,46,51,54,34,10]}]
[28/Nov/2017:16:22:03 +0000] - [fn logger] - ["rst:"]
::1 - - [28/Nov/2017:16:22:03 +0000] "GET /filterLog HTTP/1.1" 200 - "-" "Mozilla/5.0 (Windows NT 6.1; WOW64) AppleWebKit/537.36 (KHTML, like Gecko) Chrome/62.0.3202.94 Safari/537.36"
[28/Nov/2017:16:22:40 +0000] - [fn logger] - ["init paths : /users/"]
[28/Nov/2017:16:22:40 +0000] - [fn logger] - ["C:\\Users\\Administrator\\publication"]
[28/Nov/2017:16:22:40 +0000] - [fn logger] - ["init paths : /users/login"]
[28/Nov/2017:16:22:40 +0000] - [fn logger] - ["init paths : /users/logout"]
[28/Nov/2017:16:22:40 +0000] - [fn logger] - ["init paths : /users/login"]
[28/Nov/2017:16:22:40 +0000] - [fn logger] - ["init paths : /news/mknews"]
[28/Nov/2017:16:22:40 +0000] - [fn logger] - ["init paths : /news/addNews"]
[28/Nov/2017:16:22:40 +0000] - [fn logger] - ["init paths : /gainInfo"]
[28/Nov/2017:16:22:40 +0000] - [fn logger] - ["init paths : /"]
[28/Nov/2017:16:22:40 +0000] - [fn logger] - ["init paths : /main"]
[28/Nov/2017:16:22:40 +0000] - [fn logger] - ["init paths : /reloadAuth"]
[28/Nov/2017:16:22:40 +0000] - [fn logger] - ["init paths : /filterLog"]
[28/Nov/2017:16:22:40 +0000] - [fn logger] - ["C:\\Users\\Administrator\\publication\\public\\html"]
[28/Nov/2017:16:22:40 +0000] - [fn logger] - ["filter:C:\\Users\\Administrator\\publication\\log\\access-20171128.log"]
[28/Nov/2017:16:22:40 +0000] - [fn logger] - [null]
[28/Nov/2017:16:22:40 +0000] - [fn logger] - ["[28/Nov/2017:15:51:16 +0000] - [fn logger] - [\"init paths : /users/\"]\n[28/Nov/2017:15:51:16 +0000] - [fn logger] - [\"C:\\\\Users\\\\Administrator\\\\publication\"]\n[28/Nov/2017:15:51:16 +0000] - [fn logger] - [\"init paths : /users/login\"]\n[28/Nov/2017:15:51:16 +0000] - [fn logger] - [\"init paths : /users/logout\"]\n[28/Nov/2017:15:51:16 +0000] - [fn logger] - [\"init paths : /users/login\"]\n[28/Nov/2017:15:51:16 +0000] - [fn logger] - [\"init paths : /news/mknews\"]\n[28/Nov/2017:15:51:16 +0000] - [fn logger] - [\"init paths : /news/addNews\"]\n[28/Nov/2017:15:51:16 +0000] - [fn logger] - [\"init paths : /gainInfo\"]\n[28/Nov/2017:15:51:16 +0000] - [fn logger] - [\"init paths : /\"]\n[28/Nov/2017:15:51:16 +0000] - [fn logger] - [\"init paths : /main\"]\n[28/Nov/2017:15:51:16 +0000] - [fn logger] - [\"init paths : /reloadAuth\"]\n[28/Nov/2017:15:51:16 +0000] - [fn logger] - [\"init paths : /filterLog\"]\n[28/Nov/2017:15:51:16 +0000] - [fn logger] - [\"C:\\\\Users\\\\Administrator\\\\publication\\\\public\\\\html\"]\n[28/Nov/2017:15:51:16 +0000] - [fn logger] - [\"filter:C:\\\\Users\\\\Administrator\\\\publication\\\\log\\\\access-20171128.log\"]\n[28/Nov/2017:15:51:16 +0000] - [fn logger] - [null]\n::1 - - [28/Nov/2017:15:51:16 +0000] \"GET /filterLog HTTP/1.1\" 200 - \"-\" \"Mozilla/5.0 (Windows NT 6.1; WOW64) AppleWebKit/537.36 (KHTML, like Gecko) Chrome/62.0.3202.94 Safari/537.36\"\n[28/Nov/2017:15:51:25 +0000] - [fn logger] - [\"filter:C:\\\\Users\\\\Administrator\\\\publication\\\\log\\\\access-20171128.log\"]\n[28/Nov/2017:15:51:25 +0000] - [fn logger] - [null]\n::1 - - [28/Nov/2017:15:51:25 +0000] \"GET /filterLog HTTP/1.1\" 200 - \"-\" \"Mozilla/5.0 (Windows NT 6.1; WOW64) AppleWebKit/537.36 (KHTML, like Gecko) Chrome/62.0.3202.94 Safari/537.36\"\n[28/Nov/2017:15:52:42 +0000] - [fn logger] - [\"filter:C:\\\\Users\\\\Administrator\\\\publication\\\\log\\\\access-20171128.log\"]\n[28/Nov/2017:15:52:42 +0000] - [fn logger] - [null]\n::1 - - [28/Nov/2017:15:52:42 +0000] \"GET /filterLog HTTP/1.1\" 200 - \"-\" \"Mozilla/5.0 (Windows NT 6.1; WOW64) AppleWebKit/537.36 (KHTML, like Gecko) Chrome/62.0.3202.94 Safari/537.36\"\n[28/Nov/2017:15:54:19 +0000] - [fn logger] - [\"init paths : /users/\"]\n[28/Nov/2017:15:54:19 +0000] - [fn logger] - [\"C:\\\\Users\\\\Administrator\\\\publication\"]\n[28/Nov/2017:15:54:19 +0000] - [fn logger] - [\"init paths : /users/login\"]\n[28/Nov/2017:15:54:19 +0000] - [fn logger] - [\"init paths : /users/logout\"]\n[28/Nov/2017:15:54:19 +0000] - [fn logger] - [\"init paths : /users/login\"]\n[28/Nov/2017:15:54:19 +0000] - [fn logger] - [\"init paths : /news/mknews\"]\n[28/Nov/2017:15:54:19 +0000] - [fn logger] - [\"init paths : /news/addNews\"]\n[28/Nov/2017:15:54:19 +0000] - [fn logger] - [\"init paths : /gainInfo\"]\n[28/Nov/2017:15:54:19 +0000] - [fn logger] - [\"init paths : /\"]\n[28/Nov/2017:15:54:19 +0000] - [fn logger] - [\"init paths : /main\"]\n[28/Nov/2017:15:54:19 +0000] - [fn logger] - [\"init paths : /reloadAuth\"]\n[28/Nov/2017:15:54:19 +0000] - [fn logger] - [\"init paths : /filterLog\"]\n[28/Nov/2017:15:54:19 +0000] - [fn logger] - [\"C:\\\\Users\\\\Administrator\\\\publication\\\\public\\\\html\"]\n[28/Nov/2017:15:54:19 +0000] - [fn logger] - [\"filter:C:\\\\Users\\\\Administrator\\\\publication\\\\log\\\\access-20171128.log\"]\n[28/Nov/2017:15:54:19 +0000] - [fn logger] - [null]\n::1 - - [28/Nov/2017:15:54:19 +0000] \"GET /filterLog HTTP/1.1\" 200 - \"-\" \"Mozilla/5.0 (Windows NT 6.1; WOW64) AppleWebKit/537.36 (KHTML, like Gecko) Chrome/62.0.3202.94 Safari/537.36\"\n"]
[28/Nov/2017:16:22:40 +0000] - [fn logger] - ["rst:"]
::1 - - [28/Nov/2017:16:22:40 +0000] "GET /filterLog HTTP/1.1" 200 - "-" "Mozilla/5.0 (Windows NT 6.1; WOW64) AppleWebKit/537.36 (KHTML, like Gecko) Chrome/62.0.3202.94 Safari/537.36"
[28/Nov/2017:16:23:12 +0000] - [fn logger] - ["init paths : /users/"]
[28/Nov/2017:16:23:12 +0000] - [fn logger] - ["C:\\Users\\Administrator\\publication"]
[28/Nov/2017:16:23:12 +0000] - [fn logger] - ["init paths : /users/login"]
[28/Nov/2017:16:23:12 +0000] - [fn logger] - ["init paths : /users/logout"]
[28/Nov/2017:16:23:12 +0000] - [fn logger] - ["init paths : /users/login"]
[28/Nov/2017:16:23:12 +0000] - [fn logger] - ["init paths : /news/mknews"]
[28/Nov/2017:16:23:12 +0000] - [fn logger] - ["init paths : /news/addNews"]
[28/Nov/2017:16:23:12 +0000] - [fn logger] - ["init paths : /gainInfo"]
[28/Nov/2017:16:23:12 +0000] - [fn logger] - ["init paths : /"]
[28/Nov/2017:16:23:12 +0000] - [fn logger] - ["init paths : /main"]
[28/Nov/2017:16:23:12 +0000] - [fn logger] - ["init paths : /reloadAuth"]
[28/Nov/2017:16:23:12 +0000] - [fn logger] - ["init paths : /filterLog"]
[28/Nov/2017:16:23:12 +0000] - [fn logger] - ["C:\\Users\\Administrator\\publication\\public\\html"]
[28/Nov/2017:16:23:12 +0000] - [fn logger] - ["filter:C:\\Users\\Administrator\\publication\\log\\access-20171128.log"]
[28/Nov/2017:16:23:12 +0000] - [fn logger] - [null]
[28/Nov/2017:16:23:12 +0000] - [fn logger] - ["NaN/undefined/NaN:NaN:NaN:NaN +0000"]
[28/Nov/2017:16:23:12 +0000] - [fn logger] - ["rst:"]
::1 - - [28/Nov/2017:16:23:12 +0000] "GET /filterLog HTTP/1.1" 200 - "-" "Mozilla/5.0 (Windows NT 6.1; WOW64) AppleWebKit/537.36 (KHTML, like Gecko) Chrome/62.0.3202.94 Safari/537.36"
[28/Nov/2017:16:25:02 +0000] - [fn logger] - ["init paths : /users/"]
[28/Nov/2017:16:25:02 +0000] - [fn logger] - ["C:\\Users\\Administrator\\publication"]
[28/Nov/2017:16:25:02 +0000] - [fn logger] - ["init paths : /users/login"]
[28/Nov/2017:16:25:02 +0000] - [fn logger] - ["init paths : /users/logout"]
[28/Nov/2017:16:25:02 +0000] - [fn logger] - ["init paths : /users/login"]
[28/Nov/2017:16:25:02 +0000] - [fn logger] - ["init paths : /news/mknews"]
[28/Nov/2017:16:25:02 +0000] - [fn logger] - ["init paths : /news/addNews"]
[28/Nov/2017:16:25:02 +0000] - [fn logger] - ["init paths : /gainInfo"]
[28/Nov/2017:16:25:02 +0000] - [fn logger] - ["init paths : /"]
[28/Nov/2017:16:25:02 +0000] - [fn logger] - ["init paths : /main"]
[28/Nov/2017:16:25:02 +0000] - [fn logger] - ["init paths : /reloadAuth"]
[28/Nov/2017:16:25:02 +0000] - [fn logger] - ["init paths : /filterLog"]
[28/Nov/2017:16:25:02 +0000] - [fn logger] - ["C:\\Users\\Administrator\\publication\\public\\html"]
[28/Nov/2017:16:25:02 +0000] - [fn logger] - ["filter:C:\\Users\\Administrator\\publication\\log\\access-20171128.log"]
[28/Nov/2017:16:25:02 +0000] - [fn logger] - [null]
[28/Nov/2017:16:25:02 +0000] - [fn logger] - ["28/Nov/2017:15:54:19 +0000"]
[28/Nov/2017:16:25:02 +0000] - [fn logger] - ["rst:"]
::1 - - [28/Nov/2017:16:25:02 +0000] "GET /filterLog HTTP/1.1" 200 - "-" "Mozilla/5.0 (Windows NT 6.1; WOW64) AppleWebKit/537.36 (KHTML, like Gecko) Chrome/62.0.3202.94 Safari/537.36"
[28/Nov/2017:16:29:02 +0000] - [fn logger] - ["init paths : /users/"]
[28/Nov/2017:16:29:02 +0000] - [fn logger] - ["C:\\Users\\Administrator\\publication"]
[28/Nov/2017:16:29:02 +0000] - [fn logger] - ["init paths : /users/login"]
[28/Nov/2017:16:29:02 +0000] - [fn logger] - ["init paths : /users/logout"]
[28/Nov/2017:16:29:02 +0000] - [fn logger] - ["init paths : /users/login"]
[28/Nov/2017:16:29:02 +0000] - [fn logger] - ["init paths : /news/mknews"]
[28/Nov/2017:16:29:02 +0000] - [fn logger] - ["init paths : /news/addNews"]
[28/Nov/2017:16:29:02 +0000] - [fn logger] - ["init paths : /gainInfo"]
[28/Nov/2017:16:29:02 +0000] - [fn logger] - ["init paths : /"]
[28/Nov/2017:16:29:02 +0000] - [fn logger] - ["init paths : /main"]
[28/Nov/2017:16:29:02 +0000] - [fn logger] - ["init paths : /reloadAuth"]
[28/Nov/2017:16:29:02 +0000] - [fn logger] - ["init paths : /filterLog"]
[28/Nov/2017:16:29:02 +0000] - [fn logger] - ["C:\\Users\\Administrator\\publication\\public\\html"]
[28/Nov/2017:16:29:03 +0000] - [fn logger] - ["filter:C:\\Users\\Administrator\\publication\\log\\access-20171128.log"]
[28/Nov/2017:16:29:03 +0000] - [fn logger] - [null]
[28/Nov/2017:16:29:03 +0000] - [fn logger] - ["28/Nov/2017:15:54:19 +0000"]
[28/Nov/2017:16:29:03 +0000] - [fn logger] - ["28/Nov/2017:15:51:16 +0000] - [fn logger] - [\"init paths : /users/\"]"]
[28/Nov/2017:16:29:03 +0000] - [fn logger] - ["28/Nov/2017:15:51:16 +0000] - [fn logger] - [\"C:\\\\Users\\\\Administrator\\\\publication\"]"]
[28/Nov/2017:16:29:03 +0000] - [fn logger] - ["28/Nov/2017:15:51:16 +0000] - [fn logger] - [\"init paths : /users/login\"]"]
[28/Nov/2017:16:29:03 +0000] - [fn logger] - ["28/Nov/2017:15:51:16 +0000] - [fn logger] - [\"init paths : /users/logout\"]"]
[28/Nov/2017:16:29:03 +0000] - [fn logger] - ["28/Nov/2017:15:51:16 +0000] - [fn logger] - [\"init paths : /users/login\"]"]
[28/Nov/2017:16:29:03 +0000] - [fn logger] - ["28/Nov/2017:15:51:16 +0000] - [fn logger] - [\"init paths : /news/mknews\"]"]
[28/Nov/2017:16:29:03 +0000] - [fn logger] - ["28/Nov/2017:15:51:16 +0000] - [fn logger] - [\"init paths : /news/addNews\"]"]
[28/Nov/2017:16:29:03 +0000] - [fn logger] - ["28/Nov/2017:15:51:16 +0000] - [fn logger] - [\"init paths : /gainInfo\"]"]
[28/Nov/2017:16:29:03 +0000] - [fn logger] - ["28/Nov/2017:15:51:16 +0000] - [fn logger] - [\"init paths : /\"]"]
[28/Nov/2017:16:29:03 +0000] - [fn logger] - ["28/Nov/2017:15:51:16 +0000] - [fn logger] - [\"init paths : /main\"]"]
[28/Nov/2017:16:29:03 +0000] - [fn logger] - ["28/Nov/2017:15:51:16 +0000] - [fn logger] - [\"init paths : /reloadAuth\"]"]
[28/Nov/2017:16:29:03 +0000] - [fn logger] - ["28/Nov/2017:15:51:16 +0000] - [fn logger] - [\"init paths : /filterLog\"]"]
[28/Nov/2017:16:29:03 +0000] - [fn logger] - ["28/Nov/2017:15:51:16 +0000] - [fn logger] - [\"C:\\\\Users\\\\Administrator\\\\publication\\\\public\\\\html\"]"]
[28/Nov/2017:16:29:03 +0000] - [fn logger] - ["28/Nov/2017:15:51:16 +0000] - [fn logger] - [\"filter:C:\\\\Users\\\\Administrator\\\\publication\\\\log\\\\access-20171128.log\"]"]
[28/Nov/2017:16:29:03 +0000] - [fn logger] - ["28/Nov/2017:15:51:16 +0000] - [fn logger] - [null]"]
[28/Nov/2017:16:29:03 +0000] - [fn logger] - ["::1 - - [28/Nov/2017:15:51:16 +0000] \"GET /filterLog HTTP/1.1\" 200 - \"-\" \"Mozilla/5.0 (Windows NT 6.1; WOW64) AppleWebKit/537.36 (KHTML, like Gecko) Chrome/62.0.3202.94 Safari/537.36\""]
[28/Nov/2017:16:29:03 +0000] - [fn logger] - ["28/Nov/2017:15:51:25 +0000] - [fn logger] - [\"filter:C:\\\\Users\\\\Administrator\\\\publication\\\\log\\\\access-20171128.log\"]"]
[28/Nov/2017:16:29:03 +0000] - [fn logger] - ["28/Nov/2017:15:51:25 +0000] - [fn logger] - [null]"]
[28/Nov/2017:16:29:03 +0000] - [fn logger] - ["::1 - - [28/Nov/2017:15:51:25 +0000] \"GET /filterLog HTTP/1.1\" 200 - \"-\" \"Mozilla/5.0 (Windows NT 6.1; WOW64) AppleWebKit/537.36 (KHTML, like Gecko) Chrome/62.0.3202.94 Safari/537.36\""]
[28/Nov/2017:16:29:03 +0000] - [fn logger] - ["28/Nov/2017:15:52:42 +0000] - [fn logger] - [\"filter:C:\\\\Users\\\\Administrator\\\\publication\\\\log\\\\access-20171128.log\"]"]
[28/Nov/2017:16:29:03 +0000] - [fn logger] - ["28/Nov/2017:15:52:42 +0000] - [fn logger] - [null]"]
[28/Nov/2017:16:29:03 +0000] - [fn logger] - ["::1 - - [28/Nov/2017:15:52:42 +0000] \"GET /filterLog HTTP/1.1\" 200 - \"-\" \"Mozilla/5.0 (Windows NT 6.1; WOW64) AppleWebKit/537.36 (KHTML, like Gecko) Chrome/62.0.3202.94 Safari/537.36\""]
[28/Nov/2017:16:29:03 +0000] - [fn logger] - ["28/Nov/2017:15:54:19 +0000] - [fn logger] - [\"init paths : /users/\"]"]
[28/Nov/2017:16:29:03 +0000] - [fn logger] - ["28/Nov/2017:15:54:19 +0000] - [fn logger] - [\"C:\\\\Users\\\\Administrator\\\\publication\"]"]
[28/Nov/2017:16:29:03 +0000] - [fn logger] - ["28/Nov/2017:15:54:19 +0000] - [fn logger] - [\"init paths : /users/login\"]"]
[28/Nov/2017:16:29:03 +0000] - [fn logger] - ["28/Nov/2017:15:54:19 +0000] - [fn logger] - [\"init paths : /users/logout\"]"]
[28/Nov/2017:16:29:03 +0000] - [fn logger] - ["28/Nov/2017:15:54:19 +0000] - [fn logger] - [\"init paths : /users/login\"]"]
[28/Nov/2017:16:29:03 +0000] - [fn logger] - ["28/Nov/2017:15:54:19 +0000] - [fn logger] - [\"init paths : /news/mknews\"]"]
[28/Nov/2017:16:29:03 +0000] - [fn logger] - ["28/Nov/2017:15:54:19 +0000] - [fn logger] - [\"init paths : /news/addNews\"]"]
[28/Nov/2017:16:29:03 +0000] - [fn logger] - ["28/Nov/2017:15:54:19 +0000] - [fn logger] - [\"init paths : /gainInfo\"]"]
[28/Nov/2017:16:29:03 +0000] - [fn logger] - ["28/Nov/2017:15:54:19 +0000] - [fn logger] - [\"init paths : /\"]"]
[28/Nov/2017:16:29:03 +0000] - [fn logger] - ["28/Nov/2017:15:54:19 +0000] - [fn logger] - [\"init paths : /main\"]"]
[28/Nov/2017:16:29:03 +0000] - [fn logger] - ["28/Nov/2017:15:54:19 +0000] - [fn logger] - [\"init paths : /reloadAuth\"]"]
[28/Nov/2017:16:29:03 +0000] - [fn logger] - ["28/Nov/2017:15:54:19 +0000] - [fn logger] - [\"init paths : /filterLog\"]"]
[28/Nov/2017:16:29:03 +0000] - [fn logger] - ["28/Nov/2017:15:54:19 +0000] - [fn logger] - [\"C:\\\\Users\\\\Administrator\\\\publication\\\\public\\\\html\"]"]
[28/Nov/2017:16:29:03 +0000] - [fn logger] - ["28/Nov/2017:15:54:19 +0000] - [fn logger] - [\"filter:C:\\\\Users\\\\Administrator\\\\publication\\\\log\\\\access-20171128.log\"]"]
[28/Nov/2017:16:29:03 +0000] - [fn logger] - ["28/Nov/2017:15:54:19 +0000] - [fn logger] - [null]"]
[28/Nov/2017:16:29:03 +0000] - [fn logger] - ["::1 - - [28/Nov/2017:15:54:19 +0000] \"GET /filterLog HTTP/1.1\" 200 - \"-\" \"Mozilla/5.0 (Windows NT 6.1; WOW64) AppleWebKit/537.36 (KHTML, like Gecko) Chrome/62.0.3202.94 Safari/537.36\""]
[28/Nov/2017:16:29:03 +0000] - [fn logger] - ["rst: [\"init paths : /users/\"]\n [\"C:\\\\Users\\\\Administrator\\\\publication\"]\n [\"init paths : /users/login\"]\n [\"init paths : /users/logout\"]\n [\"init paths : /users/login\"]\n [\"init paths : /news/mknews\"]\n [\"init paths : /news/addNews\"]\n [\"init paths : /gainInfo\"]\n [\"init paths : /\"]\n [\"init paths : /main\"]\n [\"init paths : /reloadAuth\"]\n [\"init paths : /filterLog\"]\n [\"C:\\\\Users\\\\Administrator\\\\publication\\\\public\\\\html\"]\n [\"filter:C:\\\\Users\\\\Administrator\\\\publication\\\\log\\\\access\n [null]\n [28/Nov/2017:15:51:16 +0000] \"GET /filterLog HTTP/1.1\" 200 \n [\"filter:C:\\\\Users\\\\Administrator\\\\publication\\\\log\\\\access\n [null]\n [28/Nov/2017:15:51:25 +0000] \"GET /filterLog HTTP/1.1\" 200 \n [\"filter:C:\\\\Users\\\\Administrator\\\\publication\\\\log\\\\access\n [null]\n [28/Nov/2017:15:52:42 +0000] \"GET /filterLog HTTP/1.1\" 200 \n [\"init paths : /users/\"]\n [\"C:\\\\Users\\\\Administrator\\\\publication\"]\n [\"init paths : /users/login\"]\n [\"init paths : /users/logout\"]\n [\"init paths : /users/login\"]\n [\"init paths : /news/mknews\"]\n [\"init paths : /news/addNews\"]\n [\"init paths : /gainInfo\"]\n [\"init paths : /\"]\n [\"init paths : /main\"]\n [\"init paths : /reloadAuth\"]\n [\"init paths : /filterLog\"]\n [\"C:\\\\Users\\\\Administrator\\\\publication\\\\public\\\\html\"]\n [\"filter:C:\\\\Users\\\\Administrator\\\\publication\\\\log\\\\access\n [null]\n [28/Nov/2017:15:54:19 +0000] \"GET /filterLog HTTP/1.1\" 200 "]
::1 - - [28/Nov/2017:16:29:03 +0000] "GET /filterLog HTTP/1.1" 200 - "-" "Mozilla/5.0 (Windows NT 6.1; WOW64) AppleWebKit/537.36 (KHTML, like Gecko) Chrome/62.0.3202.94 Safari/537.36"
[28/Nov/2017:16:32:10 +0000] - [fn logger] - ["filter:C:\\Users\\Administrator\\publication\\log\\access-20171128.log"]
[28/Nov/2017:16:32:10 +0000] - [fn logger] - [null]
[28/Nov/2017:16:32:10 +0000] - [fn logger] - ["28/Nov/2017:15:54:19 +0000"]
[28/Nov/2017:16:32:10 +0000] - [fn logger] - ["28/Nov/2017:15:51:16 +0000] - [fn logger] - [\"init paths : /users/\"]"]
[28/Nov/2017:16:32:10 +0000] - [fn logger] - ["28/Nov/2017:15:51:16 +0000] - [fn logger] - [\"C:\\\\Users\\\\Administrator\\\\publication\"]"]
[28/Nov/2017:16:32:10 +0000] - [fn logger] - ["28/Nov/2017:15:51:16 +0000] - [fn logger] - [\"init paths : /users/login\"]"]
[28/Nov/2017:16:32:10 +0000] - [fn logger] - ["28/Nov/2017:15:51:16 +0000] - [fn logger] - [\"init paths : /users/logout\"]"]
[28/Nov/2017:16:32:10 +0000] - [fn logger] - ["28/Nov/2017:15:51:16 +0000] - [fn logger] - [\"init paths : /users/login\"]"]
[28/Nov/2017:16:32:10 +0000] - [fn logger] - ["28/Nov/2017:15:51:16 +0000] - [fn logger] - [\"init paths : /news/mknews\"]"]
[28/Nov/2017:16:32:10 +0000] - [fn logger] - ["28/Nov/2017:15:51:16 +0000] - [fn logger] - [\"init paths : /news/addNews\"]"]
[28/Nov/2017:16:32:10 +0000] - [fn logger] - ["28/Nov/2017:15:51:16 +0000] - [fn logger] - [\"init paths : /gainInfo\"]"]
[28/Nov/2017:16:32:10 +0000] - [fn logger] - ["28/Nov/2017:15:51:16 +0000] - [fn logger] - [\"init paths : /\"]"]
[28/Nov/2017:16:32:10 +0000] - [fn logger] - ["28/Nov/2017:15:51:16 +0000] - [fn logger] - [\"init paths : /main\"]"]
[28/Nov/2017:16:32:10 +0000] - [fn logger] - ["28/Nov/2017:15:51:16 +0000] - [fn logger] - [\"init paths : /reloadAuth\"]"]
[28/Nov/2017:16:32:10 +0000] - [fn logger] - ["28/Nov/2017:15:51:16 +0000] - [fn logger] - [\"init paths : /filterLog\"]"]
[28/Nov/2017:16:32:10 +0000] - [fn logger] - ["28/Nov/2017:15:51:16 +0000] - [fn logger] - [\"C:\\\\Users\\\\Administrator\\\\publication\\\\public\\\\html\"]"]
[28/Nov/2017:16:32:10 +0000] - [fn logger] - ["28/Nov/2017:15:51:16 +0000] - [fn logger] - [\"filter:C:\\\\Users\\\\Administrator\\\\publication\\\\log\\\\access-20171128.log\"]"]
[28/Nov/2017:16:32:10 +0000] - [fn logger] - ["28/Nov/2017:15:51:16 +0000] - [fn logger] - [null]"]
[28/Nov/2017:16:32:10 +0000] - [fn logger] - ["::1 - - [28/Nov/2017:15:51:16 +0000] \"GET /filterLog HTTP/1.1\" 200 - \"-\" \"Mozilla/5.0 (Windows NT 6.1; WOW64) AppleWebKit/537.36 (KHTML, like Gecko) Chrome/62.0.3202.94 Safari/537.36\""]
[28/Nov/2017:16:32:10 +0000] - [fn logger] - ["28/Nov/2017:15:51:25 +0000] - [fn logger] - [\"filter:C:\\\\Users\\\\Administrator\\\\publication\\\\log\\\\access-20171128.log\"]"]
[28/Nov/2017:16:32:10 +0000] - [fn logger] - ["28/Nov/2017:15:51:25 +0000] - [fn logger] - [null]"]
[28/Nov/2017:16:32:10 +0000] - [fn logger] - ["::1 - - [28/Nov/2017:15:51:25 +0000] \"GET /filterLog HTTP/1.1\" 200 - \"-\" \"Mozilla/5.0 (Windows NT 6.1; WOW64) AppleWebKit/537.36 (KHTML, like Gecko) Chrome/62.0.3202.94 Safari/537.36\""]
[28/Nov/2017:16:32:10 +0000] - [fn logger] - ["28/Nov/2017:15:52:42 +0000] - [fn logger] - [\"filter:C:\\\\Users\\\\Administrator\\\\publication\\\\log\\\\access-20171128.log\"]"]
[28/Nov/2017:16:32:10 +0000] - [fn logger] - ["28/Nov/2017:15:52:42 +0000] - [fn logger] - [null]"]
[28/Nov/2017:16:32:10 +0000] - [fn logger] - ["::1 - - [28/Nov/2017:15:52:42 +0000] \"GET /filterLog HTTP/1.1\" 200 - \"-\" \"Mozilla/5.0 (Windows NT 6.1; WOW64) AppleWebKit/537.36 (KHTML, like Gecko) Chrome/62.0.3202.94 Safari/537.36\""]
[28/Nov/2017:16:32:10 +0000] - [fn logger] - ["28/Nov/2017:15:54:19 +0000] - [fn logger] - [\"init paths : /users/\"]"]
[28/Nov/2017:16:32:10 +0000] - [fn logger] - ["28/Nov/2017:15:54:19 +0000] - [fn logger] - [\"C:\\\\Users\\\\Administrator\\\\publication\"]"]
[28/Nov/2017:16:32:10 +0000] - [fn logger] - ["28/Nov/2017:15:54:19 +0000] - [fn logger] - [\"init paths : /users/login\"]"]
[28/Nov/2017:16:32:10 +0000] - [fn logger] - ["28/Nov/2017:15:54:19 +0000] - [fn logger] - [\"init paths : /users/logout\"]"]
[28/Nov/2017:16:32:10 +0000] - [fn logger] - ["28/Nov/2017:15:54:19 +0000] - [fn logger] - [\"init paths : /users/login\"]"]
[28/Nov/2017:16:32:10 +0000] - [fn logger] - ["28/Nov/2017:15:54:19 +0000] - [fn logger] - [\"init paths : /news/mknews\"]"]
[28/Nov/2017:16:32:10 +0000] - [fn logger] - ["28/Nov/2017:15:54:19 +0000] - [fn logger] - [\"init paths : /news/addNews\"]"]
[28/Nov/2017:16:32:10 +0000] - [fn logger] - ["28/Nov/2017:15:54:19 +0000] - [fn logger] - [\"init paths : /gainInfo\"]"]
[28/Nov/2017:16:32:10 +0000] - [fn logger] - ["28/Nov/2017:15:54:19 +0000] - [fn logger] - [\"init paths : /\"]"]
[28/Nov/2017:16:32:10 +0000] - [fn logger] - ["28/Nov/2017:15:54:19 +0000] - [fn logger] - [\"init paths : /main\"]"]
[28/Nov/2017:16:32:10 +0000] - [fn logger] - ["28/Nov/2017:15:54:19 +0000] - [fn logger] - [\"init paths : /reloadAuth\"]"]
[28/Nov/2017:16:32:10 +0000] - [fn logger] - ["28/Nov/2017:15:54:19 +0000] - [fn logger] - [\"init paths : /filterLog\"]"]
[28/Nov/2017:16:32:10 +0000] - [fn logger] - ["28/Nov/2017:15:54:19 +0000] - [fn logger] - [\"C:\\\\Users\\\\Administrator\\\\publication\\\\public\\\\html\"]"]
[28/Nov/2017:16:32:10 +0000] - [fn logger] - ["28/Nov/2017:15:54:19 +0000] - [fn logger] - [\"filter:C:\\\\Users\\\\Administrator\\\\publication\\\\log\\\\access-20171128.log\"]"]
[28/Nov/2017:16:32:10 +0000] - [fn logger] - ["28/Nov/2017:15:54:19 +0000] - [fn logger] - [null]"]
[28/Nov/2017:16:32:10 +0000] - [fn logger] - ["::1 - - [28/Nov/2017:15:54:19 +0000] \"GET /filterLog HTTP/1.1\" 200 - \"-\" \"Mozilla/5.0 (Windows NT 6.1; WOW64) AppleWebKit/537.36 (KHTML, like Gecko) Chrome/62.0.3202.94 Safari/537.36\""]
[28/Nov/2017:16:32:10 +0000] - [fn logger] - ["rst: [\"init paths : /users/\"]\n [\"C:\\\\Users\\\\Administrator\\\\publication\"]\n [\"init paths : /users/login\"]\n [\"init paths : /users/logout\"]\n [\"init paths : /users/login\"]\n [\"init paths : /news/mknews\"]\n [\"init paths : /news/addNews\"]\n [\"init paths : /gainInfo\"]\n [\"init paths : /\"]\n [\"init paths : /main\"]\n [\"init paths : /reloadAuth\"]\n [\"init paths : /filterLog\"]\n [\"C:\\\\Users\\\\Administrator\\\\publication\\\\public\\\\html\"]\n [\"filter:C:\\\\Users\\\\Administrator\\\\publication\\\\log\\\\access\n [null]\n [28/Nov/2017:15:51:16 +0000] \"GET /filterLog HTTP/1.1\" 200 \n [\"filter:C:\\\\Users\\\\Administrator\\\\publication\\\\log\\\\access\n [null]\n [28/Nov/2017:15:51:25 +0000] \"GET /filterLog HTTP/1.1\" 200 \n [\"filter:C:\\\\Users\\\\Administrator\\\\publication\\\\log\\\\access\n [null]\n [28/Nov/2017:15:52:42 +0000] \"GET /filterLog HTTP/1.1\" 200 \n [\"init paths : /users/\"]\n [\"C:\\\\Users\\\\Administrator\\\\publication\"]\n [\"init paths : /users/login\"]\n [\"init paths : /users/logout\"]\n [\"init paths : /users/login\"]\n [\"init paths : /news/mknews\"]\n [\"init paths : /news/addNews\"]\n [\"init paths : /gainInfo\"]\n [\"init paths : /\"]\n [\"init paths : /main\"]\n [\"init paths : /reloadAuth\"]\n [\"init paths : /filterLog\"]\n [\"C:\\\\Users\\\\Administrator\\\\publication\\\\public\\\\html\"]\n [\"filter:C:\\\\Users\\\\Administrator\\\\publication\\\\log\\\\access\n [null]\n [28/Nov/2017:15:54:19 +0000] \"GET /filterLog HTTP/1.1\" 200 "]
::1 - - [28/Nov/2017:16:32:10 +0000] "GET /filterLog HTTP/1.1" 200 - "-" "Mozilla/5.0 (Windows NT 6.1; WOW64) AppleWebKit/537.36 (KHTML, like Gecko) Chrome/62.0.3202.94 Safari/537.36"
[28/Nov/2017:16:32:12 +0000] - [fn logger] - ["filter:C:\\Users\\Administrator\\publication\\log\\access-20171128.log"]
[28/Nov/2017:16:32:12 +0000] - [fn logger] - [null]
[28/Nov/2017:16:32:12 +0000] - [fn logger] - ["28/Nov/2017:15:54:19 +0000"]
[28/Nov/2017:16:32:12 +0000] - [fn logger] - ["28/Nov/2017:15:51:16 +0000] - [fn logger] - [\"init paths : /users/\"]"]
[28/Nov/2017:16:32:12 +0000] - [fn logger] - ["28/Nov/2017:15:51:16 +0000] - [fn logger] - [\"C:\\\\Users\\\\Administrator\\\\publication\"]"]
[28/Nov/2017:16:32:12 +0000] - [fn logger] - ["28/Nov/2017:15:51:16 +0000] - [fn logger] - [\"init paths : /users/login\"]"]
[28/Nov/2017:16:32:12 +0000] - [fn logger] - ["28/Nov/2017:15:51:16 +0000] - [fn logger] - [\"init paths : /users/logout\"]"]
[28/Nov/2017:16:32:12 +0000] - [fn logger] - ["28/Nov/2017:15:51:16 +0000] - [fn logger] - [\"init paths : /users/login\"]"]
[28/Nov/2017:16:32:12 +0000] - [fn logger] - ["28/Nov/2017:15:51:16 +0000] - [fn logger] - [\"init paths : /news/mknews\"]"]
[28/Nov/2017:16:32:12 +0000] - [fn logger] - ["28/Nov/2017:15:51:16 +0000] - [fn logger] - [\"init paths : /news/addNews\"]"]
[28/Nov/2017:16:32:12 +0000] - [fn logger] - ["28/Nov/2017:15:51:16 +0000] - [fn logger] - [\"init paths : /gainInfo\"]"]
[28/Nov/2017:16:32:12 +0000] - [fn logger] - ["28/Nov/2017:15:51:16 +0000] - [fn logger] - [\"init paths : /\"]"]
[28/Nov/2017:16:32:12 +0000] - [fn logger] - ["28/Nov/2017:15:51:16 +0000] - [fn logger] - [\"init paths : /main\"]"]
[28/Nov/2017:16:32:12 +0000] - [fn logger] - ["28/Nov/2017:15:51:16 +0000] - [fn logger] - [\"init paths : /reloadAuth\"]"]
[28/Nov/2017:16:32:12 +0000] - [fn logger] - ["28/Nov/2017:15:51:16 +0000] - [fn logger] - [\"init paths : /filterLog\"]"]
[28/Nov/2017:16:32:12 +0000] - [fn logger] - ["28/Nov/2017:15:51:16 +0000] - [fn logger] - [\"C:\\\\Users\\\\Administrator\\\\publication\\\\public\\\\html\"]"]
[28/Nov/2017:16:32:12 +0000] - [fn logger] - ["28/Nov/2017:15:51:16 +0000] - [fn logger] - [\"filter:C:\\\\Users\\\\Administrator\\\\publication\\\\log\\\\access-20171128.log\"]"]
[28/Nov/2017:16:32:12 +0000] - [fn logger] - ["28/Nov/2017:15:51:16 +0000] - [fn logger] - [null]"]
[28/Nov/2017:16:32:12 +0000] - [fn logger] - ["::1 - - [28/Nov/2017:15:51:16 +0000] \"GET /filterLog HTTP/1.1\" 200 - \"-\" \"Mozilla/5.0 (Windows NT 6.1; WOW64) AppleWebKit/537.36 (KHTML, like Gecko) Chrome/62.0.3202.94 Safari/537.36\""]
[28/Nov/2017:16:32:12 +0000] - [fn logger] - ["28/Nov/2017:15:51:25 +0000] - [fn logger] - [\"filter:C:\\\\Users\\\\Administrator\\\\publication\\\\log\\\\access-20171128.log\"]"]
[28/Nov/2017:16:32:12 +0000] - [fn logger] - ["28/Nov/2017:15:51:25 +0000] - [fn logger] - [null]"]
[28/Nov/2017:16:32:12 +0000] - [fn logger] - ["::1 - - [28/Nov/2017:15:51:25 +0000] \"GET /filterLog HTTP/1.1\" 200 - \"-\" \"Mozilla/5.0 (Windows NT 6.1; WOW64) AppleWebKit/537.36 (KHTML, like Gecko) Chrome/62.0.3202.94 Safari/537.36\""]
[28/Nov/2017:16:32:12 +0000] - [fn logger] - ["28/Nov/2017:15:52:42 +0000] - [fn logger] - [\"filter:C:\\\\Users\\\\Administrator\\\\publication\\\\log\\\\access-20171128.log\"]"]
[28/Nov/2017:16:32:12 +0000] - [fn logger] - ["28/Nov/2017:15:52:42 +0000] - [fn logger] - [null]"]
[28/Nov/2017:16:32:12 +0000] - [fn logger] - ["::1 - - [28/Nov/2017:15:52:42 +0000] \"GET /filterLog HTTP/1.1\" 200 - \"-\" \"Mozilla/5.0 (Windows NT 6.1; WOW64) AppleWebKit/537.36 (KHTML, like Gecko) Chrome/62.0.3202.94 Safari/537.36\""]
[28/Nov/2017:16:32:12 +0000] - [fn logger] - ["28/Nov/2017:15:54:19 +0000] - [fn logger] - [\"init paths : /users/\"]"]
[28/Nov/2017:16:32:12 +0000] - [fn logger] - ["28/Nov/2017:15:54:19 +0000] - [fn logger] - [\"C:\\\\Users\\\\Administrator\\\\publication\"]"]
[28/Nov/2017:16:32:12 +0000] - [fn logger] - ["28/Nov/2017:15:54:19 +0000] - [fn logger] - [\"init paths : /users/login\"]"]
[28/Nov/2017:16:32:12 +0000] - [fn logger] - ["28/Nov/2017:15:54:19 +0000] - [fn logger] - [\"init paths : /users/logout\"]"]
[28/Nov/2017:16:32:12 +0000] - [fn logger] - ["28/Nov/2017:15:54:19 +0000] - [fn logger] - [\"init paths : /users/login\"]"]
[28/Nov/2017:16:32:12 +0000] - [fn logger] - ["28/Nov/2017:15:54:19 +0000] - [fn logger] - [\"init paths : /news/mknews\"]"]
[28/Nov/2017:16:32:12 +0000] - [fn logger] - ["28/Nov/2017:15:54:19 +0000] - [fn logger] - [\"init paths : /news/addNews\"]"]
[28/Nov/2017:16:32:12 +0000] - [fn logger] - ["28/Nov/2017:15:54:19 +0000] - [fn logger] - [\"init paths : /gainInfo\"]"]
[28/Nov/2017:16:32:12 +0000] - [fn logger] - ["28/Nov/2017:15:54:19 +0000] - [fn logger] - [\"init paths : /\"]"]
[28/Nov/2017:16:32:12 +0000] - [fn logger] - ["28/Nov/2017:15:54:19 +0000] - [fn logger] - [\"init paths : /main\"]"]
[28/Nov/2017:16:32:12 +0000] - [fn logger] - ["28/Nov/2017:15:54:19 +0000] - [fn logger] - [\"init paths : /reloadAuth\"]"]
[28/Nov/2017:16:32:12 +0000] - [fn logger] - ["28/Nov/2017:15:54:19 +0000] - [fn logger] - [\"init paths : /filterLog\"]"]
[28/Nov/2017:16:32:12 +0000] - [fn logger] - ["28/Nov/2017:15:54:19 +0000] - [fn logger] - [\"C:\\\\Users\\\\Administrator\\\\publication\\\\public\\\\html\"]"]
[28/Nov/2017:16:32:12 +0000] - [fn logger] - ["28/Nov/2017:15:54:19 +0000] - [fn logger] - [\"filter:C:\\\\Users\\\\Administrator\\\\publication\\\\log\\\\access-20171128.log\"]"]
[28/Nov/2017:16:32:12 +0000] - [fn logger] - ["28/Nov/2017:15:54:19 +0000] - [fn logger] - [null]"]
[28/Nov/2017:16:32:12 +0000] - [fn logger] - ["::1 - - [28/Nov/2017:15:54:19 +0000] \"GET /filterLog HTTP/1.1\" 200 - \"-\" \"Mozilla/5.0 (Windows NT 6.1; WOW64) AppleWebKit/537.36 (KHTML, like Gecko) Chrome/62.0.3202.94 Safari/537.36\""]
[28/Nov/2017:16:32:12 +0000] - [fn logger] - ["rst: [\"init paths : /users/\"]\n [\"C:\\\\Users\\\\Administrator\\\\publication\"]\n [\"init paths : /users/login\"]\n [\"init paths : /users/logout\"]\n [\"init paths : /users/login\"]\n [\"init paths : /news/mknews\"]\n [\"init paths : /news/addNews\"]\n [\"init paths : /gainInfo\"]\n [\"init paths : /\"]\n [\"init paths : /main\"]\n [\"init paths : /reloadAuth\"]\n [\"init paths : /filterLog\"]\n [\"C:\\\\Users\\\\Administrator\\\\publication\\\\public\\\\html\"]\n [\"filter:C:\\\\Users\\\\Administrator\\\\publication\\\\log\\\\access\n [null]\n [28/Nov/2017:15:51:16 +0000] \"GET /filterLog HTTP/1.1\" 200 \n [\"filter:C:\\\\Users\\\\Administrator\\\\publication\\\\log\\\\access\n [null]\n [28/Nov/2017:15:51:25 +0000] \"GET /filterLog HTTP/1.1\" 200 \n [\"filter:C:\\\\Users\\\\Administrator\\\\publication\\\\log\\\\access\n [null]\n [28/Nov/2017:15:52:42 +0000] \"GET /filterLog HTTP/1.1\" 200 \n [\"init paths : /users/\"]\n [\"C:\\\\Users\\\\Administrator\\\\publication\"]\n [\"init paths : /users/login\"]\n [\"init paths : /users/logout\"]\n [\"init paths : /users/login\"]\n [\"init paths : /news/mknews\"]\n [\"init paths : /news/addNews\"]\n [\"init paths : /gainInfo\"]\n [\"init paths : /\"]\n [\"init paths : /main\"]\n [\"init paths : /reloadAuth\"]\n [\"init paths : /filterLog\"]\n [\"C:\\\\Users\\\\Administrator\\\\publication\\\\public\\\\html\"]\n [\"filter:C:\\\\Users\\\\Administrator\\\\publication\\\\log\\\\access\n [null]\n [28/Nov/2017:15:54:19 +0000] \"GET /filterLog HTTP/1.1\" 200 "]
::1 - - [28/Nov/2017:16:32:12 +0000] "GET /filterLog HTTP/1.1" 200 - "-" "Mozilla/5.0 (Windows NT 6.1; WOW64) AppleWebKit/537.36 (KHTML, like Gecko) Chrome/62.0.3202.94 Safari/537.36"
[28/Nov/2017:16:33:03 +0000] - [fn logger] - ["init paths : /users/"]
[28/Nov/2017:16:33:03 +0000] - [fn logger] - ["C:\\Users\\Administrator\\publication"]
[28/Nov/2017:16:33:03 +0000] - [fn logger] - ["init paths : /users/login"]
[28/Nov/2017:16:33:03 +0000] - [fn logger] - ["init paths : /users/logout"]
[28/Nov/2017:16:33:03 +0000] - [fn logger] - ["init paths : /users/login"]
[28/Nov/2017:16:33:03 +0000] - [fn logger] - ["init paths : /news/mknews"]
[28/Nov/2017:16:33:03 +0000] - [fn logger] - ["init paths : /news/addNews"]
[28/Nov/2017:16:33:03 +0000] - [fn logger] - ["init paths : /gainInfo"]
[28/Nov/2017:16:33:03 +0000] - [fn logger] - ["init paths : /"]
[28/Nov/2017:16:33:03 +0000] - [fn logger] - ["init paths : /main"]
[28/Nov/2017:16:33:03 +0000] - [fn logger] - ["init paths : /reloadAuth"]
[28/Nov/2017:16:33:03 +0000] - [fn logger] - ["init paths : /filterLog"]
[28/Nov/2017:16:33:03 +0000] - [fn logger] - ["C:\\Users\\Administrator\\publication\\public\\html"]
[28/Nov/2017:16:33:04 +0000] - [fn logger] - ["filter:C:\\Users\\Administrator\\publication\\log\\access-20171128.log"]
[28/Nov/2017:16:33:04 +0000] - [fn logger] - [null]
[28/Nov/2017:16:33:04 +0000] - [fn logger] - ["28/Nov/2017:15:54:19 +0000"]
[28/Nov/2017:16:33:04 +0000] - [fn logger] - ["::1 - - [28/Nov/2017:15:51:16 +0000] \"GET /filterLog HTTP/1.1\" 200 - \"-\" \"Mozilla/5.0 (Windows NT 6.1; WOW64) AppleWebKit/537.36 (KHTML, like Gecko) Chrome/62.0.3202.94 Safari/537.36\""]
[28/Nov/2017:16:33:04 +0000] - [fn logger] - ["::1 - - [28/Nov/2017:15:51:25 +0000] \"GET /filterLog HTTP/1.1\" 200 - \"-\" \"Mozilla/5.0 (Windows NT 6.1; WOW64) AppleWebKit/537.36 (KHTML, like Gecko) Chrome/62.0.3202.94 Safari/537.36\""]
[28/Nov/2017:16:33:04 +0000] - [fn logger] - ["::1 - - [28/Nov/2017:15:52:42 +0000] \"GET /filterLog HTTP/1.1\" 200 - \"-\" \"Mozilla/5.0 (Windows NT 6.1; WOW64) AppleWebKit/537.36 (KHTML, like Gecko) Chrome/62.0.3202.94 Safari/537.36\""]
[28/Nov/2017:16:33:04 +0000] - [fn logger] - ["::1 - - [28/Nov/2017:15:54:19 +0000] \"GET /filterLog HTTP/1.1\" 200 - \"-\" \"Mozilla/5.0 (Windows NT 6.1; WOW64) AppleWebKit/537.36 (KHTML, like Gecko) Chrome/62.0.3202.94 Safari/537.36\""]
[28/Nov/2017:16:33:04 +0000] - [fn logger] - ["rst: [28/Nov/2017:15:51:16 +0000] \"GET /filterLog HTTP/1.1\" 200 \n [28/Nov/2017:15:51:25 +0000] \"GET /filterLog HTTP/1.1\" 200 \n [28/Nov/2017:15:52:42 +0000] \"GET /filterLog HTTP/1.1\" 200 \n [28/Nov/2017:15:54:19 +0000] \"GET /filterLog HTTP/1.1\" 200 "]
::1 - - [28/Nov/2017:16:33:04 +0000] "GET /filterLog HTTP/1.1" 200 - "-" "Mozilla/5.0 (Windows NT 6.1; WOW64) AppleWebKit/537.36 (KHTML, like Gecko) Chrome/62.0.3202.94 Safari/537.36"
[28/Nov/2017:16:35:31 +0000] - [fn logger] - ["init paths : /users/"]
[28/Nov/2017:16:35:31 +0000] - [fn logger] - ["C:\\Users\\Administrator\\publication"]
[28/Nov/2017:16:35:31 +0000] - [fn logger] - ["init paths : /users/login"]
[28/Nov/2017:16:35:31 +0000] - [fn logger] - ["init paths : /users/logout"]
[28/Nov/2017:16:35:31 +0000] - [fn logger] - ["init paths : /users/login"]
[28/Nov/2017:16:35:31 +0000] - [fn logger] - ["init paths : /news/mknews"]
[28/Nov/2017:16:35:31 +0000] - [fn logger] - ["init paths : /news/addNews"]
[28/Nov/2017:16:35:31 +0000] - [fn logger] - ["init paths : /gainInfo"]
[28/Nov/2017:16:35:31 +0000] - [fn logger] - ["init paths : /"]
[28/Nov/2017:16:35:31 +0000] - [fn logger] - ["init paths : /main"]
[28/Nov/2017:16:35:31 +0000] - [fn logger] - ["init paths : /reloadAuth"]
[28/Nov/2017:16:35:31 +0000] - [fn logger] - ["init paths : /filterLog"]
[28/Nov/2017:16:35:31 +0000] - [fn logger] - ["C:\\Users\\Administrator\\publication\\public\\html"]
[28/Nov/2017:16:35:32 +0000] - [fn logger] - ["filter:C:\\Users\\Administrator\\publication\\log\\access-20171128.log"]
[28/Nov/2017:16:35:32 +0000] - [fn logger] - [null]
[28/Nov/2017:16:35:32 +0000] - [fn logger] - ["28/Nov/2017:15:54:19 +0000"]
[28/Nov/2017:16:35:32 +0000] - [fn logger] - ["28/Nov/2017:15:51:16 +0000] - [fn logger] - [\"init paths : /users/\"]"]
[28/Nov/2017:16:35:32 +0000] - [fn logger] - ["28/Nov/2017:15:51:16 +0000] - [fn logger] - [\"C:\\\\Users\\\\Administrator\\\\publication\"]"]
[28/Nov/2017:16:35:32 +0000] - [fn logger] - ["28/Nov/2017:15:51:16 +0000] - [fn logger] - [\"init paths : /users/login\"]"]
[28/Nov/2017:16:35:32 +0000] - [fn logger] - ["28/Nov/2017:15:51:16 +0000] - [fn logger] - [\"init paths : /users/logout\"]"]
[28/Nov/2017:16:35:32 +0000] - [fn logger] - ["28/Nov/2017:15:51:16 +0000] - [fn logger] - [\"init paths : /users/login\"]"]
[28/Nov/2017:16:35:32 +0000] - [fn logger] - ["28/Nov/2017:15:51:16 +0000] - [fn logger] - [\"init paths : /news/mknews\"]"]
[28/Nov/2017:16:35:32 +0000] - [fn logger] - ["28/Nov/2017:15:51:16 +0000] - [fn logger] - [\"init paths : /news/addNews\"]"]
[28/Nov/2017:16:35:32 +0000] - [fn logger] - ["28/Nov/2017:15:51:16 +0000] - [fn logger] - [\"init paths : /gainInfo\"]"]
[28/Nov/2017:16:35:32 +0000] - [fn logger] - ["28/Nov/2017:15:51:16 +0000] - [fn logger] - [\"init paths : /\"]"]
[28/Nov/2017:16:35:32 +0000] - [fn logger] - ["28/Nov/2017:15:51:16 +0000] - [fn logger] - [\"init paths : /main\"]"]
[28/Nov/2017:16:35:32 +0000] - [fn logger] - ["28/Nov/2017:15:51:16 +0000] - [fn logger] - [\"init paths : /reloadAuth\"]"]
[28/Nov/2017:16:35:32 +0000] - [fn logger] - ["28/Nov/2017:15:51:16 +0000] - [fn logger] - [\"init paths : /filterLog\"]"]
[28/Nov/2017:16:35:32 +0000] - [fn logger] - ["28/Nov/2017:15:51:16 +0000] - [fn logger] - [\"C:\\\\Users\\\\Administrator\\\\publication\\\\public\\\\html\"]"]
[28/Nov/2017:16:35:32 +0000] - [fn logger] - ["28/Nov/2017:15:51:16 +0000] - [fn logger] - [\"filter:C:\\\\Users\\\\Administrator\\\\publication\\\\log\\\\access-20171128.log\"]"]
[28/Nov/2017:16:35:32 +0000] - [fn logger] - ["28/Nov/2017:15:51:16 +0000] - [fn logger] - [null]"]
[28/Nov/2017:16:35:32 +0000] - [fn logger] - ["1 - - [28/Nov/2017:15:51:16 +0000] \"GET /filterLog HTTP/1.1\" 200 - \"-\" \"Mozilla/5.0 (Windows NT 6.1; WOW64) AppleWebKit/537.36 (KHTML, like Gecko) Chrome/62.0.3202.94 Safari/537.36\""]
[28/Nov/2017:16:35:32 +0000] - [fn logger] - ["28/Nov/2017:15:51:25 +0000] - [fn logger] - [\"filter:C:\\\\Users\\\\Administrator\\\\publication\\\\log\\\\access-20171128.log\"]"]
[28/Nov/2017:16:35:32 +0000] - [fn logger] - ["28/Nov/2017:15:51:25 +0000] - [fn logger] - [null]"]
[28/Nov/2017:16:35:32 +0000] - [fn logger] - ["1 - - [28/Nov/2017:15:51:25 +0000] \"GET /filterLog HTTP/1.1\" 200 - \"-\" \"Mozilla/5.0 (Windows NT 6.1; WOW64) AppleWebKit/537.36 (KHTML, like Gecko) Chrome/62.0.3202.94 Safari/537.36\""]
[28/Nov/2017:16:35:32 +0000] - [fn logger] - ["28/Nov/2017:15:52:42 +0000] - [fn logger] - [\"filter:C:\\\\Users\\\\Administrator\\\\publication\\\\log\\\\access-20171128.log\"]"]
[28/Nov/2017:16:35:32 +0000] - [fn logger] - ["28/Nov/2017:15:52:42 +0000] - [fn logger] - [null]"]
[28/Nov/2017:16:35:32 +0000] - [fn logger] - ["1 - - [28/Nov/2017:15:52:42 +0000] \"GET /filterLog HTTP/1.1\" 200 - \"-\" \"Mozilla/5.0 (Windows NT 6.1; WOW64) AppleWebKit/537.36 (KHTML, like Gecko) Chrome/62.0.3202.94 Safari/537.36\""]
[28/Nov/2017:16:35:32 +0000] - [fn logger] - ["28/Nov/2017:15:54:19 +0000] - [fn logger] - [\"init paths : /users/\"]"]
[28/Nov/2017:16:35:32 +0000] - [fn logger] - ["28/Nov/2017:15:54:19 +0000] - [fn logger] - [\"C:\\\\Users\\\\Administrator\\\\publication\"]"]
[28/Nov/2017:16:35:32 +0000] - [fn logger] - ["28/Nov/2017:15:54:19 +0000] - [fn logger] - [\"init paths : /users/login\"]"]
[28/Nov/2017:16:35:32 +0000] - [fn logger] - ["28/Nov/2017:15:54:19 +0000] - [fn logger] - [\"init paths : /users/logout\"]"]
[28/Nov/2017:16:35:32 +0000] - [fn logger] - ["28/Nov/2017:15:54:19 +0000] - [fn logger] - [\"init paths : /users/login\"]"]
[28/Nov/2017:16:35:32 +0000] - [fn logger] - ["28/Nov/2017:15:54:19 +0000] - [fn logger] - [\"init paths : /news/mknews\"]"]
[28/Nov/2017:16:35:32 +0000] - [fn logger] - ["28/Nov/2017:15:54:19 +0000] - [fn logger] - [\"init paths : /news/addNews\"]"]
[28/Nov/2017:16:35:32 +0000] - [fn logger] - ["28/Nov/2017:15:54:19 +0000] - [fn logger] - [\"init paths : /gainInfo\"]"]
[28/Nov/2017:16:35:32 +0000] - [fn logger] - ["28/Nov/2017:15:54:19 +0000] - [fn logger] - [\"init paths : /\"]"]
[28/Nov/2017:16:35:32 +0000] - [fn logger] - ["28/Nov/2017:15:54:19 +0000] - [fn logger] - [\"init paths : /main\"]"]
[28/Nov/2017:16:35:32 +0000] - [fn logger] - ["28/Nov/2017:15:54:19 +0000] - [fn logger] - [\"init paths : /reloadAuth\"]"]
[28/Nov/2017:16:35:32 +0000] - [fn logger] - ["28/Nov/2017:15:54:19 +0000] - [fn logger] - [\"init paths : /filterLog\"]"]
[28/Nov/2017:16:35:32 +0000] - [fn logger] - ["28/Nov/2017:15:54:19 +0000] - [fn logger] - [\"C:\\\\Users\\\\Administrator\\\\publication\\\\public\\\\html\"]"]
[28/Nov/2017:16:35:32 +0000] - [fn logger] - ["28/Nov/2017:15:54:19 +0000] - [fn logger] - [\"filter:C:\\\\Users\\\\Administrator\\\\publication\\\\log\\\\access-20171128.log\"]"]
[28/Nov/2017:16:35:32 +0000] - [fn logger] - ["28/Nov/2017:15:54:19 +0000] - [fn logger] - [null]"]
[28/Nov/2017:16:35:32 +0000] - [fn logger] - ["1 - - [28/Nov/2017:15:54:19 +0000] \"GET /filterLog HTTP/1.1\" 200 - \"-\" \"Mozilla/5.0 (Windows NT 6.1; WOW64) AppleWebKit/537.36 (KHTML, like Gecko) Chrome/62.0.3202.94 Safari/537.36\""]
[28/Nov/2017:16:35:32 +0000] - [fn logger] - ["rst: [\"init paths : /users/\"]\n [\"C:\\\\Users\\\\Administrator\\\\publication\"]\n [\"init paths : /users/login\"]\n [\"init paths : /users/logout\"]\n [\"init paths : /users/login\"]\n [\"init paths : /news/mknews\"]\n [\"init paths : /news/addNews\"]\n [\"init paths : /gainInfo\"]\n [\"init paths : /\"]\n [\"init paths : /main\"]\n [\"init paths : /reloadAuth\"]\n [\"init paths : /filterLog\"]\n [\"C:\\\\Users\\\\Administrator\\\\publication\\\\public\\\\html\"]\n [\"filter:C:\\\\Users\\\\Administrator\\\\publication\\\\log\\\\access\n [null]\n [28/Nov/2017:15:51:16 +0000] \"GET /filterLog HTTP/1.1\" 200 \n [\"filter:C:\\\\Users\\\\Administrator\\\\publication\\\\log\\\\access\n [null]\n [28/Nov/2017:15:51:25 +0000] \"GET /filterLog HTTP/1.1\" 200 \n [\"filter:C:\\\\Users\\\\Administrator\\\\publication\\\\log\\\\access\n [null]\n [28/Nov/2017:15:52:42 +0000] \"GET /filterLog HTTP/1.1\" 200 \n [\"init paths : /users/\"]\n [\"C:\\\\Users\\\\Administrator\\\\publication\"]\n [\"init paths : /users/login\"]\n [\"init paths : /users/logout\"]\n [\"init paths : /users/login\"]\n [\"init paths : /news/mknews\"]\n [\"init paths : /news/addNews\"]\n [\"init paths : /gainInfo\"]\n [\"init paths : /\"]\n [\"init paths : /main\"]\n [\"init paths : /reloadAuth\"]\n [\"init paths : /filterLog\"]\n [\"C:\\\\Users\\\\Administrator\\\\publication\\\\public\\\\html\"]\n [\"filter:C:\\\\Users\\\\Administrator\\\\publication\\\\log\\\\access\n [null]\n [28/Nov/2017:15:54:19 +0000] \"GET /filterLog HTTP/1.1\" 200 "]
::1 - - [28/Nov/2017:16:35:32 +0000] "GET /filterLog HTTP/1.1" 200 - "-" "Mozilla/5.0 (Windows NT 6.1; WOW64) AppleWebKit/537.36 (KHTML, like Gecko) Chrome/62.0.3202.94 Safari/537.36"
[28/Nov/2017:16:35:53 +0000] - [fn logger] - ["init paths : /users/"]
[28/Nov/2017:16:35:53 +0000] - [fn logger] - ["C:\\Users\\Administrator\\publication"]
[28/Nov/2017:16:35:53 +0000] - [fn logger] - ["init paths : /users/login"]
[28/Nov/2017:16:35:53 +0000] - [fn logger] - ["init paths : /users/logout"]
[28/Nov/2017:16:35:53 +0000] - [fn logger] - ["init paths : /users/login"]
[28/Nov/2017:16:35:53 +0000] - [fn logger] - ["init paths : /news/mknews"]
[28/Nov/2017:16:35:53 +0000] - [fn logger] - ["init paths : /news/addNews"]
[28/Nov/2017:16:35:53 +0000] - [fn logger] - ["init paths : /gainInfo"]
[28/Nov/2017:16:35:53 +0000] - [fn logger] - ["init paths : /"]
[28/Nov/2017:16:35:53 +0000] - [fn logger] - ["init paths : /main"]
[28/Nov/2017:16:35:53 +0000] - [fn logger] - ["init paths : /reloadAuth"]
[28/Nov/2017:16:35:53 +0000] - [fn logger] - ["init paths : /filterLog"]
[28/Nov/2017:16:35:53 +0000] - [fn logger] - ["C:\\Users\\Administrator\\publication\\public\\html"]
[28/Nov/2017:16:36:00 +0000] - [fn logger] - ["init paths : /users/"]
[28/Nov/2017:16:36:00 +0000] - [fn logger] - ["C:\\Users\\Administrator\\publication"]
[28/Nov/2017:16:36:00 +0000] - [fn logger] - ["init paths : /users/login"]
[28/Nov/2017:16:36:00 +0000] - [fn logger] - ["init paths : /users/logout"]
[28/Nov/2017:16:36:00 +0000] - [fn logger] - ["init paths : /users/login"]
[28/Nov/2017:16:36:00 +0000] - [fn logger] - ["init paths : /news/mknews"]
[28/Nov/2017:16:36:00 +0000] - [fn logger] - ["init paths : /news/addNews"]
[28/Nov/2017:16:36:00 +0000] - [fn logger] - ["init paths : /gainInfo"]
[28/Nov/2017:16:36:00 +0000] - [fn logger] - ["init paths : /"]
[28/Nov/2017:16:36:00 +0000] - [fn logger] - ["init paths : /main"]
[28/Nov/2017:16:36:00 +0000] - [fn logger] - ["init paths : /reloadAuth"]
[28/Nov/2017:16:36:00 +0000] - [fn logger] - ["init paths : /filterLog"]
[28/Nov/2017:16:36:00 +0000] - [fn logger] - ["C:\\Users\\Administrator\\publication\\public\\html"]
[28/Nov/2017:16:36:01 +0000] - [fn logger] - ["filter:C:\\Users\\Administrator\\publication\\log\\access-20171128.log"]
[28/Nov/2017:16:36:01 +0000] - [fn logger] - [null]
[28/Nov/2017:16:36:01 +0000] - [fn logger] - [{}]
[28/Nov/2017:16:36:01 +0000] - [fn logger] - ["rst:"]
::1 - - [28/Nov/2017:16:36:01 +0000] "GET /filterLog HTTP/1.1" 200 - "-" "Mozilla/5.0 (Windows NT 6.1; WOW64) AppleWebKit/537.36 (KHTML, like Gecko) Chrome/62.0.3202.94 Safari/537.36"
[28/Nov/2017:16:36:33 +0000] - [fn logger] - ["init paths : /users/"]
[28/Nov/2017:16:36:33 +0000] - [fn logger] - ["C:\\Users\\Administrator\\publication"]
[28/Nov/2017:16:36:33 +0000] - [fn logger] - ["init paths : /users/login"]
[28/Nov/2017:16:36:33 +0000] - [fn logger] - ["init paths : /users/logout"]
[28/Nov/2017:16:36:33 +0000] - [fn logger] - ["init paths : /users/login"]
[28/Nov/2017:16:36:33 +0000] - [fn logger] - ["init paths : /news/mknews"]
[28/Nov/2017:16:36:33 +0000] - [fn logger] - ["init paths : /news/addNews"]
[28/Nov/2017:16:36:33 +0000] - [fn logger] - ["init paths : /gainInfo"]
[28/Nov/2017:16:36:33 +0000] - [fn logger] - ["init paths : /"]
[28/Nov/2017:16:36:33 +0000] - [fn logger] - ["init paths : /main"]
[28/Nov/2017:16:36:33 +0000] - [fn logger] - ["init paths : /reloadAuth"]
[28/Nov/2017:16:36:33 +0000] - [fn logger] - ["init paths : /filterLog"]
[28/Nov/2017:16:36:33 +0000] - [fn logger] - ["C:\\Users\\Administrator\\publication\\public\\html"]
[28/Nov/2017:16:36:34 +0000] - [fn logger] - ["filter:C:\\Users\\Administrator\\publication\\log\\access-20171128.log"]
[28/Nov/2017:16:36:34 +0000] - [fn logger] - [null]
[28/Nov/2017:16:36:34 +0000] - [fn logger] - [{}]
[28/Nov/2017:16:36:34 +0000] - [fn logger] - ["28/Nov/2017:15:51:16 +0000] - [fn logger] - [\"init paths : /users/\"]"]
[28/Nov/2017:16:36:34 +0000] - [fn logger] - ["28/Nov/2017:15:51:16 +0000] - [fn logger] - [\"C:\\\\Users\\\\Administrator\\\\publication\"]"]
[28/Nov/2017:16:36:34 +0000] - [fn logger] - ["28/Nov/2017:15:51:16 +0000] - [fn logger] - [\"init paths : /users/login\"]"]
[28/Nov/2017:16:36:34 +0000] - [fn logger] - ["28/Nov/2017:15:51:16 +0000] - [fn logger] - [\"init paths : /users/logout\"]"]
[28/Nov/2017:16:36:34 +0000] - [fn logger] - ["28/Nov/2017:15:51:16 +0000] - [fn logger] - [\"init paths : /users/login\"]"]
[28/Nov/2017:16:36:34 +0000] - [fn logger] - ["28/Nov/2017:15:51:16 +0000] - [fn logger] - [\"init paths : /news/mknews\"]"]
[28/Nov/2017:16:36:34 +0000] - [fn logger] - ["28/Nov/2017:15:51:16 +0000] - [fn logger] - [\"init paths : /news/addNews\"]"]
[28/Nov/2017:16:36:34 +0000] - [fn logger] - ["28/Nov/2017:15:51:16 +0000] - [fn logger] - [\"init paths : /gainInfo\"]"]
[28/Nov/2017:16:36:34 +0000] - [fn logger] - ["28/Nov/2017:15:51:16 +0000] - [fn logger] - [\"init paths : /\"]"]
[28/Nov/2017:16:36:34 +0000] - [fn logger] - ["28/Nov/2017:15:51:16 +0000] - [fn logger] - [\"init paths : /main\"]"]
[28/Nov/2017:16:36:34 +0000] - [fn logger] - ["28/Nov/2017:15:51:16 +0000] - [fn logger] - [\"init paths : /reloadAuth\"]"]
[28/Nov/2017:16:36:34 +0000] - [fn logger] - ["28/Nov/2017:15:51:16 +0000] - [fn logger] - [\"init paths : /filterLog\"]"]
[28/Nov/2017:16:36:34 +0000] - [fn logger] - ["28/Nov/2017:15:51:16 +0000] - [fn logger] - [\"C:\\\\Users\\\\Administrator\\\\publication\\\\public\\\\html\"]"]
[28/Nov/2017:16:36:34 +0000] - [fn logger] - ["28/Nov/2017:15:51:16 +0000] - [fn logger] - [\"filter:C:\\\\Users\\\\Administrator\\\\publication\\\\log\\\\access-20171128.log\"]"]
[28/Nov/2017:16:36:34 +0000] - [fn logger] - ["28/Nov/2017:15:51:16 +0000] - [fn logger] - [null]"]
[28/Nov/2017:16:36:34 +0000] - [fn logger] - ["::1 - - [28/Nov/2017:15:51:16 +0000] \"GET /filterLog HTTP/1.1\" 200 - \"-\" \"Mozilla/5.0 (Windows NT 6.1; WOW64) AppleWebKit/537.36 (KHTML, like Gecko) Chrome/62.0.3202.94 Safari/537.36\""]
[28/Nov/2017:16:36:34 +0000] - [fn logger] - ["28/Nov/2017:15:51:25 +0000] - [fn logger] - [\"filter:C:\\\\Users\\\\Administrator\\\\publication\\\\log\\\\access-20171128.log\"]"]
[28/Nov/2017:16:36:34 +0000] - [fn logger] - ["28/Nov/2017:15:51:25 +0000] - [fn logger] - [null]"]
[28/Nov/2017:16:36:34 +0000] - [fn logger] - ["::1 - - [28/Nov/2017:15:51:25 +0000] \"GET /filterLog HTTP/1.1\" 200 - \"-\" \"Mozilla/5.0 (Windows NT 6.1; WOW64) AppleWebKit/537.36 (KHTML, like Gecko) Chrome/62.0.3202.94 Safari/537.36\""]
[28/Nov/2017:16:36:34 +0000] - [fn logger] - ["28/Nov/2017:15:52:42 +0000] - [fn logger] - [\"filter:C:\\\\Users\\\\Administrator\\\\publication\\\\log\\\\access-20171128.log\"]"]
[28/Nov/2017:16:36:34 +0000] - [fn logger] - ["28/Nov/2017:15:52:42 +0000] - [fn logger] - [null]"]
[28/Nov/2017:16:36:34 +0000] - [fn logger] - ["::1 - - [28/Nov/2017:15:52:42 +0000] \"GET /filterLog HTTP/1.1\" 200 - \"-\" \"Mozilla/5.0 (Windows NT 6.1; WOW64) AppleWebKit/537.36 (KHTML, like Gecko) Chrome/62.0.3202.94 Safari/537.36\""]
[28/Nov/2017:16:36:34 +0000] - [fn logger] - ["28/Nov/2017:15:54:19 +0000] - [fn logger] - [\"init paths : /users/\"]"]
[28/Nov/2017:16:36:34 +0000] - [fn logger] - ["28/Nov/2017:15:54:19 +0000] - [fn logger] - [\"C:\\\\Users\\\\Administrator\\\\publication\"]"]
[28/Nov/2017:16:36:34 +0000] - [fn logger] - ["28/Nov/2017:15:54:19 +0000] - [fn logger] - [\"init paths : /users/login\"]"]
[28/Nov/2017:16:36:34 +0000] - [fn logger] - ["28/Nov/2017:15:54:19 +0000] - [fn logger] - [\"init paths : /users/logout\"]"]
[28/Nov/2017:16:36:34 +0000] - [fn logger] - ["28/Nov/2017:15:54:19 +0000] - [fn logger] - [\"init paths : /users/login\"]"]
[28/Nov/2017:16:36:34 +0000] - [fn logger] - ["28/Nov/2017:15:54:19 +0000] - [fn logger] - [\"init paths : /news/mknews\"]"]
[28/Nov/2017:16:36:34 +0000] - [fn logger] - ["28/Nov/2017:15:54:19 +0000] - [fn logger] - [\"init paths : /news/addNews\"]"]
[28/Nov/2017:16:36:34 +0000] - [fn logger] - ["28/Nov/2017:15:54:19 +0000] - [fn logger] - [\"init paths : /gainInfo\"]"]
[28/Nov/2017:16:36:34 +0000] - [fn logger] - ["28/Nov/2017:15:54:19 +0000] - [fn logger] - [\"init paths : /\"]"]
[28/Nov/2017:16:36:34 +0000] - [fn logger] - ["28/Nov/2017:15:54:19 +0000] - [fn logger] - [\"init paths : /main\"]"]
[28/Nov/2017:16:36:34 +0000] - [fn logger] - ["28/Nov/2017:15:54:19 +0000] - [fn logger] - [\"init paths : /reloadAuth\"]"]
[28/Nov/2017:16:36:34 +0000] - [fn logger] - ["28/Nov/2017:15:54:19 +0000] - [fn logger] - [\"init paths : /filterLog\"]"]
[28/Nov/2017:16:36:34 +0000] - [fn logger] - ["28/Nov/2017:15:54:19 +0000] - [fn logger] - [\"C:\\\\Users\\\\Administrator\\\\publication\\\\public\\\\html\"]"]
[28/Nov/2017:16:36:34 +0000] - [fn logger] - ["28/Nov/2017:15:54:19 +0000] - [fn logger] - [\"filter:C:\\\\Users\\\\Administrator\\\\publication\\\\log\\\\access-20171128.log\"]"]
[28/Nov/2017:16:36:34 +0000] - [fn logger] - ["28/Nov/2017:15:54:19 +0000] - [fn logger] - [null]"]
[28/Nov/2017:16:36:34 +0000] - [fn logger] - ["::1 - - [28/Nov/2017:15:54:19 +0000] \"GET /filterLog HTTP/1.1\" 200 - \"-\" \"Mozilla/5.0 (Windows NT 6.1; WOW64) AppleWebKit/537.36 (KHTML, like Gecko) Chrome/62.0.3202.94 Safari/537.36\""]
[28/Nov/2017:16:36:34 +0000] - [fn logger] - ["rst: [\"init paths : /users/\"]\n [\"C:\\\\Users\\\\Administrator\\\\publication\"]\n [\"init paths : /users/login\"]\n [\"init paths : /users/logout\"]\n [\"init paths : /users/login\"]\n [\"init paths : /news/mknews\"]\n [\"init paths : /news/addNews\"]\n [\"init paths : /gainInfo\"]\n [\"init paths : /\"]\n [\"init paths : /main\"]\n [\"init paths : /reloadAuth\"]\n [\"init paths : /filterLog\"]\n [\"C:\\\\Users\\\\Administrator\\\\publication\\\\public\\\\html\"]\n [\"filter:C:\\\\Users\\\\Administrator\\\\publication\\\\log\\\\access\n [null]\n [28/Nov/2017:15:51:16 +0000] \"GET /filterLog HTTP/1.1\" 200 \n [\"filter:C:\\\\Users\\\\Administrator\\\\publication\\\\log\\\\access\n [null]\n [28/Nov/2017:15:51:25 +0000] \"GET /filterLog HTTP/1.1\" 200 \n [\"filter:C:\\\\Users\\\\Administrator\\\\publication\\\\log\\\\access\n [null]\n [28/Nov/2017:15:52:42 +0000] \"GET /filterLog HTTP/1.1\" 200 \n [\"init paths : /users/\"]\n [\"C:\\\\Users\\\\Administrator\\\\publication\"]\n [\"init paths : /users/login\"]\n [\"init paths : /users/logout\"]\n [\"init paths : /users/login\"]\n [\"init paths : /news/mknews\"]\n [\"init paths : /news/addNews\"]\n [\"init paths : /gainInfo\"]\n [\"init paths : /\"]\n [\"init paths : /main\"]\n [\"init paths : /reloadAuth\"]\n [\"init paths : /filterLog\"]\n [\"C:\\\\Users\\\\Administrator\\\\publication\\\\public\\\\html\"]\n [\"filter:C:\\\\Users\\\\Administrator\\\\publication\\\\log\\\\access\n [null]\n [28/Nov/2017:15:54:19 +0000] \"GET /filterLog HTTP/1.1\" 200 "]
::1 - - [28/Nov/2017:16:36:34 +0000] "GET /filterLog HTTP/1.1" 200 - "-" "Mozilla/5.0 (Windows NT 6.1; WOW64) AppleWebKit/537.36 (KHTML, like Gecko) Chrome/62.0.3202.94 Safari/537.36"
