[28/Nov/2017:15:51:16 +0000] - [fn logger] - ["init paths : /users/"]
[28/Nov/2017:15:51:16 +0000] - [fn logger] - ["C:\\Users\\Administrator\\publication"]
[28/Nov/2017:15:51:16 +0000] - [fn logger] - ["init paths : /users/login"]
[28/Nov/2017:15:51:16 +0000] - [fn logger] - ["init paths : /users/logout"]
[28/Nov/2017:15:51:16 +0000] - [fn logger] - ["init paths : /users/login"]
[28/Nov/2017:15:51:16 +0000] - [fn logger] - ["init paths : /news/mknews"]
[28/Nov/2017:15:51:16 +0000] - [fn logger] - ["init paths : /news/addNews"]
[28/Nov/2017:15:51:16 +0000] - [fn logger] - ["init paths : /gainInfo"]
[28/Nov/2017:15:51:16 +0000] - [fn logger] - ["init paths : /"]
[28/Nov/2017:15:51:16 +0000] - [fn logger] - ["init paths : /main"]
[28/Nov/2017:15:51:16 +0000] - [fn logger] - ["init paths : /reloadAuth"]
[28/Nov/2017:15:51:16 +0000] - [fn logger] - ["init paths : /filterLog"]
[28/Nov/2017:15:51:16 +0000] - [fn logger] - ["C:\\Users\\Administrator\\publication\\public\\html"]
[28/Nov/2017:15:51:16 +0000] - [fn logger] - ["filter:C:\\Users\\Administrator\\publication\\log\\access-20171128.log"]
[28/Nov/2017:15:51:16 +0000] - [fn logger] - [null]
::1 - - [28/Nov/2017:15:51:16 +0000] "GET /filterLog HTTP/1.1" 200 - "-" "Mozilla/5.0 (Windows NT 6.1; WOW64) AppleWebKit/537.36 (KHTML, like Gecko) Chrome/62.0.3202.94 Safari/537.36"
[28/Nov/2017:15:51:25 +0000] - [fn logger] - ["filter:C:\\Users\\Administrator\\publication\\log\\access-20171128.log"]
[28/Nov/2017:15:51:25 +0000] - [fn logger] - [null]
::1 - - [28/Nov/2017:15:51:25 +0000] "GET /filterLog HTTP/1.1" 200 - "-" "Mozilla/5.0 (Windows NT 6.1; WOW64) AppleWebKit/537.36 (KHTML, like Gecko) Chrome/62.0.3202.94 Safari/537.36"
[28/Nov/2017:15:52:42 +0000] - [fn logger] - ["filter:C:\\Users\\Administrator\\publication\\log\\access-20171128.log"]
[28/Nov/2017:15:52:42 +0000] - [fn logger] - [null]
::1 - - [28/Nov/2017:15:52:42 +0000] "GET /filterLog HTTP/1.1" 200 - "-" "Mozilla/5.0 (Windows NT 6.1; WOW64) AppleWebKit/537.36 (KHTML, like Gecko) Chrome/62.0.3202.94 Safari/537.36"
[28/Nov/2017:15:54:19 +0000] - [fn logger] - ["init paths : /users/"]
[28/Nov/2017:15:54:19 +0000] - [fn logger] - ["C:\\Users\\Administrator\\publication"]
[28/Nov/2017:15:54:19 +0000] - [fn logger] - ["init paths : /users/login"]
[28/Nov/2017:15:54:19 +0000] - [fn logger] - ["init paths : /users/logout"]
[28/Nov/2017:15:54:19 +0000] - [fn logger] - ["init paths : /users/login"]
[28/Nov/2017:15:54:19 +0000] - [fn logger] - ["init paths : /news/mknews"]
[28/Nov/2017:15:54:19 +0000] - [fn logger] - ["init paths : /news/addNews"]
[28/Nov/2017:15:54:19 +0000] - [fn logger] - ["init paths : /gainInfo"]
[28/Nov/2017:15:54:19 +0000] - [fn logger] - ["init paths : /"]
[28/Nov/2017:15:54:19 +0000] - [fn logger] - ["init paths : /main"]
[28/Nov/2017:15:54:19 +0000] - [fn logger] - ["init paths : /reloadAuth"]
[28/Nov/2017:15:54:19 +0000] - [fn logger] - ["init paths : /filterLog"]
[28/Nov/2017:15:54:19 +0000] - [fn logger] - ["C:\\Users\\Administrator\\publication\\public\\html"]
[28/Nov/2017:15:54:19 +0000] - [fn logger] - ["filter:C:\\Users\\Administrator\\publication\\log\\access-20171128.log"]
[28/Nov/2017:15:54:19 +0000] - [fn logger] - [null]
::1 - - [28/Nov/2017:15:54:19 +0000] "GET /filterLog HTTP/1.1" 200 - "-" "Mozilla/5.0 (Windows NT 6.1; WOW64) AppleWebKit/537.36 (KHTML, like Gecko) Chrome/62.0.3202.94 Safari/537.36"
